INFO: 1                                                          The SAS System                         11:54 Wednesday, September 6, 2017
INFO: 
INFO: NOTE: Copyright (c) 2002-2012 by SAS Institute Inc., Cary, NC, USA.
INFO: NOTE: SAS (r) Proprietary Software 9.4 (TS1M4)
INFO: Licensed to UNIVERSITY OF ILLINOIS SYSTEM - T&R SFA, Site 70080107.
INFO: NOTE: This session is executing on the X64_10PRO  platform.
INFO: 
INFO: 
INFO: 
INFO: NOTE: Updated analytical products:
INFO: 
INFO: SAS/STAT 14.2
INFO: SAS/ETS 14.2
INFO: SAS/OR 14.2
INFO: SAS/IML 14.2
INFO: SAS/QC 14.2
INFO: 
INFO: NOTE: Additional host information:
INFO: 
INFO: X64_10PRO WIN 10.0.15063  Workstation
INFO: 
INFO: NOTE: SAS Initialization used (Total process time):
INFO: real time           0.00 seconds
INFO: cpu time            0.00 seconds
INFO: 
INFO: 1
INFO: 2          %LET SASSPPATH = C:\OCP\Sasjobs.Standalone\\Stored Procedures;
INFO: 3
INFO: 4          %global SasSpPath;
INFO: 5          options nofmterr compress = yes mprint spool notes msglevel=n linesize = 256
INFO: 6          sasautos = (sasautos "&SasSpPath.\Macros" "&SasSpPath.\Sub Macros");
INFO: 7
INFO: 8          libname user "%sysfunc(getoption(work))" ACCESS=TEMP FILELOCKWAIT=20;
INFO: NOTE: Libref USER refers to the same physical library as WORK.
INFO: NOTE: Libref USER was successfully assigned as follows:
INFO: Engine:        V9
INFO: Physical Name: C:\apps\SAS\SASUser\Peter\SAS Temporary Files\_TD8316_DESKTOP-MP8HDJJ_\Prc60
INFO: 9          %let work = user.;
INFO: 10
INFO: 11         ods path &work.templat(update)
INFO: 12             sasuser.templat(read)
INFO: 13             sashelp.tmplmst(read)
INFO: 14         ;
INFO: 15
INFO: 16         /* Path where NDAs are stored in the server */
INFO: 17         %let inputfolder=\\localhost\clinical\;
INFO: 18
INFO: 19         %PKExcludeSub;
INFO: MPRINT(SMREADMAPPINGSFROMDATASET):   data user.userData;
INFO: MPRINT(SMREADMAPPINGSFROMDATASET):   set websvc.userConfig end = eof;
INFO: MPRINT(SMREADMAPPINGSFROMDATASET):   * FROM USERCONFIG IN FILE '';
INFO: MPRINT(SMREADMAPPINGSFROMDATASET):   if Name="Username" then call symputx("UserName", dequote(value), "G");
INFO: MPRINT(SMREADMAPPINGSFROMDATASET):   if Name="ProfileName" then call symputx("ProfileName", dequote(value), "G");
INFO: MPRINT(SMREADMAPPINGSFROMDATASET):   run;
INFO: NOTE: There were 3 observations read from the data set WEBSVC.USERCONFIG.
INFO: NOTE: The data set USER.USERDATA has 3 observations and 2 variables.
INFO: NOTE: Compressing data set USER.USERDATA increased size by 100.00 percent.
INFO: Compressed is 2 pages; un-compressed would require 1 pages.
INFO: NOTE: DATA statement used (Total process time):
INFO: real time           0.01 seconds
INFO: 2                                                                                                                        The SAS System                                                                                       11:54 Wednesday, September 6, 2017
INFO: 
INFO: cpu time            0.01 seconds
INFO: 
INFO: 
INFO: User: Peter
INFO: Settings Id: Test data 9-6
INFO: MPRINT(SMREADMAPPINGSFROMDATASET):   data user.study;
INFO: MPRINT(SMREADMAPPINGSFROMDATASET):   set websvc.study end = eof;
INFO: MPRINT(SMREADMAPPINGSFROMDATASET):   * FROM STUDY IN FILE '';
INFO: MPRINT(SMREADMAPPINGSFROMDATASET):   if eof then do;
INFO: MPRINT(SMREADMAPPINGSFROMDATASET):   call symputx("StudyType", Type, "G");
INFO: MPRINT(SMREADMAPPINGSFROMDATASET):   call symputx("StudyId", StudyCode, "G");
INFO: MPRINT(SMREADMAPPINGSFROMDATASET):   call symputx("StudyDesign", Design, "G");
INFO: MPRINT(SMREADMAPPINGSFROMDATASET):   call symputx("SubmissionID", Submission, "G");
INFO: MPRINT(SMREADMAPPINGSFROMDATASET):   call symputx("SupplementNum", dequote(Supplement), "G");
INFO: MPRINT(SMREADMAPPINGSFROMDATASET):   call symputx("UseEx", UseEx, "G");
INFO: MPRINT(SMREADMAPPINGSFROMDATASET):   call symputx("UseSuppdm", UseSuppdm, "G");
INFO: MPRINT(SMREADMAPPINGSFROMDATASET):   call symputx("DisablePcCleanup", DisablePcCleanup, "G");
INFO: MPRINT(SMREADMAPPINGSFROMDATASET):   call symputx("UseCustomArms", UseCustomArms, "G");
INFO: MPRINT(SMREADMAPPINGSFROMDATASET):   call symputx("UseCustomPcVisit", UseCustomPcVisit, "G");
INFO: MPRINT(SMREADMAPPINGSFROMDATASET):   call symputx("UseCustomPcPctptnum", UseCustomPcPctptnum, "G");
INFO: MPRINT(SMREADMAPPINGSFROMDATASET):   call symputx("UseCustomPpVisit", UseCustomPpVisit, "G");
INFO: MPRINT(SMREADMAPPINGSFROMDATASET):   end;
INFO: MPRINT(SMREADMAPPINGSFROMDATASET):   run;
INFO: 
INFO: NOTE: There were 1 observations read from the data set WEBSVC.STUDY.
INFO: NOTE: The data set USER.STUDY has 1 observations and 16 variables.
INFO: NOTE: Compressing data set USER.STUDY increased size by 100.00 percent.
INFO: Compressed is 2 pages; un-compressed would require 1 pages.
INFO: NOTE: DATA statement used (Total process time):
INFO: real time           0.00 seconds
INFO: cpu time            0.00 seconds
INFO: 
INFO: 
INFO: Extracted Study Design: CROSSOVER
INFO: Extracted Study Type: UNKNOWN
INFO: Extracted Study Id: TEST002
INFO: Extracted Submission Id: DRUG000
INFO: Supplement Number: 0000
INFO: Use EX: 0
INFO: Use SUPPDM: 0
INFO: Use Custom Pc Visit: 1
INFO: Use Custom Pp Visit: 1
INFO: Use Custom Pc pctptnum: 0
INFO: MPRINT(SMREADMAPPINGSFROMDATASET):   data _null_;
INFO: MPRINT(SMREADMAPPINGSFROMDATASET):   set websvc.mapping;
INFO: MPRINT(SMREADMAPPINGSFROMDATASET):   * FROM MAPPING IN FILE '';
INFO: MPRINT(SMREADMAPPINGSFROMDATASET):   if upcase(DOMAIN)="DM" and upcase(STDMVAR)="USUBJID" then call symputx("UsubjidVar",FILEVAR,"G");
INFO: MPRINT(SMREADMAPPINGSFROMDATASET):   if upcase(DOMAIN)="DM" and upcase(STDMVAR)="ARM" then call symputx("ArmVar",FILEVAR,"G");
INFO: MPRINT(SMREADMAPPINGSFROMDATASET):   if upcase(DOMAIN)="DM" and upcase(STDMVAR)="AGE" then call symputx("AgeVar",FILEVAR,"G");
INFO: MPRINT(SMREADMAPPINGSFROMDATASET):   if upcase(DOMAIN)="DM" and upcase(STDMVAR)="SEX" then call symputx("SexVar",FILEVAR,"G");
INFO: MPRINT(SMREADMAPPINGSFROMDATASET):   if upcase(DOMAIN)="DM" and upcase(STDMVAR)="RACE" then call symputx("RaceVar",FILEVAR,"G");
INFO: MPRINT(SMREADMAPPINGSFROMDATASET):   if upcase(DOMAIN)="DM" and upcase(STDMVAR)="COUNTRY" then call symputx("CountryVar",FILEVAR,"G");
INFO: MPRINT(SMREADMAPPINGSFROMDATASET):   if upcase(DOMAIN)="DM" and upcase(STDMVAR)="ETHNIC" then call symputx("EthnicVar",FILEVAR,"G");
INFO: MPRINT(SMREADMAPPINGSFROMDATASET):   if upcase(DOMAIN)="EX" and upcase(STDMVAR)="EXTRT" then call symputx("ExTrtVar",FILEVAR,"G");
INFO: MPRINT(SMREADMAPPINGSFROMDATASET):   if upcase(DOMAIN)="EX" and upcase(STDMVAR)="EXSTDTC" then call symputx("ExStdtcVar",FILEVAR,"G");
INFO: MPRINT(SMREADMAPPINGSFROMDATASET):   if upcase(DOMAIN)="EX" and upcase(STDMVAR)="VISIT" then call symputx("ExVisitVar",FILEVAR,"G");
INFO: MPRINT(SMREADMAPPINGSFROMDATASET):   if upcase(DOMAIN)="PC" and upcase(STDMVAR)="VISIT" then call symputx("PcVisitVar",FILEVAR,"G");
INFO: MPRINT(SMREADMAPPINGSFROMDATASET):   if upcase(DOMAIN)="PC" and upcase(STDMVAR)="PCTEST" then call symputx("PCTESTVar",FILEVAR,"G");
INFO: 3                                                                                                                        The SAS System                                                                                       11:54 Wednesday, September 6, 2017
INFO: 
INFO: MPRINT(SMREADMAPPINGSFROMDATASET):   if upcase(DOMAIN)="PC" and upcase(STDMVAR)="PCSTRESN" then call symputx("PcStresnVar",FILEVAR,"G");
INFO: MPRINT(SMREADMAPPINGSFROMDATASET):   if upcase(DOMAIN)="PC" and upcase(STDMVAR)="PCTPTNUM" then call symputx("PctptnumVar",FILEVAR,"G");
INFO: MPRINT(SMREADMAPPINGSFROMDATASET):   if upcase(DOMAIN)="PP" and upcase(STDMVAR)="VISIT" then call symputx("PpVisitVar",FILEVAR,"G");
INFO: MPRINT(SMREADMAPPINGSFROMDATASET):   if upcase(DOMAIN)="PP" and upcase(STDMVAR)="PPCAT" then call symputx("PpcatVar",FILEVAR,"G");
INFO: MPRINT(SMREADMAPPINGSFROMDATASET):   if upcase(DOMAIN)="PP" and upcase(STDMVAR)="PPSTRESN" then call symputx("PpstresnVar",FILEVAR,"G");
INFO: MPRINT(SMREADMAPPINGSFROMDATASET):   if upcase(DOMAIN)="PP" and upcase(STDMVAR)="PPTESTCD" then call symputx("PptestcdVar",FILEVAR,"G");
INFO: MPRINT(SMREADMAPPINGSFROMDATASET):   run;
INFO: 
INFO: NOTE: There were 15 observations read from the data set WEBSVC.MAPPING.
INFO: NOTE: DATA statement used (Total process time):
INFO: real time           0.01 seconds
INFO: cpu time            0.01 seconds
INFO: 
INFO: 
INFO: MPRINT(SMREADMAPPINGSFROMDATASET):   data user.customDmArms;
INFO: MPRINT(SMREADMAPPINGSFROMDATASET):   set websvc.customDmArms;
INFO: MPRINT(SMREADMAPPINGSFROMDATASET):   * FROM CUSTOMDMARMS IN FILE '';
INFO: MPRINT(SMREADMAPPINGSFROMDATASET):   run;
INFO: NOTE: There were 3 observations read from the data set WEBSVC.CUSTOMDMARMS.
INFO: NOTE: The data set USER.CUSTOMDMARMS has 3 observations and 2 variables.
INFO: NOTE: Compressing data set USER.CUSTOMDMARMS increased size by 100.00 percent.
INFO: Compressed is 2 pages; un-compressed would require 1 pages.
INFO: NOTE: DATA statement used (Total process time):
INFO: real time           0.00 seconds
INFO: cpu time            0.00 seconds
INFO: 
INFO: 
INFO: MPRINT(SMREADMAPPINGSFROMDATASET):   data user.customPcVisit;
INFO: MPRINT(SMREADMAPPINGSFROMDATASET):   set websvc.customPcVisit;
INFO: MPRINT(SMREADMAPPINGSFROMDATASET):   * FROM CUSTOMPCVISIT IN FILE '';
INFO: MPRINT(SMREADMAPPINGSFROMDATASET):   run;
INFO: NOTE: There were 6 observations read from the data set WEBSVC.CUSTOMPCVISIT.
INFO: NOTE: The data set USER.CUSTOMPCVISIT has 6 observations and 2 variables.
INFO: NOTE: Compressing data set USER.CUSTOMPCVISIT increased size by 100.00 percent.
INFO: Compressed is 2 pages; un-compressed would require 1 pages.
INFO: NOTE: DATA statement used (Total process time):
INFO: real time           0.01 seconds
INFO: cpu time            0.01 seconds
INFO: 
INFO: 
INFO: MPRINT(SMREADMAPPINGSFROMDATASET):   data user.customPpVisit;
INFO: MPRINT(SMREADMAPPINGSFROMDATASET):   set websvc.customPpVisit;
INFO: MPRINT(SMREADMAPPINGSFROMDATASET):   * FROM CUSTOMPPVISIT IN FILE '';
INFO: MPRINT(SMREADMAPPINGSFROMDATASET):   run;
INFO: NOTE: There were 2 observations read from the data set WEBSVC.CUSTOMPPVISIT.
INFO: NOTE: The data set USER.CUSTOMPPVISIT has 2 observations and 2 variables.
INFO: NOTE: Compressing data set USER.CUSTOMPPVISIT increased size by 100.00 percent.
INFO: Compressed is 2 pages; un-compressed would require 1 pages.
INFO: NOTE: DATA statement used (Total process time):
INFO: real time           0.00 seconds
INFO: cpu time            0.00 seconds
INFO: 
INFO: 
INFO: MPRINT(SMREADMAPPINGSFROMDATASET):   data _null_;
INFO: MPRINT(SMREADMAPPINGSFROMDATASET):   set sashelp.vmember(where = (libname = "WEBSVC" and memtype = "DATA"));
INFO: MPRINT(SMREADMAPPINGSFROMDATASET):   if upcase(memname) = "REFERENCES" then call symput("Exist",1);
INFO: MPRINT(SMREADMAPPINGSFROMDATASET):   else call symput("Exist",0);
INFO: MPRINT(SMREADMAPPINGSFROMDATASET):   run;
INFO: 4                                                                                                                        The SAS System                                                                                       11:54 Wednesday, September 6, 2017
INFO: 
INFO: 
INFO: NOTE: Numeric values have been converted to character values at the places given by: (Line):(Column).
INFO: 19:166   19:197
INFO: MPRINT(SMREADMAPPINGSFROMDATASET):   _CLASSES_ FROM _SYSTABLES_ IN FILE '';
INFO: NOTE: There were 13 observations read from the data set SASHELP.VMEMBER.
INFO: WHERE (libname='WEBSVC') and (memtype='DATA');
INFO: NOTE: DATA statement used (Total process time):
INFO: real time           0.10 seconds
INFO: cpu time            0.09 seconds
INFO: 
INFO: 
INFO: references exist=           0
INFO: inputfolder=\\localhost\clinical\DRUG000
INFO: MPRINT(SMLISTFILESINFOLDER):   data user.dirs_found (compress=no);
INFO: MPRINT(SMLISTFILESINFOLDER):   length Root $500.;
INFO: MPRINT(SMLISTFILESINFOLDER):   root = "\\localhost\clinical\DRUG000";
INFO: MPRINT(SMLISTFILESINFOLDER):   output;
INFO: MPRINT(SMLISTFILESINFOLDER):   run;
INFO: 
INFO: NOTE: The data set USER.DIRS_FOUND has 1 observations and 1 variables.
INFO: NOTE: DATA statement used (Total process time):
INFO: real time           0.00 seconds
INFO: cpu time            0.00 seconds
INFO: 
INFO: 
INFO: MPRINT(SMLISTFILESINFOLDER):   data user.dirs_found user.files_found (compress=no);
INFO: MPRINT(SMLISTFILESINFOLDER):   keep Path FileName FileType;
INFO: MPRINT(SMLISTFILESINFOLDER):   length fref $8 Path Filename $500 FileType $16;
INFO: MPRINT(SMLISTFILESINFOLDER):   modify user.dirs_found;
INFO: MPRINT(SMLISTFILESINFOLDER):   Path = root;
INFO: MPRINT(SMLISTFILESINFOLDER):   rc = filename(fref, path);
INFO: MPRINT(SMLISTFILESINFOLDER):   if rc = 0 then do;
INFO: MPRINT(SMLISTFILESINFOLDER):   did = dopen(fref);
INFO: MPRINT(SMLISTFILESINFOLDER):   rc = filename(fref);
INFO: MPRINT(SMLISTFILESINFOLDER):   end;
INFO: MPRINT(SMLISTFILESINFOLDER):   else do;
INFO: MPRINT(SMLISTFILESINFOLDER):   length msg $500.;
INFO: MPRINT(SMLISTFILESINFOLDER):   msg = sysmsg();
INFO: MPRINT(SMLISTFILESINFOLDER):   putlog msg=;
INFO: MPRINT(SMLISTFILESINFOLDER):   did = .;
INFO: MPRINT(SMLISTFILESINFOLDER):   end;
INFO: MPRINT(SMLISTFILESINFOLDER):   if did <= 0 then do;
INFO: MPRINT(SMLISTFILESINFOLDER):   return;
INFO: MPRINT(SMLISTFILESINFOLDER):   end;
INFO: MPRINT(SMLISTFILESINFOLDER):   dnum = dnum(did);
INFO: MPRINT(SMLISTFILESINFOLDER):   do i = 1 to dnum;
INFO: MPRINT(SMLISTFILESINFOLDER):   filename = dread(did, i);
INFO: MPRINT(SMLISTFILESINFOLDER):   fid = mopen(did, filename);
INFO: MPRINT(SMLISTFILESINFOLDER):   if fid > 0 then do;
INFO: MPRINT(SMLISTFILESINFOLDER):   FileType = prxchange('s/.*\.{1,1}(.*)/$1/', 1, filename);
INFO: MPRINT(SMLISTFILESINFOLDER):   if filename = filetype then filetype = ' ';
INFO: MPRINT(SMLISTFILESINFOLDER):   output user.files_found;
INFO: MPRINT(SMLISTFILESINFOLDER):   end;
INFO: MPRINT(SMLISTFILESINFOLDER):   else do;
INFO: MPRINT(SMLISTFILESINFOLDER):   root = catt(path, "\", filename);
INFO: MPRINT(SMLISTFILESINFOLDER):   output user.dirs_found;
INFO: MPRINT(SMLISTFILESINFOLDER):   end;
INFO: MPRINT(SMLISTFILESINFOLDER):   end;
INFO: 5                                                                                                                        The SAS System                                                                                       11:54 Wednesday, September 6, 2017
INFO: 
INFO: MPRINT(SMLISTFILESINFOLDER):   rc = dclose(did);
INFO: MPRINT(SMLISTFILESINFOLDER):   run;
INFO: 
INFO: NOTE: The data set USER.DIRS_FOUND has been updated.  There were 0 observations rewritten, 9 observations added and 0 observations deleted.
INFO: NOTE: The data set USER.FILES_FOUND has 8 observations and 3 variables.
INFO: NOTE: DATA statement used (Total process time):
INFO: real time           0.06 seconds
INFO: cpu time            0.06 seconds
INFO: 
INFO: 
INFO: MPRINT(SMLISTFILESINFOLDER):   data user.files(rename = (root = path));
INFO: MPRINT(SMLISTFILESINFOLDER):   set user.dirs_found;
INFO: MPRINT(SMLISTFILESINFOLDER):   run;
INFO: 
INFO: NOTE: There were 10 observations read from the data set USER.DIRS_FOUND.
INFO: NOTE: The data set USER.FILES has 10 observations and 1 variables.
INFO: NOTE: Compressing data set USER.FILES increased size by 100.00 percent.
INFO: Compressed is 2 pages; un-compressed would require 1 pages.
INFO: NOTE: DATA statement used (Total process time):
INFO: real time           0.00 seconds
INFO: cpu time            0.00 seconds
INFO: 
INFO: 
INFO: MPRINT(SMREADMAPPINGSFROMDATASET):  ;
INFO: MPRINT(SMREADMAPPINGSFROMDATASET):   ** Get the path to the datasets **;
INFO: MPRINT(SMREADMAPPINGSFROMDATASET):   data _null_;
INFO: MPRINT(SMREADMAPPINGSFROMDATASET):   set user.files end = eof;
INFO: MPRINT(SMREADMAPPINGSFROMDATASET):   if scan(upcase(path), -1, "\") = "TEST002" then do;
INFO: MPRINT(SMREADMAPPINGSFROMDATASET):   call symputx("DatasetPath", substr(path, 1, length(path) - length("TEST002") - 1));
INFO: MPRINT(SMREADMAPPINGSFROMDATASET):   stop;
INFO: MPRINT(SMREADMAPPINGSFROMDATASET):   end;
INFO: MPRINT(SMREADMAPPINGSFROMDATASET):   run;
INFO: 
INFO: NOTE: There were 7 observations read from the data set USER.FILES.
INFO: NOTE: DATA statement used (Total process time):
INFO: real time           0.01 seconds
INFO: cpu time            0.01 seconds
INFO: 
INFO: 
INFO: DatasetPath = \\localhost\clinical\DRUG000\0000\m5\datasets
INFO: DataSetPath = \\localhost\clinical\DRUG000\0000\m5\datasets
INFO: StudyId = TEST002
INFO: Continue? - success
INFO: InputDm = \\localhost\clinical\DRUG000\0000\m5\datasets\TEST002\tabulations\sdtm\dm.xpt
INFO: InputPc = \\localhost\clinical\DRUG000\0000\m5\datasets\TEST002\tabulations\sdtm\pc.xpt
INFO: InputPp = \\localhost\clinical\DRUG000\0000\m5\datasets\TEST002\tabulations\sdtm\pp.xpt
INFO: InputEx = \\localhost\clinical\DRUG000\0000\m5\datasets\TEST002\tabulations\sdtm\ex.xpt
INFO: InputEx = \\localhost\clinical\DRUG000\0000\m5\datasets\TEST002\tabulations\sdtm\suppdm.xpt
INFO: InputEx = \\localhost\clinical\DRUG000\0000\m5\datasets\TEST002\tabulations\sdtm\sc.xpt
INFO: MPRINT(SMREADMAPPINGSFROMDATASET):  ;
INFO: DM file path = \\localhost\clinical\DRUG000\0000\m5\datasets\TEST002\tabulations\sdtm\dm.xpt
INFO: EX file path = \\localhost\clinical\DRUG000\0000\m5\datasets\TEST002\tabulations\sdtm\ex.xpt
INFO: PC file path = \\localhost\clinical\DRUG000\0000\m5\datasets\TEST002\tabulations\sdtm\pc.xpt
INFO: PP file path = \\localhost\clinical\DRUG000\0000\m5\datasets\TEST002\tabulations\sdtm\pp.xpt
INFO: UsubjidVar = USUBJID
INFO: ArmVar = ARM
INFO: AgeVar = AGE
INFO: SexVar = SEX
INFO: 6                                                                                                                        The SAS System                                                                                       11:54 Wednesday, September 6, 2017
INFO: 
INFO: CountryVar = COUNTRY
INFO: RaceVar = RACE
INFO: EthnicVar =
INFO: ExTrtVar =
INFO: ExVisitVar =
INFO: ExStdtcVar =
INFO: PcstresnVar = PCSTRESN
INFO: PcVisitVar = VISIT
INFO: PctptnumVar = PCTPT
INFO: PpstresnVar = PPSTRESN
INFO: PpVisitVar = VISIT
INFO: PpcatVar = PPCAT
INFO: PptestcdVar = PPTESTCD
INFO: PpSpecimenVar = PPSPEC
INFO: PcSpecimenVar = PCSPEC
INFO: MPRINT(PKEXCLUDESUB):  ;
INFO: MPRINT(SMREADREPORTSETTINGSFROMDATASET):   data _null_;
INFO: MPRINT(SMREADREPORTSETTINGSFROMDATASET):   set websvc.reportConfig end = eof;
INFO: MPRINT(SMREADREPORTSETTINGSFROMDATASET):   * FROM REPORTCONFIG IN FILE '';
INFO: MPRINT(SMREADREPORTSETTINGSFROMDATASET):   if Name="Name" then call symputx("ReportFolder", value, "G");
INFO: MPRINT(SMREADREPORTSETTINGSFROMDATASET):   run;
INFO: NOTE: There were 1 observations read from the data set WEBSVC.REPORTCONFIG.
INFO: NOTE: DATA statement used (Total process time):
INFO: real time           0.00 seconds
INFO: cpu time            0.00 seconds
INFO: 
INFO: 
INFO: MPRINT(SMREADREPORTSETTINGSFROMDATASET):   data user.references;
INFO: MPRINT(SMREADREPORTSETTINGSFROMDATASET):   set websvc.references;
INFO: MPRINT(SMREADREPORTSETTINGSFROMDATASET):   * FROM REFERENCES IN FILE '';
INFO: MPRINT(SMREADREPORTSETTINGSFROMDATASET):   run;
INFO: NOTE: There were 1 observations read from the data set WEBSVC.REFERENCES.
INFO: NOTE: The data set USER.REFERENCES has 1 observations and 3 variables.
INFO: NOTE: Compressing data set USER.REFERENCES increased size by 100.00 percent.
INFO: Compressed is 2 pages; un-compressed would require 1 pages.
INFO: NOTE: DATA statement used (Total process time):
INFO: real time           0.01 seconds
INFO: cpu time            0.01 seconds
INFO: 
INFO: 
INFO: MPRINT(SMREADREPORTSETTINGSFROMDATASET):   data user.parameter;
INFO: MPRINT(SMREADREPORTSETTINGSFROMDATASET):   set websvc.parameter;
INFO: MPRINT(SMREADREPORTSETTINGSFROMDATASET):   * FROM PARAMETER IN FILE '';
INFO: MPRINT(SMREADREPORTSETTINGSFROMDATASET):   run;
INFO: NOTE: Compression was disabled for data set USER.PARAMETER because compression overhead would increase the size of the data set.
INFO: NOTE: There were 3 observations read from the data set WEBSVC.PARAMETER.
INFO: NOTE: The data set USER.PARAMETER has 3 observations and 1 variables.
INFO: NOTE: DATA statement used (Total process time):
INFO: real time           0.00 seconds
INFO: cpu time            0.00 seconds
INFO: 
INFO: 
INFO: MPRINT(SMREADREPORTSETTINGSFROMDATASET):   data user.analyte;
INFO: MPRINT(SMREADREPORTSETTINGSFROMDATASET):   set websvc.analyte;
INFO: MPRINT(SMREADREPORTSETTINGSFROMDATASET):   * FROM ANALYTE IN FILE '';
INFO: MPRINT(SMREADREPORTSETTINGSFROMDATASET):   run;
INFO: NOTE: Compression was disabled for data set USER.ANALYTE because compression overhead would increase the size of the data set.
INFO: NOTE: There were 1 observations read from the data set WEBSVC.ANALYTE.
INFO: 7                                                                                                                        The SAS System                                                                                       11:54 Wednesday, September 6, 2017
INFO: 
INFO: NOTE: The data set USER.ANALYTE has 1 observations and 1 variables.
INFO: NOTE: DATA statement used (Total process time):
INFO: real time           0.00 seconds
INFO: cpu time            0.00 seconds
INFO: 
INFO: 
INFO: MPRINT(SMREADREPORTSETTINGSFROMDATASET):   data user.method;
INFO: MPRINT(SMREADREPORTSETTINGSFROMDATASET):   set websvc.method;
INFO: MPRINT(SMREADREPORTSETTINGSFROMDATASET):   * FROM METHOD IN FILE '';
INFO: MPRINT(SMREADREPORTSETTINGSFROMDATASET):   run;
INFO: NOTE: Compression was disabled for data set USER.METHOD because compression overhead would increase the size of the data set.
INFO: NOTE: There were 1 observations read from the data set WEBSVC.METHOD.
INFO: NOTE: The data set USER.METHOD has 1 observations and 1 variables.
INFO: NOTE: DATA statement used (Total process time):
INFO: real time           0.01 seconds
INFO: cpu time            0.01 seconds
INFO: 
INFO: 
INFO: MPRINT(SMREADREPORTSETTINGSFROMDATASET):   data user.sort;
INFO: MPRINT(SMREADREPORTSETTINGSFROMDATASET):   set websvc.sort;
INFO: MPRINT(SMREADREPORTSETTINGSFROMDATASET):   * FROM SORT IN FILE '';
INFO: MPRINT(SMREADREPORTSETTINGSFROMDATASET):   run;
INFO: NOTE: There were 3 observations read from the data set WEBSVC.SORT.
INFO: NOTE: The data set USER.SORT has 3 observations and 2 variables.
INFO: NOTE: Compressing data set USER.SORT increased size by 100.00 percent.
INFO: Compressed is 2 pages; un-compressed would require 1 pages.
INFO: NOTE: DATA statement used (Total process time):
INFO: real time           0.00 seconds
INFO: cpu time            0.00 seconds
INFO: 
INFO: 
INFO: MPRINT(SMREADREPORTSETTINGSFROMDATASET):   data _null_;
INFO: MPRINT(SMREADREPORTSETTINGSFROMDATASET):   set user.sort end = eof;
INFO: MPRINT(SMREADREPORTSETTINGSFROMDATASET):   if Level="files" then call symputx("SortFiles", sortOrder, "G");
INFO: MPRINT(SMREADREPORTSETTINGSFROMDATASET):   run;
INFO: 
INFO: NOTE: There were 3 observations read from the data set USER.SORT.
INFO: NOTE: DATA statement used (Total process time):
INFO: real time           0.00 seconds
INFO: cpu time            0.00 seconds
INFO: 
INFO: 
INFO: MPRINT(SMREADREPORTSETTINGSFROMDATASET):   * created on 06/21/2015 macrovar: cohort, reference, parameteres;
INFO: MPRINT(SMREADREPORTSETTINGSFROMDATASET):   *use ORDER BY for listing references- FIX ME (genreate warning may need fix);
INFO: MPRINT(SMREADREPORTSETTINGSFROMDATASET):   *onetable or by cohort? cohort, reference, parameters,analyte, method;
INFO: MPRINT(SMREADREPORTSETTINGSFROMDATASET):   proc sql noprint;
INFO: MPRINT(SMREADREPORTSETTINGSFROMDATASET):   select distinct cohort into: cohort_sel separated by "$" from user.references;
INFO: MPRINT(SMREADREPORTSETTINGSFROMDATASET):   select distinct reference into :ref_sel separated by "$" from user.references order by cohort;
WARNING: WARNING: The query as specified involves ordering by an item that doesn't appear in its SELECT clause. Since you are ordering the output of a SELECT DISTINCT it may appear that some duplicates have not been eliminated.
INFO: MPRINT(SMREADREPORTSETTINGSFROMDATASET):   select distinct analyte into :anal_sel separated by "$" from user.analyte;
INFO: MPRINT(SMREADREPORTSETTINGSFROMDATASET):   select distinct parameter into :param_sel separated by "$" from user.parameter;
INFO: MPRINT(SMREADREPORTSETTINGSFROMDATASET):   select distinct method into :method_sel separated by "$" from user.method;
INFO: MPRINT(SMREADREPORTSETTINGSFROMDATASET):   quit;
INFO: NOTE: PROCEDURE SQL used (Total process time):
INFO: real time           0.00 seconds
INFO: cpu time            0.00 seconds
INFO: 
INFO: 
INFO: 8                                                                                                                        The SAS System                                                                                       11:54 Wednesday, September 6, 2017
INFO: 
INFO: cohort_sel=FASTED-FED
INFO: ref_sel=FASTED
INFO: anal_sel=DRUG X
INFO: param_sel=AUC$AUC0_T$CMAX
INFO: method_sel=paired
INFO: sortfiles=
INFO: MPRINT(SMREADREPORTSETTINGSFROMDATASET):   proc transpose data=user.sort out=user.sortt;
INFO: MPRINT(SMREADREPORTSETTINGSFROMDATASET):   var sortorder;
INFO: MPRINT(SMREADREPORTSETTINGSFROMDATASET):   run;
INFO: 
INFO: NOTE: There were 3 observations read from the data set USER.SORT.
INFO: NOTE: The data set USER.SORTT has 1 observations and 5 variables.
INFO: NOTE: Compressing data set USER.SORTT increased size by 100.00 percent.
INFO: Compressed is 2 pages; un-compressed would require 1 pages.
INFO: NOTE: PROCEDURE TRANSPOSE used (Total process time):
INFO: real time           0.01 seconds
INFO: cpu time            0.01 seconds
INFO: 
INFO: 
INFO: MPRINT(SMREADREPORTSETTINGSFROMDATASET):   data user.sortt( keep=COL3 COL2 COL1 _NAME_ rename= (COL3=columns COL2=folders COL1=files _NAME_=LEVEL));
INFO: MPRINT(SMREADREPORTSETTINGSFROMDATASET):   set user.sortt;
INFO: MPRINT(SMREADREPORTSETTINGSFROMDATASET):   run;
INFO: 
INFO: NOTE: There were 1 observations read from the data set USER.SORTT.
INFO: NOTE: The data set USER.SORTT has 1 observations and 4 variables.
INFO: NOTE: Compressing data set USER.SORTT increased size by 100.00 percent.
INFO: Compressed is 2 pages; un-compressed would require 1 pages.
INFO: NOTE: DATA statement used (Total process time):
INFO: real time           0.00 seconds
INFO: cpu time            0.00 seconds
INFO: 
INFO: 
INFO: MPRINT(SMREADREPORTSETTINGSFROMDATASET):   data user.sortt;
INFO: MPRINT(SMREADREPORTSETTINGSFROMDATASET):   set user.sortt;
INFO: MPRINT(SMREADREPORTSETTINGSFROMDATASET):   columns=TRANWRD(columns,",", "@");
INFO: MPRINT(SMREADREPORTSETTINGSFROMDATASET):   run;
INFO: 
INFO: NOTE: There were 1 observations read from the data set USER.SORTT.
INFO: NOTE: The data set USER.SORTT has 1 observations and 4 variables.
INFO: NOTE: Compressing data set USER.SORTT increased size by 100.00 percent.
INFO: Compressed is 2 pages; un-compressed would require 1 pages.
INFO: NOTE: DATA statement used (Total process time):
INFO: real time           0.00 seconds
INFO: cpu time            0.00 seconds
INFO: 
INFO: 
INFO: MPRINT(SMREADREPORTSETTINGSFROMDATASET):   proc sql noprint;
INFO: MPRINT(SMREADREPORTSETTINGSFROMDATASET):   select distinct columns into: sort_list from user.sortt;
INFO: MPRINT(SMREADREPORTSETTINGSFROMDATASET):   quit;
INFO: NOTE: PROCEDURE SQL used (Total process time):
INFO: real time           0.00 seconds
INFO: cpu time            0.00 seconds
INFO: 
INFO: 
INFO: sort_list=analyte@comparison@parameter@cohort
INFO: MPRINT(PKEXCLUDESUB):  ;
INFO: OutputFolder=C:\OCP\Sasjobs.Standalone\\Stored Procedures\Output Files\PKView\Peter\Test data 9-6\DRUG000\0000
INFO: MPRINT(PKEXCLUDESUB):   libname result "C:\OCP\Sasjobs.Standalone\\Stored Procedures\Output Files\PKView\Peter\Test data 9-6\DRUG000\0000\TEST002\estimates";
INFO: 9                                                                                                                        The SAS System                                                                                       11:54 Wednesday, September 6, 2017
INFO: 
INFO: NOTE: Libref RESULT was successfully assigned as follows:
INFO: Engine:        V9
INFO: Physical Name: C:\OCP\Sasjobs.Standalone\\Stored Procedures\Output Files\PKView\Peter\Test data 9-6\DRUG000\0000\TEST002\estimates
INFO: AnalyteVar=PPCAT
INFO: ParameterVar=PPTESTCD
INFO: MPRINT(PKEXCLUDESUB):   data result.IndividualPkStats;
INFO: MPRINT(PKEXCLUDESUB):   set result.IndividualPkStats;
INFO: MPRINT(PKEXCLUDESUB):   OrgPPSTRESN=exp(PPSTRESN);
INFO: MPRINT(PKEXCLUDESUB):   run;
INFO: 
INFO: NOTE: There were 80 observations read from the data set RESULT.INDIVIDUALPKSTATS.
INFO: NOTE: The data set RESULT.INDIVIDUALPKSTATS has 80 observations and 23 variables.
INFO: NOTE: Compressing data set RESULT.INDIVIDUALPKSTATS decreased size by 33.33 percent.
INFO: Compressed is 2 pages; un-compressed would require 3 pages.
INFO: NOTE: DATA statement used (Total process time):
INFO: real time           0.00 seconds
INFO: cpu time            0.00 seconds
INFO: 
INFO: 
INFO: MPRINT(PKEXCLUDESUB):   data _null_;
INFO: MPRINT(PKEXCLUDESUB):   set websvc.excludesubject;
INFO: MPRINT(PKEXCLUDESUB):   * FROM EXCLUDESUBJECT IN FILE '';
INFO: MPRINT(PKEXCLUDESUB):   call symput("times1",SMALLTHANEXCLUDESD);
INFO: MPRINT(PKEXCLUDESUB):   call symput("times2",BIGTHANEXCLUDESD);
INFO: MPRINT(PKEXCLUDESUB):   call symput("p1",ExcludeParameters1);
INFO: MPRINT(PKEXCLUDESUB):   call symput("p2",ExcludeParameters2);
INFO: MPRINT(PKEXCLUDESUB):   call symput("percent",percent);
INFO: MPRINT(PKEXCLUDESUB):   run;
INFO: 
INFO: NOTE: Numeric values have been converted to character values at the places given by: (Line):(Column).
INFO: 19:161   19:203   19:83
INFO: NOTE: There were 1 observations read from the data set WEBSVC.EXCLUDESUBJECT.
INFO: NOTE: DATA statement used (Total process time):
INFO: real time           0.00 seconds
INFO: cpu time            0.00 seconds
INFO: 
INFO: 
INFO: SMALLTHANEXCLUDESD=           0
INFO: BIGTHANEXCLUDESD=           0
INFO: excludeparameters1=AUC
INFO: excludeparameters=AUC0_T
INFO: percent=         120
INFO: SMALLTHANEXCLUDESD=.
INFO: BIGTHANEXCLUDESD=.
INFO: percent2=         120
INFO: user input data to exclude subject
INFO: MPRINT(PKEXCLUDESUB):   data SelectedSubPK_1_1_1;
INFO: MPRINT(PKEXCLUDESUB):   set result.individualpkstats (where = ( CohortDescription = "FASTED-FED" and PPCAT ="DRUG X" and PPTESTCD = "AUC" ));
INFO: MPRINT(PKEXCLUDESUB):   run;
INFO: 
INFO: NOTE: There were 16 observations read from the data set RESULT.INDIVIDUALPKSTATS.
INFO: WHERE (CohortDescription='FASTED-FED') and (PPCAT='DRUG X') and (PPTESTCD='AUC');
INFO: NOTE: The data set USER.SELECTEDSUBPK_1_1_1 has 16 observations and 23 variables.
INFO: NOTE: Compressing data set USER.SELECTEDSUBPK_1_1_1 increased size by 100.00 percent.
INFO: Compressed is 2 pages; un-compressed would require 1 pages.
INFO: NOTE: DATA statement used (Total process time):
INFO: real time           0.01 seconds
INFO: cpu time            0.01 seconds
INFO: 10                                                                                                                       The SAS System                                                                                       11:54 Wednesday, September 6, 2017
INFO: 
INFO: 
INFO: 
INFO: SelectCohort=FASTED-FED
INFO: SelectAnalyte=DRUG X
INFO: SelectParameter=AUC$AUC0_T$CMAX
INFO: MPRINT(PKEXCLUDESUB):   proc sort data=SelectedSubPK_1_1_1;
INFO: MPRINT(PKEXCLUDESUB):   by cohortnumber PPCAT PPTESTCD treatmentinperiodtext ;
INFO: MPRINT(PKEXCLUDESUB):   run;
INFO: 
INFO: NOTE: There were 16 observations read from the data set USER.SELECTEDSUBPK_1_1_1.
INFO: NOTE: The data set USER.SELECTEDSUBPK_1_1_1 has 16 observations and 23 variables.
INFO: NOTE: Compressing data set USER.SELECTEDSUBPK_1_1_1 increased size by 100.00 percent.
INFO: Compressed is 2 pages; un-compressed would require 1 pages.
INFO: NOTE: PROCEDURE SORT used (Total process time):
INFO: real time           0.00 seconds
INFO: cpu time            0.00 seconds
INFO: 
INFO: 
INFO: PPCAT PPTESTCD
INFO: MPRINT(PKEXCLUDESUB):   proc summary data=SelectedSubPK_1_1_1 ;
INFO: MPRINT(PKEXCLUDESUB):   by cohortnumber PPCAT PPTESTCD treatmentinperiodtext ;
INFO: MPRINT(PKEXCLUDESUB):   var OrgPPSTRESN;
INFO: MPRINT(PKEXCLUDESUB):   output out=StatsPK_1_1_1 std=std mean=mean;
INFO: MPRINT(PKEXCLUDESUB):   run;
INFO: 
INFO: NOTE: There were 16 observations read from the data set USER.SELECTEDSUBPK_1_1_1.
INFO: NOTE: The data set USER.STATSPK_1_1_1 has 2 observations and 8 variables.
INFO: NOTE: Compressing data set USER.STATSPK_1_1_1 increased size by 100.00 percent.
INFO: Compressed is 2 pages; un-compressed would require 1 pages.
INFO: NOTE: PROCEDURE SUMMARY used (Total process time):
INFO: real time           0.00 seconds
INFO: cpu time            0.00 seconds
INFO: 
INFO: 
INFO: MPRINT(PKEXCLUDESUB):   proc sql;
INFO: MPRINT(PKEXCLUDESUB):   create table mergesubstd_1_1_1 as select a.cohortnumber, a.PPCAT , a.PPTESTCD, a.treatmentinperiodtext, b.std, b.mean, CohortDescription, USUBJID,combination,PPSTRESN, OrgPPSTRESN from SelectedSubPK_1_1_1 as a left join
INFO: StatsPK_1_1_1 as b on a.cohortnumber=b.cohortnumber and a.PPCAT=b.PPCAT and a.PPTESTCD=b.PPTESTCD and a.treatmentinperiodtext=b.treatmentinperiodtext;
INFO: NOTE: Compressing data set USER.MERGESUBSTD_1_1_1 increased size by 100.00 percent.
INFO: Compressed is 2 pages; un-compressed would require 1 pages.
INFO: NOTE: Table USER.MERGESUBSTD_1_1_1 created, with 16 rows and 11 columns.
INFO: 
INFO: MPRINT(PKEXCLUDESUB):   quit;
INFO: NOTE: PROCEDURE SQL used (Total process time):
INFO: real time           0.01 seconds
INFO: cpu time            0.01 seconds
INFO: 
INFO: 
INFO: p1 p2 and percent must not be null
INFO: MPRINT(PKEXCLUDESUB):   data criteria2_1_1_1;
INFO: MPRINT(PKEXCLUDESUB):   set result.individualpkstats(where=(PPTESTCD="AUC" or PPTESTCD="AUC0_T"));
INFO: MPRINT(PKEXCLUDESUB):   run;
INFO: 
INFO: NOTE: There were 32 observations read from the data set RESULT.INDIVIDUALPKSTATS.
INFO: WHERE PPTESTCD in ('AUC', 'AUC0_T');
INFO: NOTE: The data set USER.CRITERIA2_1_1_1 has 32 observations and 23 variables.
INFO: NOTE: Compressing data set USER.CRITERIA2_1_1_1 increased size by 100.00 percent.
INFO: Compressed is 2 pages; un-compressed would require 1 pages.
INFO: NOTE: DATA statement used (Total process time):
INFO: 11                                                                                                                       The SAS System                                                                                       11:54 Wednesday, September 6, 2017
INFO: 
INFO: real time           0.00 seconds
INFO: cpu time            0.00 seconds
INFO: 
INFO: 
INFO: MPRINT(PKEXCLUDESUB):   proc sort data=criteria2_1_1_1 ;
INFO: MPRINT(PKEXCLUDESUB):   by usubjid cohortdescription PPCAT treatmentinperiodtext;
INFO: MPRINT(PKEXCLUDESUB):   run;
INFO: 
INFO: NOTE: There were 32 observations read from the data set USER.CRITERIA2_1_1_1.
INFO: NOTE: The data set USER.CRITERIA2_1_1_1 has 32 observations and 23 variables.
INFO: NOTE: Compressing data set USER.CRITERIA2_1_1_1 increased size by 100.00 percent.
INFO: Compressed is 2 pages; un-compressed would require 1 pages.
INFO: NOTE: PROCEDURE SORT used (Total process time):
INFO: real time           0.00 seconds
INFO: cpu time            0.00 seconds
INFO: 
INFO: 
INFO: MPRINT(PKEXCLUDESUB):   proc transpose data=criteria2_1_1_1 out=widecriteria2_1_1_1 LET;
INFO: MPRINT(PKEXCLUDESUB):   by usubjid cohortdescription PPCAT treatmentinperiodtext;
INFO: MPRINT(PKEXCLUDESUB):   var Orgppstresn ;
INFO: MPRINT(PKEXCLUDESUB):   id PPTESTCD;
INFO: MPRINT(PKEXCLUDESUB):   run;
INFO: 
INFO: NOTE: There were 32 observations read from the data set USER.CRITERIA2_1_1_1.
INFO: NOTE: The data set USER.WIDECRITERIA2_1_1_1 has 16 observations and 7 variables.
INFO: NOTE: Compressing data set USER.WIDECRITERIA2_1_1_1 increased size by 100.00 percent.
INFO: Compressed is 2 pages; un-compressed would require 1 pages.
INFO: NOTE: PROCEDURE TRANSPOSE used (Total process time):
INFO: real time           0.01 seconds
INFO: cpu time            0.01 seconds
INFO: 
INFO: 
INFO: MPRINT(PKEXCLUDESUB):   data widecriteria2_1_1_1;
INFO: MPRINT(PKEXCLUDESUB):   set widecriteria2_1_1_1;
INFO: MPRINT(PKEXCLUDESUB):   AUCI_AUCT=AUC/AUC0_T;
INFO: MPRINT(PKEXCLUDESUB):   if AUCI_AUCT> 120/100 then Decision="remove";
INFO: MPRINT(PKEXCLUDESUB):   run;
INFO: 
INFO: NOTE: There were 16 observations read from the data set USER.WIDECRITERIA2_1_1_1.
INFO: NOTE: The data set USER.WIDECRITERIA2_1_1_1 has 16 observations and 9 variables.
INFO: NOTE: Compressing data set USER.WIDECRITERIA2_1_1_1 increased size by 100.00 percent.
INFO: Compressed is 2 pages; un-compressed would require 1 pages.
INFO: NOTE: DATA statement used (Total process time):
INFO: real time           0.00 seconds
INFO: cpu time            0.00 seconds
INFO: 
INFO: 
INFO: MPRINT(PKEXCLUDESUB):   data widecriteria2_1_1_1;
INFO: MPRINT(PKEXCLUDESUB):   set widecriteria2_1_1_1;
INFO: MPRINT(PKEXCLUDESUB):   where Decision="remove";
INFO: MPRINT(PKEXCLUDESUB):   drop _NAME_ AUCI_AUCT Decision;
INFO: MPRINT(PKEXCLUDESUB):   run;
INFO: 
INFO: NOTE: There were 0 observations read from the data set USER.WIDECRITERIA2_1_1_1.
INFO: WHERE Decision='remove';
INFO: NOTE: The data set USER.WIDECRITERIA2_1_1_1 has 0 observations and 6 variables.
INFO: NOTE: DATA statement used (Total process time):
INFO: real time           0.00 seconds
INFO: 12                                                                                                                       The SAS System                                                                                       11:54 Wednesday, September 6, 2017
INFO: 
INFO: cpu time            0.00 seconds
INFO: 
INFO: 
INFO: MPRINT(PKEXCLUDESUB):   data widecriteria2_1_1_1;
INFO: MPRINT(PKEXCLUDESUB):   set widecriteria2_1_1_1(where=(PPCAT ="DRUG X" ));
INFO: MPRINT(PKEXCLUDESUB):   run;
INFO: 
INFO: NOTE: There were 0 observations read from the data set USER.WIDECRITERIA2_1_1_1.
INFO: WHERE PPCAT='DRUG X';
INFO: NOTE: The data set USER.WIDECRITERIA2_1_1_1 has 0 observations and 6 variables.
INFO: NOTE: DATA statement used (Total process time):
INFO: real time           0.00 seconds
INFO: cpu time            0.00 seconds
INFO: 
INFO: 
INFO: MPRINT(PKEXCLUDESUB):   proc sql;
INFO: MPRINT(PKEXCLUDESUB):   select count(*) into:obsnum2 from widecriteria2_1_1_1;
INFO: MPRINT(PKEXCLUDESUB):   quit;
INFO: NOTE: The PROCEDURE SQL printed page 1.
INFO: NOTE: PROCEDURE SQL used (Total process time):
INFO: real time           0.01 seconds
INFO: cpu time            0.01 seconds
INFO: 
INFO: 
INFO: obsnum2=       0
INFO: MPRINT(PKEXCLUDESUB):   data widecriteria2new_1_1_1;
INFO: MPRINT(PKEXCLUDESUB):   set widecriteria2_1_1_1;
INFO: MPRINT(PKEXCLUDESUB):   if AUC ne . then p1=USUBJID;
INFO: MPRINT(PKEXCLUDESUB):   drop AUC AUC0_T usubjid;
INFO: MPRINT(PKEXCLUDESUB):   rename p1=AUC;
INFO: MPRINT(PKEXCLUDESUB):   run;
INFO: 
INFO: NOTE: There were 0 observations read from the data set USER.WIDECRITERIA2_1_1_1.
INFO: NOTE: The data set USER.WIDECRITERIA2NEW_1_1_1 has 0 observations and 4 variables.
INFO: NOTE: DATA statement used (Total process time):
INFO: real time           0.00 seconds
INFO: cpu time            0.00 seconds
INFO: 
INFO: 
INFO: MPRINT(PKEXCLUDESUB):   proc sort data=widecriteria2new_1_1_1 nodupkey;
INFO: MPRINT(PKEXCLUDESUB):   by CohortDescription PPCAT TreatmentInPeriodText AUC;
INFO: MPRINT(PKEXCLUDESUB):   run;
INFO: 
INFO: NOTE: Input data set is empty.
INFO: NOTE: 0 observations with duplicate key values were deleted.
INFO: NOTE: The data set USER.WIDECRITERIA2NEW_1_1_1 has 0 observations and 4 variables.
INFO: NOTE: PROCEDURE SORT used (Total process time):
INFO: real time           0.00 seconds
INFO: cpu time            0.00 seconds
INFO: 
INFO: 
INFO: MPRINT(PKEXCLUDESUB):   data criteria_1_1_1;
INFO: MPRINT(PKEXCLUDESUB):   set widecriteria2new_1_1_1;
INFO: MPRINT(PKEXCLUDESUB):   if cohortdescription eq "                   " then delete;
INFO: MPRINT(PKEXCLUDESUB):   run;
INFO: 
INFO: NOTE: There were 0 observations read from the data set USER.WIDECRITERIA2NEW_1_1_1.
INFO: NOTE: The data set USER.CRITERIA_1_1_1 has 0 observations and 4 variables.
INFO: 13                                                                                                                       The SAS System                                                                                       11:54 Wednesday, September 6, 2017
INFO: 
INFO: NOTE: DATA statement used (Total process time):
INFO: real time           0.00 seconds
INFO: cpu time            0.00 seconds
INFO: 
INFO: 
INFO: MPRINT(PKEXCLUDESUB):   data SelectedSubPK_1_1_2;
INFO: MPRINT(PKEXCLUDESUB):   set result.individualpkstats (where = ( CohortDescription = "FASTED-FED" and PPCAT ="DRUG X" and PPTESTCD = "AUC0_T" ));
INFO: MPRINT(PKEXCLUDESUB):   run;
INFO: 
INFO: NOTE: There were 16 observations read from the data set RESULT.INDIVIDUALPKSTATS.
INFO: WHERE (CohortDescription='FASTED-FED') and (PPCAT='DRUG X') and (PPTESTCD='AUC0_T');
INFO: NOTE: The data set USER.SELECTEDSUBPK_1_1_2 has 16 observations and 23 variables.
INFO: NOTE: Compressing data set USER.SELECTEDSUBPK_1_1_2 increased size by 100.00 percent.
INFO: Compressed is 2 pages; un-compressed would require 1 pages.
INFO: NOTE: DATA statement used (Total process time):
INFO: real time           0.00 seconds
INFO: cpu time            0.00 seconds
INFO: 
INFO: 
INFO: SelectCohort=FASTED-FED
INFO: SelectAnalyte=DRUG X
INFO: SelectParameter=AUC$AUC0_T$CMAX
INFO: MPRINT(PKEXCLUDESUB):   proc sort data=SelectedSubPK_1_1_2;
INFO: MPRINT(PKEXCLUDESUB):   by cohortnumber PPCAT PPTESTCD treatmentinperiodtext ;
INFO: MPRINT(PKEXCLUDESUB):   run;
INFO: 
INFO: NOTE: There were 16 observations read from the data set USER.SELECTEDSUBPK_1_1_2.
INFO: NOTE: The data set USER.SELECTEDSUBPK_1_1_2 has 16 observations and 23 variables.
INFO: NOTE: Compressing data set USER.SELECTEDSUBPK_1_1_2 increased size by 100.00 percent.
INFO: Compressed is 2 pages; un-compressed would require 1 pages.
INFO: NOTE: PROCEDURE SORT used (Total process time):
INFO: real time           0.00 seconds
INFO: cpu time            0.00 seconds
INFO: 
INFO: 
INFO: PPCAT PPTESTCD
INFO: MPRINT(PKEXCLUDESUB):   proc summary data=SelectedSubPK_1_1_2 ;
INFO: MPRINT(PKEXCLUDESUB):   by cohortnumber PPCAT PPTESTCD treatmentinperiodtext ;
INFO: MPRINT(PKEXCLUDESUB):   var OrgPPSTRESN;
INFO: MPRINT(PKEXCLUDESUB):   output out=StatsPK_1_1_2 std=std mean=mean;
INFO: MPRINT(PKEXCLUDESUB):   run;
INFO: 
INFO: NOTE: There were 16 observations read from the data set USER.SELECTEDSUBPK_1_1_2.
INFO: NOTE: The data set USER.STATSPK_1_1_2 has 2 observations and 8 variables.
INFO: NOTE: Compressing data set USER.STATSPK_1_1_2 increased size by 100.00 percent.
INFO: Compressed is 2 pages; un-compressed would require 1 pages.
INFO: NOTE: PROCEDURE SUMMARY used (Total process time):
INFO: real time           0.00 seconds
INFO: cpu time            0.00 seconds
INFO: 
INFO: 
INFO: MPRINT(PKEXCLUDESUB):   proc sql;
INFO: MPRINT(PKEXCLUDESUB):   create table mergesubstd_1_1_2 as select a.cohortnumber, a.PPCAT , a.PPTESTCD, a.treatmentinperiodtext, b.std, b.mean, CohortDescription, USUBJID,combination,PPSTRESN, OrgPPSTRESN from SelectedSubPK_1_1_2 as a left join
INFO: StatsPK_1_1_2 as b on a.cohortnumber=b.cohortnumber and a.PPCAT=b.PPCAT and a.PPTESTCD=b.PPTESTCD and a.treatmentinperiodtext=b.treatmentinperiodtext;
INFO: NOTE: Compressing data set USER.MERGESUBSTD_1_1_2 increased size by 100.00 percent.
INFO: Compressed is 2 pages; un-compressed would require 1 pages.
INFO: NOTE: Table USER.MERGESUBSTD_1_1_2 created, with 16 rows and 11 columns.
INFO: 
INFO: 14                                                                                                                       The SAS System                                                                                       11:54 Wednesday, September 6, 2017
INFO: 
INFO: MPRINT(PKEXCLUDESUB):   quit;
INFO: NOTE: PROCEDURE SQL used (Total process time):
INFO: real time           0.00 seconds
INFO: cpu time            0.00 seconds
INFO: 
INFO: 
INFO: p1 p2 and percent must not be null
INFO: MPRINT(PKEXCLUDESUB):   data criteria2_1_1_2;
INFO: MPRINT(PKEXCLUDESUB):   set result.individualpkstats(where=(PPTESTCD="AUC" or PPTESTCD="AUC0_T"));
INFO: MPRINT(PKEXCLUDESUB):   run;
INFO: 
INFO: NOTE: There were 32 observations read from the data set RESULT.INDIVIDUALPKSTATS.
INFO: WHERE PPTESTCD in ('AUC', 'AUC0_T');
INFO: NOTE: The data set USER.CRITERIA2_1_1_2 has 32 observations and 23 variables.
INFO: NOTE: Compressing data set USER.CRITERIA2_1_1_2 increased size by 100.00 percent.
INFO: Compressed is 2 pages; un-compressed would require 1 pages.
INFO: NOTE: DATA statement used (Total process time):
INFO: real time           0.00 seconds
INFO: cpu time            0.00 seconds
INFO: 
INFO: 
INFO: MPRINT(PKEXCLUDESUB):   proc sort data=criteria2_1_1_2 ;
INFO: MPRINT(PKEXCLUDESUB):   by usubjid cohortdescription PPCAT treatmentinperiodtext;
INFO: MPRINT(PKEXCLUDESUB):   run;
INFO: 
INFO: NOTE: There were 32 observations read from the data set USER.CRITERIA2_1_1_2.
INFO: NOTE: The data set USER.CRITERIA2_1_1_2 has 32 observations and 23 variables.
INFO: NOTE: Compressing data set USER.CRITERIA2_1_1_2 increased size by 100.00 percent.
INFO: Compressed is 2 pages; un-compressed would require 1 pages.
INFO: NOTE: PROCEDURE SORT used (Total process time):
INFO: real time           0.00 seconds
INFO: cpu time            0.01 seconds
INFO: 
INFO: 
INFO: MPRINT(PKEXCLUDESUB):   proc transpose data=criteria2_1_1_2 out=widecriteria2_1_1_2 LET;
INFO: MPRINT(PKEXCLUDESUB):   by usubjid cohortdescription PPCAT treatmentinperiodtext;
INFO: MPRINT(PKEXCLUDESUB):   var Orgppstresn ;
INFO: MPRINT(PKEXCLUDESUB):   id PPTESTCD;
INFO: MPRINT(PKEXCLUDESUB):   run;
INFO: 
INFO: NOTE: There were 32 observations read from the data set USER.CRITERIA2_1_1_2.
INFO: NOTE: The data set USER.WIDECRITERIA2_1_1_2 has 16 observations and 7 variables.
INFO: NOTE: Compressing data set USER.WIDECRITERIA2_1_1_2 increased size by 100.00 percent.
INFO: Compressed is 2 pages; un-compressed would require 1 pages.
INFO: NOTE: PROCEDURE TRANSPOSE used (Total process time):
INFO: real time           0.01 seconds
INFO: cpu time            0.00 seconds
INFO: 
INFO: 
INFO: MPRINT(PKEXCLUDESUB):   data widecriteria2_1_1_2;
INFO: MPRINT(PKEXCLUDESUB):   set widecriteria2_1_1_2;
INFO: MPRINT(PKEXCLUDESUB):   AUCI_AUCT=AUC/AUC0_T;
INFO: MPRINT(PKEXCLUDESUB):   if AUCI_AUCT> 120/100 then Decision="remove";
INFO: MPRINT(PKEXCLUDESUB):   run;
INFO: 
INFO: NOTE: There were 16 observations read from the data set USER.WIDECRITERIA2_1_1_2.
INFO: NOTE: The data set USER.WIDECRITERIA2_1_1_2 has 16 observations and 9 variables.
INFO: NOTE: Compressing data set USER.WIDECRITERIA2_1_1_2 increased size by 100.00 percent.
INFO: 15                                                                                                                       The SAS System                                                                                       11:54 Wednesday, September 6, 2017
INFO: 
INFO: Compressed is 2 pages; un-compressed would require 1 pages.
INFO: NOTE: DATA statement used (Total process time):
INFO: real time           0.00 seconds
INFO: cpu time            0.01 seconds
INFO: 
INFO: 
INFO: MPRINT(PKEXCLUDESUB):   data widecriteria2_1_1_2;
INFO: MPRINT(PKEXCLUDESUB):   set widecriteria2_1_1_2;
INFO: MPRINT(PKEXCLUDESUB):   where Decision="remove";
INFO: MPRINT(PKEXCLUDESUB):   drop _NAME_ AUCI_AUCT Decision;
INFO: MPRINT(PKEXCLUDESUB):   run;
INFO: 
INFO: NOTE: There were 0 observations read from the data set USER.WIDECRITERIA2_1_1_2.
INFO: WHERE Decision='remove';
INFO: NOTE: The data set USER.WIDECRITERIA2_1_1_2 has 0 observations and 6 variables.
INFO: NOTE: DATA statement used (Total process time):
INFO: real time           0.00 seconds
INFO: cpu time            0.00 seconds
INFO: 
INFO: 
INFO: MPRINT(PKEXCLUDESUB):   data widecriteria2_1_1_2;
INFO: MPRINT(PKEXCLUDESUB):   set widecriteria2_1_1_2(where=(PPCAT ="DRUG X" ));
INFO: MPRINT(PKEXCLUDESUB):   run;
INFO: 
INFO: NOTE: There were 0 observations read from the data set USER.WIDECRITERIA2_1_1_2.
INFO: WHERE PPCAT='DRUG X';
INFO: NOTE: The data set USER.WIDECRITERIA2_1_1_2 has 0 observations and 6 variables.
INFO: NOTE: DATA statement used (Total process time):
INFO: real time           0.00 seconds
INFO: cpu time            0.00 seconds
INFO: 
INFO: 
INFO: MPRINT(PKEXCLUDESUB):   proc sql;
INFO: MPRINT(PKEXCLUDESUB):   select count(*) into:obsnum2 from widecriteria2_1_1_2;
INFO: MPRINT(PKEXCLUDESUB):   quit;
INFO: NOTE: The PROCEDURE SQL printed page 2.
INFO: NOTE: PROCEDURE SQL used (Total process time):
INFO: real time           0.00 seconds
INFO: cpu time            0.00 seconds
INFO: 
INFO: 
INFO: obsnum2=       0
INFO: MPRINT(PKEXCLUDESUB):   data widecriteria2new_1_1_2;
INFO: MPRINT(PKEXCLUDESUB):   set widecriteria2_1_1_2;
INFO: MPRINT(PKEXCLUDESUB):   if AUC ne . then p1=USUBJID;
INFO: MPRINT(PKEXCLUDESUB):   drop AUC AUC0_T usubjid;
INFO: MPRINT(PKEXCLUDESUB):   rename p1=AUC;
INFO: MPRINT(PKEXCLUDESUB):   run;
INFO: 
INFO: NOTE: There were 0 observations read from the data set USER.WIDECRITERIA2_1_1_2.
INFO: NOTE: The data set USER.WIDECRITERIA2NEW_1_1_2 has 0 observations and 4 variables.
INFO: NOTE: DATA statement used (Total process time):
INFO: real time           0.00 seconds
INFO: cpu time            0.00 seconds
INFO: 
INFO: 
INFO: MPRINT(PKEXCLUDESUB):   proc sort data=widecriteria2new_1_1_2 nodupkey;
INFO: MPRINT(PKEXCLUDESUB):   by CohortDescription PPCAT TreatmentInPeriodText AUC;
INFO: 16                                                                                                                       The SAS System                                                                                       11:54 Wednesday, September 6, 2017
INFO: 
INFO: MPRINT(PKEXCLUDESUB):   run;
INFO: 
INFO: NOTE: Input data set is empty.
INFO: NOTE: 0 observations with duplicate key values were deleted.
INFO: NOTE: The data set USER.WIDECRITERIA2NEW_1_1_2 has 0 observations and 4 variables.
INFO: NOTE: PROCEDURE SORT used (Total process time):
INFO: real time           0.01 seconds
INFO: cpu time            0.01 seconds
INFO: 
INFO: 
INFO: MPRINT(PKEXCLUDESUB):   data criteria_1_1_2;
INFO: MPRINT(PKEXCLUDESUB):   set widecriteria2new_1_1_2;
INFO: MPRINT(PKEXCLUDESUB):   if cohortdescription eq "                   " then delete;
INFO: MPRINT(PKEXCLUDESUB):   run;
INFO: 
INFO: NOTE: There were 0 observations read from the data set USER.WIDECRITERIA2NEW_1_1_2.
INFO: NOTE: The data set USER.CRITERIA_1_1_2 has 0 observations and 4 variables.
INFO: NOTE: DATA statement used (Total process time):
INFO: real time           0.00 seconds
INFO: cpu time            0.00 seconds
INFO: 
INFO: 
INFO: MPRINT(PKEXCLUDESUB):   data SelectedSubPK_1_1_3;
INFO: MPRINT(PKEXCLUDESUB):   set result.individualpkstats (where = ( CohortDescription = "FASTED-FED" and PPCAT ="DRUG X" and PPTESTCD = "CMAX" ));
INFO: MPRINT(PKEXCLUDESUB):   run;
INFO: 
INFO: NOTE: There were 16 observations read from the data set RESULT.INDIVIDUALPKSTATS.
INFO: WHERE (CohortDescription='FASTED-FED') and (PPCAT='DRUG X') and (PPTESTCD='CMAX');
INFO: NOTE: The data set USER.SELECTEDSUBPK_1_1_3 has 16 observations and 23 variables.
INFO: NOTE: Compressing data set USER.SELECTEDSUBPK_1_1_3 increased size by 100.00 percent.
INFO: Compressed is 2 pages; un-compressed would require 1 pages.
INFO: NOTE: DATA statement used (Total process time):
INFO: real time           0.00 seconds
INFO: cpu time            0.00 seconds
INFO: 
INFO: 
INFO: SelectCohort=FASTED-FED
INFO: SelectAnalyte=DRUG X
INFO: SelectParameter=AUC$AUC0_T$CMAX
INFO: MPRINT(PKEXCLUDESUB):   proc sort data=SelectedSubPK_1_1_3;
INFO: MPRINT(PKEXCLUDESUB):   by cohortnumber PPCAT PPTESTCD treatmentinperiodtext ;
INFO: MPRINT(PKEXCLUDESUB):   run;
INFO: 
INFO: NOTE: There were 16 observations read from the data set USER.SELECTEDSUBPK_1_1_3.
INFO: NOTE: The data set USER.SELECTEDSUBPK_1_1_3 has 16 observations and 23 variables.
INFO: NOTE: Compressing data set USER.SELECTEDSUBPK_1_1_3 increased size by 100.00 percent.
INFO: Compressed is 2 pages; un-compressed would require 1 pages.
INFO: NOTE: PROCEDURE SORT used (Total process time):
INFO: real time           0.00 seconds
INFO: cpu time            0.00 seconds
INFO: 
INFO: 
INFO: PPCAT PPTESTCD
INFO: MPRINT(PKEXCLUDESUB):   proc summary data=SelectedSubPK_1_1_3 ;
INFO: MPRINT(PKEXCLUDESUB):   by cohortnumber PPCAT PPTESTCD treatmentinperiodtext ;
INFO: MPRINT(PKEXCLUDESUB):   var OrgPPSTRESN;
INFO: MPRINT(PKEXCLUDESUB):   output out=StatsPK_1_1_3 std=std mean=mean;
INFO: MPRINT(PKEXCLUDESUB):   run;
INFO: 17                                                                                                                       The SAS System                                                                                       11:54 Wednesday, September 6, 2017
INFO: 
INFO: 
INFO: NOTE: There were 16 observations read from the data set USER.SELECTEDSUBPK_1_1_3.
INFO: NOTE: The data set USER.STATSPK_1_1_3 has 2 observations and 8 variables.
INFO: NOTE: Compressing data set USER.STATSPK_1_1_3 increased size by 100.00 percent.
INFO: Compressed is 2 pages; un-compressed would require 1 pages.
INFO: NOTE: PROCEDURE SUMMARY used (Total process time):
INFO: real time           0.00 seconds
INFO: cpu time            0.00 seconds
INFO: 
INFO: 
INFO: MPRINT(PKEXCLUDESUB):   proc sql;
INFO: MPRINT(PKEXCLUDESUB):   create table mergesubstd_1_1_3 as select a.cohortnumber, a.PPCAT , a.PPTESTCD, a.treatmentinperiodtext, b.std, b.mean, CohortDescription, USUBJID,combination,PPSTRESN, OrgPPSTRESN from SelectedSubPK_1_1_3 as a left join
INFO: StatsPK_1_1_3 as b on a.cohortnumber=b.cohortnumber and a.PPCAT=b.PPCAT and a.PPTESTCD=b.PPTESTCD and a.treatmentinperiodtext=b.treatmentinperiodtext;
INFO: NOTE: Compressing data set USER.MERGESUBSTD_1_1_3 increased size by 100.00 percent.
INFO: Compressed is 2 pages; un-compressed would require 1 pages.
INFO: NOTE: Table USER.MERGESUBSTD_1_1_3 created, with 16 rows and 11 columns.
INFO: 
INFO: MPRINT(PKEXCLUDESUB):   quit;
INFO: NOTE: PROCEDURE SQL used (Total process time):
INFO: real time           0.00 seconds
INFO: cpu time            0.00 seconds
INFO: 
INFO: 
INFO: p1 p2 and percent must not be null
INFO: MPRINT(PKEXCLUDESUB):   data criteria2_1_1_3;
INFO: MPRINT(PKEXCLUDESUB):   set result.individualpkstats(where=(PPTESTCD="AUC" or PPTESTCD="AUC0_T"));
INFO: MPRINT(PKEXCLUDESUB):   run;
INFO: 
INFO: NOTE: There were 32 observations read from the data set RESULT.INDIVIDUALPKSTATS.
INFO: WHERE PPTESTCD in ('AUC', 'AUC0_T');
INFO: NOTE: The data set USER.CRITERIA2_1_1_3 has 32 observations and 23 variables.
INFO: NOTE: Compressing data set USER.CRITERIA2_1_1_3 increased size by 100.00 percent.
INFO: Compressed is 2 pages; un-compressed would require 1 pages.
INFO: NOTE: DATA statement used (Total process time):
INFO: real time           0.00 seconds
INFO: cpu time            0.00 seconds
INFO: 
INFO: 
INFO: MPRINT(PKEXCLUDESUB):   proc sort data=criteria2_1_1_3 ;
INFO: MPRINT(PKEXCLUDESUB):   by usubjid cohortdescription PPCAT treatmentinperiodtext;
INFO: MPRINT(PKEXCLUDESUB):   run;
INFO: 
INFO: NOTE: There were 32 observations read from the data set USER.CRITERIA2_1_1_3.
INFO: NOTE: The data set USER.CRITERIA2_1_1_3 has 32 observations and 23 variables.
INFO: NOTE: Compressing data set USER.CRITERIA2_1_1_3 increased size by 100.00 percent.
INFO: Compressed is 2 pages; un-compressed would require 1 pages.
INFO: NOTE: PROCEDURE SORT used (Total process time):
INFO: real time           0.00 seconds
INFO: cpu time            0.00 seconds
INFO: 
INFO: 
INFO: MPRINT(PKEXCLUDESUB):   proc transpose data=criteria2_1_1_3 out=widecriteria2_1_1_3 LET;
INFO: MPRINT(PKEXCLUDESUB):   by usubjid cohortdescription PPCAT treatmentinperiodtext;
INFO: MPRINT(PKEXCLUDESUB):   var Orgppstresn ;
INFO: MPRINT(PKEXCLUDESUB):   id PPTESTCD;
INFO: MPRINT(PKEXCLUDESUB):   run;
INFO: 
INFO: NOTE: There were 32 observations read from the data set USER.CRITERIA2_1_1_3.
INFO: 18                                                                                                                       The SAS System                                                                                       11:54 Wednesday, September 6, 2017
INFO: 
INFO: NOTE: The data set USER.WIDECRITERIA2_1_1_3 has 16 observations and 7 variables.
INFO: NOTE: Compressing data set USER.WIDECRITERIA2_1_1_3 increased size by 100.00 percent.
INFO: Compressed is 2 pages; un-compressed would require 1 pages.
INFO: NOTE: PROCEDURE TRANSPOSE used (Total process time):
INFO: real time           0.00 seconds
INFO: cpu time            0.00 seconds
INFO: 
INFO: 
INFO: MPRINT(PKEXCLUDESUB):   data widecriteria2_1_1_3;
INFO: MPRINT(PKEXCLUDESUB):   set widecriteria2_1_1_3;
INFO: MPRINT(PKEXCLUDESUB):   AUCI_AUCT=AUC/AUC0_T;
INFO: MPRINT(PKEXCLUDESUB):   if AUCI_AUCT> 120/100 then Decision="remove";
INFO: MPRINT(PKEXCLUDESUB):   run;
INFO: 
INFO: NOTE: There were 16 observations read from the data set USER.WIDECRITERIA2_1_1_3.
INFO: NOTE: The data set USER.WIDECRITERIA2_1_1_3 has 16 observations and 9 variables.
INFO: NOTE: Compressing data set USER.WIDECRITERIA2_1_1_3 increased size by 100.00 percent.
INFO: Compressed is 2 pages; un-compressed would require 1 pages.
INFO: NOTE: DATA statement used (Total process time):
INFO: real time           0.00 seconds
INFO: cpu time            0.00 seconds
INFO: 
INFO: 
INFO: MPRINT(PKEXCLUDESUB):   data widecriteria2_1_1_3;
INFO: MPRINT(PKEXCLUDESUB):   set widecriteria2_1_1_3;
INFO: MPRINT(PKEXCLUDESUB):   where Decision="remove";
INFO: MPRINT(PKEXCLUDESUB):   drop _NAME_ AUCI_AUCT Decision;
INFO: MPRINT(PKEXCLUDESUB):   run;
INFO: 
INFO: NOTE: There were 0 observations read from the data set USER.WIDECRITERIA2_1_1_3.
INFO: WHERE Decision='remove';
INFO: NOTE: The data set USER.WIDECRITERIA2_1_1_3 has 0 observations and 6 variables.
INFO: NOTE: DATA statement used (Total process time):
INFO: real time           0.00 seconds
INFO: cpu time            0.00 seconds
INFO: 
INFO: 
INFO: MPRINT(PKEXCLUDESUB):   data widecriteria2_1_1_3;
INFO: MPRINT(PKEXCLUDESUB):   set widecriteria2_1_1_3(where=(PPCAT ="DRUG X" ));
INFO: MPRINT(PKEXCLUDESUB):   run;
INFO: 
INFO: NOTE: There were 0 observations read from the data set USER.WIDECRITERIA2_1_1_3.
INFO: WHERE PPCAT='DRUG X';
INFO: NOTE: The data set USER.WIDECRITERIA2_1_1_3 has 0 observations and 6 variables.
INFO: NOTE: DATA statement used (Total process time):
INFO: real time           0.00 seconds
INFO: cpu time            0.00 seconds
INFO: 
INFO: 
INFO: MPRINT(PKEXCLUDESUB):   proc sql;
INFO: MPRINT(PKEXCLUDESUB):   select count(*) into:obsnum2 from widecriteria2_1_1_3;
INFO: MPRINT(PKEXCLUDESUB):   quit;
INFO: NOTE: The PROCEDURE SQL printed page 3.
INFO: NOTE: PROCEDURE SQL used (Total process time):
INFO: real time           0.00 seconds
INFO: cpu time            0.00 seconds
INFO: 
INFO: 
INFO: 19                                                                                                                       The SAS System                                                                                       11:54 Wednesday, September 6, 2017
INFO: 
INFO: obsnum2=       0
INFO: MPRINT(PKEXCLUDESUB):   data widecriteria2new_1_1_3;
INFO: MPRINT(PKEXCLUDESUB):   set widecriteria2_1_1_3;
INFO: MPRINT(PKEXCLUDESUB):   if AUC ne . then p1=USUBJID;
INFO: MPRINT(PKEXCLUDESUB):   drop AUC AUC0_T usubjid;
INFO: MPRINT(PKEXCLUDESUB):   rename p1=AUC;
INFO: MPRINT(PKEXCLUDESUB):   run;
INFO: 
INFO: NOTE: There were 0 observations read from the data set USER.WIDECRITERIA2_1_1_3.
INFO: NOTE: The data set USER.WIDECRITERIA2NEW_1_1_3 has 0 observations and 4 variables.
INFO: NOTE: DATA statement used (Total process time):
INFO: real time           0.00 seconds
INFO: cpu time            0.00 seconds
INFO: 
INFO: 
INFO: MPRINT(PKEXCLUDESUB):   proc sort data=widecriteria2new_1_1_3 nodupkey;
INFO: MPRINT(PKEXCLUDESUB):   by CohortDescription PPCAT TreatmentInPeriodText AUC;
INFO: MPRINT(PKEXCLUDESUB):   run;
INFO: 
INFO: NOTE: Input data set is empty.
INFO: NOTE: 0 observations with duplicate key values were deleted.
INFO: NOTE: The data set USER.WIDECRITERIA2NEW_1_1_3 has 0 observations and 4 variables.
INFO: NOTE: PROCEDURE SORT used (Total process time):
INFO: real time           0.00 seconds
INFO: cpu time            0.00 seconds
INFO: 
INFO: 
INFO: MPRINT(PKEXCLUDESUB):   data criteria_1_1_3;
INFO: MPRINT(PKEXCLUDESUB):   set widecriteria2new_1_1_3;
INFO: MPRINT(PKEXCLUDESUB):   if cohortdescription eq "                   " then delete;
INFO: MPRINT(PKEXCLUDESUB):   run;
INFO: 
INFO: NOTE: There were 0 observations read from the data set USER.WIDECRITERIA2NEW_1_1_3.
INFO: NOTE: The data set USER.CRITERIA_1_1_3 has 0 observations and 4 variables.
INFO: NOTE: DATA statement used (Total process time):
INFO: real time           0.00 seconds
INFO: cpu time            0.00 seconds
INFO: 
INFO: 
INFO: MPRINT(PKEXCLUDESUB):   data user.ExcludeSubject;
INFO: MPRINT(PKEXCLUDESUB):   set criteria_1_1_1 criteria_1_1_2 criteria_1_1_3 ;
INFO: MPRINT(PKEXCLUDESUB):   run;
INFO: 
INFO: NOTE: There were 0 observations read from the data set USER.CRITERIA_1_1_1.
INFO: NOTE: There were 0 observations read from the data set USER.CRITERIA_1_1_2.
INFO: NOTE: There were 0 observations read from the data set USER.CRITERIA_1_1_3.
INFO: NOTE: The data set USER.EXCLUDESUBJECT has 0 observations and 4 variables.
INFO: NOTE: DATA statement used (Total process time):
INFO: real time           0.00 seconds
INFO: cpu time            0.00 seconds
INFO: 
INFO: 
INFO: MPRINT(PKEXCLUDESUB):   proc contents data=user.ExcludeSubject varnum noprint out=varname ;
INFO: MPRINT(PKEXCLUDESUB):   run;
INFO: 
INFO: NOTE: The data set USER.VARNAME has 4 observations and 41 variables.
INFO: NOTE: Compressing data set USER.VARNAME increased size by 100.00 percent.
INFO: Compressed is 2 pages; un-compressed would require 1 pages.
INFO: 20                                                                                                                       The SAS System                                                                                       11:54 Wednesday, September 6, 2017
INFO: 
INFO: NOTE: PROCEDURE CONTENTS used (Total process time):
INFO: real time           0.01 seconds
INFO: cpu time            0.01 seconds
INFO: 
INFO: 
INFO: MPRINT(PKEXCLUDESUB):   proc sql noprint;
INFO: MPRINT(PKEXCLUDESUB):   select distinct name into: varnamelist separated by " " from varname;
INFO: MPRINT(PKEXCLUDESUB):   quit;
INFO: NOTE: PROCEDURE SQL used (Total process time):
INFO: real time           0.00 seconds
INFO: cpu time            0.00 seconds
INFO: 
INFO: 
INFO: AUC CohortDescription PPCAT TreatmentInPeriodText
INFO: MPRINT(PKEXCLUDESUB):   proc sort data=user.ExcludeSubject nodupkey;
INFO: MPRINT(PKEXCLUDESUB):   by AUC CohortDescription PPCAT TreatmentInPeriodText;
INFO: MPRINT(PKEXCLUDESUB):   run;
INFO: 
INFO: NOTE: Input data set is empty.
INFO: NOTE: 0 observations with duplicate key values were deleted.
INFO: NOTE: The data set USER.EXCLUDESUBJECT has 0 observations and 4 variables.
INFO: NOTE: PROCEDURE SORT used (Total process time):
INFO: real time           0.00 seconds
INFO: cpu time            0.00 seconds
INFO: 
INFO: 
INFO: MPRINT(PKEXCLUDESUB):   data user.data NOLIST;
INFO: MPRINT(PKEXCLUDESUB):   length dataset $32.;
INFO: MPRINT(PKEXCLUDESUB):   dataset="ExcludeSubject";
INFO: MPRINT(PKEXCLUDESUB):   output;
INFO: MPRINT(PKEXCLUDESUB):   run;
INFO: 
INFO: NOTE: The data set USER.DATA has 1 observations and 1 variables.
INFO: NOTE: Compressing data set USER.DATA increased size by 100.00 percent.
INFO: Compressed is 2 pages; un-compressed would require 1 pages.
INFO: NOTE: The data set USER.NOLIST has 1 observations and 1 variables.
INFO: NOTE: Compressing data set USER.NOLIST increased size by 100.00 percent.
INFO: Compressed is 2 pages; un-compressed would require 1 pages.
INFO: NOTE: DATA statement used (Total process time):
INFO: real time           0.01 seconds
INFO: cpu time            0.01 seconds
INFO: 
INFO: 
INFO: MPRINT(PKEXCLUDESUB):   proc export data=user.ExcludeSubject outfile="\\DESKTOP-MP8HDJJ\Output Files\PkView\Peter\ExcludeSubject.csv" dbms=dlm replace;
INFO: MPRINT(PKEXCLUDESUB):   ADLM;
INFO: MPRINT(PKEXCLUDESUB):   delimiter=',';
INFO: MPRINT(PKEXCLUDESUB):   run;
INFO: 
INFO: NOTE: No observations in data set USER.EXCLUDESUBJECT.
INFO: NOTE: Data set has 0 observations.
INFO: 20          /**********************************************************************
INFO: 21          *   PRODUCT:   SAS
INFO: 22          *   VERSION:   9.4
INFO: 23          *   CREATOR:   External File Interface
INFO: 24          *   DATE:      06SEP17
INFO: 25          *   DESC:      Generated SAS Datastep Code
INFO: 26          *   TEMPLATE SOURCE:  (None Specified.)
INFO: 27          ***********************************************************************/
INFO: 21                                                                                                                       The SAS System                                                                                       11:54 Wednesday, September 6, 2017
INFO: 
INFO: 28             data _null_;
INFO: MPRINT(PKEXCLUDESUB):   data _null_;
INFO: 29             %let _EFIERR_ = 0; /* set the ERROR detection macro variable */
INFO: 30             %let _EFIREC_ = 0;     /* clear export record count macro variable */
INFO: 31             file '\\DESKTOP-MP8HDJJ\Output Files\PkView\Peter\ExcludeSubject.csv' delimiter=',' DSD DROPOVER lrecl=32767;
INFO: MPRINT(PKEXCLUDESUB):   file '\\DESKTOP-MP8HDJJ\Output Files\PkView\Peter\ExcludeSubject.csv' delimiter=',' DSD DROPOVER lrecl=32767;
INFO: 32             if _n_ = 1 then        /* write column names or labels */
INFO: 33              do;
INFO: MPRINT(PKEXCLUDESUB):   if _n_ = 1 then do;
INFO: 34                put
INFO: 35                   "CohortDescription"
INFO: 36                ','
INFO: 37                   "PPCAT"
INFO: 38                ','
INFO: 39                   "TreatmentInPeriodText"
INFO: 40                ','
INFO: 41                   "AUC"
INFO: 42                ;
INFO: MPRINT(PKEXCLUDESUB):   put "CohortDescription" ',' "PPCAT" ',' "TreatmentInPeriodText" ',' "AUC" ;
INFO: 43              end;
INFO: MPRINT(PKEXCLUDESUB):   end;
INFO: 44            set  USER.EXCLUDESUBJECT   end=EFIEOD;
INFO: MPRINT(PKEXCLUDESUB):   set USER.EXCLUDESUBJECT end=EFIEOD;
INFO: 45                format CohortDescription $500. ;
INFO: MPRINT(PKEXCLUDESUB):   format CohortDescription $500. ;
INFO: 46                format PPCAT $9. ;
INFO: MPRINT(PKEXCLUDESUB):   format PPCAT $9. ;
INFO: 47                format TreatmentInPeriodText $200. ;
INFO: MPRINT(PKEXCLUDESUB):   format TreatmentInPeriodText $200. ;
INFO: 48                format AUC $200. ;
INFO: MPRINT(PKEXCLUDESUB):   format AUC $200. ;
INFO: 49              do;
INFO: MPRINT(PKEXCLUDESUB):   do;
INFO: 50                EFIOUT + 1;
INFO: MPRINT(PKEXCLUDESUB):   EFIOUT + 1;
INFO: 51                put CohortDescription $ @;
INFO: MPRINT(PKEXCLUDESUB):   put CohortDescription $ @;
INFO: 52                put PPCAT $ @;
INFO: MPRINT(PKEXCLUDESUB):   put PPCAT $ @;
INFO: 53                put TreatmentInPeriodText $ @;
INFO: MPRINT(PKEXCLUDESUB):   put TreatmentInPeriodText $ @;
INFO: 54                put AUC $ ;
INFO: MPRINT(PKEXCLUDESUB):   put AUC $ ;
INFO: 55                ;
INFO: MPRINT(PKEXCLUDESUB):   ;
INFO: 56              end;
INFO: MPRINT(PKEXCLUDESUB):   end;
INFO: 57             if _ERROR_ then call symputx('_EFIERR_',1);  /* set ERROR detection macro variable */
INFO: MPRINT(PKEXCLUDESUB):   if _ERROR_ then call symputx('_EFIERR_',1);
INFO: 58             if EFIEOD then call symputx('_EFIREC_',EFIOUT);
INFO: MPRINT(PKEXCLUDESUB):   if EFIEOD then call symputx('_EFIREC_',EFIOUT);
INFO: 59             run;
INFO: MPRINT(PKEXCLUDESUB):   run;
INFO: 
INFO: NOTE: The file '\\DESKTOP-MP8HDJJ\Output Files\PkView\Peter\ExcludeSubject.csv' is:
INFO: Filename=\\DESKTOP-MP8HDJJ\Output Files\PkView\Peter\ExcludeSubject.csv,
INFO: RECFM=V,LRECL=32767,File Size (bytes)=0,
INFO: Last Modified=06Sep2017:11:54:58,
INFO: 22                                                                                                                       The SAS System                                                                                       11:54 Wednesday, September 6, 2017
INFO: 
INFO: Create Time=06Sep2017:11:54:58
INFO: 
INFO: NOTE: 1 record was written to the file '\\DESKTOP-MP8HDJJ\Output Files\PkView\Peter\ExcludeSubject.csv'.
INFO: The minimum record length was 49.
INFO: The maximum record length was 49.
INFO: NOTE: There were 0 observations read from the data set USER.EXCLUDESUBJECT.
INFO: NOTE: DATA statement used (Total process time):
INFO: real time           0.00 seconds
INFO: cpu time            0.00 seconds
INFO: 
INFO: 
INFO: 0 records created in \\DESKTOP-MP8HDJJ\Output Files\PkView\Peter\ExcludeSubject.csv from USER.EXCLUDESUBJECT.
INFO: 
INFO: 
INFO: NOTE: "\\DESKTOP-MP8HDJJ\Output Files\PkView\Peter\ExcludeSubject.csv" file was successfully created.
INFO: NOTE: PROCEDURE EXPORT used (Total process time):
INFO: real time           0.03 seconds
INFO: cpu time            0.04 seconds
INFO: 
INFO: 
INFO: MPRINT(PKEXCLUDESUB):    ;
INFO: MPRINT(PKEXCLUDESUB):   proc sql;
INFO: MPRINT(PKEXCLUDESUB):   select count(*) into:obsnum from user.ExcludeSubject;
INFO: MPRINT(PKEXCLUDESUB):   quit;
INFO: NOTE: The PROCEDURE SQL printed page 4.
INFO: NOTE: PROCEDURE SQL used (Total process time):
INFO: real time           0.00 seconds
INFO: cpu time            0.00 seconds
INFO: 
INFO: 
INFO: obsnum=       0
INFO: MPRINT(PKEXCLUDESUB):   proc sort data=result.individualpkstats;
INFO: MPRINT(PKEXCLUDESUB):   by CohortDescription PPCAT PPTESTCD TreatmentInPeriodText usubjid;
INFO: MPRINT(PKEXCLUDESUB):   run;
INFO: 
INFO: NOTE: There were 80 observations read from the data set RESULT.INDIVIDUALPKSTATS.
INFO: NOTE: The data set RESULT.INDIVIDUALPKSTATS has 80 observations and 23 variables.
INFO: NOTE: Compressing data set RESULT.INDIVIDUALPKSTATS decreased size by 33.33 percent.
INFO: Compressed is 2 pages; un-compressed would require 3 pages.
INFO: NOTE: PROCEDURE SORT used (Total process time):
INFO: real time           0.00 seconds
INFO: cpu time            0.00 seconds
INFO: 
INFO: 
INFO: MPRINT(PKEXCLUDESUB):   data user.removedinput;
INFO: MPRINT(PKEXCLUDESUB):   set result.individualpkstats;
INFO: MPRINT(PKEXCLUDESUB):   by CohortDescription PPCAT PPTESTCD TreatmentInPeriodText usubjid;
INFO: MPRINT(PKEXCLUDESUB):   run;
INFO: 
INFO: NOTE: There were 80 observations read from the data set RESULT.INDIVIDUALPKSTATS.
INFO: NOTE: The data set USER.REMOVEDINPUT has 80 observations and 23 variables.
INFO: NOTE: Compressing data set USER.REMOVEDINPUT decreased size by 33.33 percent.
INFO: Compressed is 2 pages; un-compressed would require 3 pages.
INFO: NOTE: DATA statement used (Total process time):
INFO: real time           0.00 seconds
INFO: cpu time            0.00 seconds
INFO: 
INFO: 
INFO: 23                                                                                                                       The SAS System                                                                                       11:54 Wednesday, September 6, 2017
INFO: 
INFO: user input data to exclude subject ends
INFO: MPRINT(PKEXCLUDESUB):   data result.removedinput;
INFO: MPRINT(PKEXCLUDESUB):   set user.removedinput;
INFO: MPRINT(PKEXCLUDESUB):   run;
INFO: 
INFO: NOTE: There were 80 observations read from the data set USER.REMOVEDINPUT.
INFO: NOTE: The data set RESULT.REMOVEDINPUT has 80 observations and 23 variables.
INFO: NOTE: Compressing data set RESULT.REMOVEDINPUT decreased size by 33.33 percent.
INFO: Compressed is 2 pages; un-compressed would require 3 pages.
INFO: NOTE: DATA statement used (Total process time):
INFO: real time           0.01 seconds
INFO: cpu time            0.01 seconds
INFO: 
INFO: 
INFO: 60
INFO: 61
INFO: 62
INFO: 63
