INFO: 1                                                          The SAS System                         10:48 Wednesday, September 6, 2017
INFO: 
INFO: NOTE: Copyright (c) 2002-2012 by SAS Institute Inc., Cary, NC, USA.
INFO: NOTE: SAS (r) Proprietary Software 9.4 (TS1M4)
INFO: Licensed to UNIVERSITY OF ILLINOIS SYSTEM - T&R SFA, Site 70080107.
INFO: NOTE: This session is executing on the X64_10PRO  platform.
INFO: 
INFO: 
INFO: 
INFO: NOTE: Updated analytical products:
INFO: 
INFO: SAS/STAT 14.2
INFO: SAS/ETS 14.2
INFO: SAS/OR 14.2
INFO: SAS/IML 14.2
INFO: SAS/QC 14.2
INFO: 
INFO: NOTE: Additional host information:
INFO: 
INFO: X64_10PRO WIN 10.0.15063  Workstation
INFO: 
INFO: NOTE: SAS Initialization used (Total process time):
INFO: real time           0.00 seconds
INFO: cpu time            0.00 seconds
INFO: 
INFO: 1
INFO: 2          %LET SASSPPATH = C:\OCP\Sasjobs.Standalone\\Stored Procedures;
INFO: 3
INFO: 4          %global SasSpPath;
INFO: 5          options nofmterr compress = yes mprint spool notes msglevel=n linesize = 256
INFO: 6          sasautos = (sasautos "&SasSpPath.\Macros" "&SasSpPath.\Sub Macros");
INFO: 7
INFO: 8          libname user "%sysfunc(getoption(work))" ACCESS=TEMP FILELOCKWAIT=20;
INFO: NOTE: Libref USER refers to the same physical library as WORK.
INFO: NOTE: Libref USER was successfully assigned as follows:
INFO: Engine:        V9
INFO: Physical Name: C:\apps\SAS\SASUser\Peter\SAS Temporary Files\_TD11132_DESKTOP-MP8HDJJ_\Prc45
INFO: 9          %let work = user.;
INFO: 10
INFO: 11         ods path &work.templat(update)
INFO: 12             sasuser.templat(read)
INFO: 13             sashelp.tmplmst(read)
INFO: 14         ;
INFO: 15
INFO: 16         /* Path where NDAs are stored in the server */
INFO: 17         %let inputfolder=\\localhost\clinical\;
INFO: 18
INFO: 19         %PKReportExclude;
INFO: MPRINT(SMREADMAPPINGSFROMDATASET):   data user.userData;
INFO: MPRINT(SMREADMAPPINGSFROMDATASET):   set websvc.userConfig end = eof;
INFO: MPRINT(SMREADMAPPINGSFROMDATASET):   * FROM USERCONFIG IN FILE '';
INFO: MPRINT(SMREADMAPPINGSFROMDATASET):   if Name="Username" then call symputx("UserName", dequote(value), "G");
INFO: MPRINT(SMREADMAPPINGSFROMDATASET):   if Name="ProfileName" then call symputx("ProfileName", dequote(value), "G");
INFO: MPRINT(SMREADMAPPINGSFROMDATASET):   run;
INFO: NOTE: There were 3 observations read from the data set WEBSVC.USERCONFIG.
INFO: NOTE: The data set USER.USERDATA has 3 observations and 2 variables.
INFO: NOTE: Compressing data set USER.USERDATA increased size by 100.00 percent.
INFO: Compressed is 2 pages; un-compressed would require 1 pages.
INFO: NOTE: DATA statement used (Total process time):
INFO: real time           0.00 seconds
INFO: 2                                                                                                                        The SAS System                                                                                       10:48 Wednesday, September 6, 2017
INFO: 
INFO: cpu time            0.01 seconds
INFO: 
INFO: 
INFO: User: Peter
INFO: Settings Id: 9-6-2017
INFO: MPRINT(SMREADMAPPINGSFROMDATASET):   data user.study;
INFO: MPRINT(SMREADMAPPINGSFROMDATASET):   set websvc.study end = eof;
INFO: MPRINT(SMREADMAPPINGSFROMDATASET):   * FROM STUDY IN FILE '';
INFO: MPRINT(SMREADMAPPINGSFROMDATASET):   if eof then do;
INFO: MPRINT(SMREADMAPPINGSFROMDATASET):   call symputx("StudyType", Type, "G");
INFO: MPRINT(SMREADMAPPINGSFROMDATASET):   call symputx("StudyId", StudyCode, "G");
INFO: MPRINT(SMREADMAPPINGSFROMDATASET):   call symputx("StudyDesign", Design, "G");
INFO: MPRINT(SMREADMAPPINGSFROMDATASET):   call symputx("SubmissionID", Submission, "G");
INFO: MPRINT(SMREADMAPPINGSFROMDATASET):   call symputx("SupplementNum", dequote(Supplement), "G");
INFO: MPRINT(SMREADMAPPINGSFROMDATASET):   call symputx("UseEx", UseEx, "G");
INFO: MPRINT(SMREADMAPPINGSFROMDATASET):   call symputx("UseSuppdm", UseSuppdm, "G");
INFO: MPRINT(SMREADMAPPINGSFROMDATASET):   call symputx("DisablePcCleanup", DisablePcCleanup, "G");
INFO: MPRINT(SMREADMAPPINGSFROMDATASET):   call symputx("UseCustomArms", UseCustomArms, "G");
INFO: MPRINT(SMREADMAPPINGSFROMDATASET):   call symputx("UseCustomPcVisit", UseCustomPcVisit, "G");
INFO: MPRINT(SMREADMAPPINGSFROMDATASET):   call symputx("UseCustomPcPctptnum", UseCustomPcPctptnum, "G");
INFO: MPRINT(SMREADMAPPINGSFROMDATASET):   call symputx("UseCustomPpVisit", UseCustomPpVisit, "G");
INFO: MPRINT(SMREADMAPPINGSFROMDATASET):   end;
INFO: MPRINT(SMREADMAPPINGSFROMDATASET):   run;
INFO: 
INFO: NOTE: There were 1 observations read from the data set WEBSVC.STUDY.
INFO: NOTE: The data set USER.STUDY has 1 observations and 16 variables.
INFO: NOTE: Compressing data set USER.STUDY increased size by 100.00 percent.
INFO: Compressed is 2 pages; un-compressed would require 1 pages.
INFO: NOTE: DATA statement used (Total process time):
INFO: real time           0.00 seconds
INFO: cpu time            0.00 seconds
INFO: 
INFO: 
INFO: Extracted Study Design: CROSSOVER
INFO: Extracted Study Type: UNKNOWN
INFO: Extracted Study Id: TEST002
INFO: Extracted Submission Id: DRUG000
INFO: Supplement Number: 0000
INFO: Use EX: 0
INFO: Use SUPPDM: 0
INFO: Use Custom Pc Visit: 1
INFO: Use Custom Pp Visit: 1
INFO: Use Custom Pc pctptnum: 0
INFO: MPRINT(SMREADMAPPINGSFROMDATASET):   data _null_;
INFO: MPRINT(SMREADMAPPINGSFROMDATASET):   set websvc.mapping;
INFO: MPRINT(SMREADMAPPINGSFROMDATASET):   * FROM MAPPING IN FILE '';
INFO: MPRINT(SMREADMAPPINGSFROMDATASET):   if upcase(DOMAIN)="DM" and upcase(STDMVAR)="USUBJID" then call symputx("UsubjidVar",FILEVAR,"G");
INFO: MPRINT(SMREADMAPPINGSFROMDATASET):   if upcase(DOMAIN)="DM" and upcase(STDMVAR)="ARM" then call symputx("ArmVar",FILEVAR,"G");
INFO: MPRINT(SMREADMAPPINGSFROMDATASET):   if upcase(DOMAIN)="DM" and upcase(STDMVAR)="AGE" then call symputx("AgeVar",FILEVAR,"G");
INFO: MPRINT(SMREADMAPPINGSFROMDATASET):   if upcase(DOMAIN)="DM" and upcase(STDMVAR)="SEX" then call symputx("SexVar",FILEVAR,"G");
INFO: MPRINT(SMREADMAPPINGSFROMDATASET):   if upcase(DOMAIN)="DM" and upcase(STDMVAR)="RACE" then call symputx("RaceVar",FILEVAR,"G");
INFO: MPRINT(SMREADMAPPINGSFROMDATASET):   if upcase(DOMAIN)="DM" and upcase(STDMVAR)="COUNTRY" then call symputx("CountryVar",FILEVAR,"G");
INFO: MPRINT(SMREADMAPPINGSFROMDATASET):   if upcase(DOMAIN)="DM" and upcase(STDMVAR)="ETHNIC" then call symputx("EthnicVar",FILEVAR,"G");
INFO: MPRINT(SMREADMAPPINGSFROMDATASET):   if upcase(DOMAIN)="EX" and upcase(STDMVAR)="EXTRT" then call symputx("ExTrtVar",FILEVAR,"G");
INFO: MPRINT(SMREADMAPPINGSFROMDATASET):   if upcase(DOMAIN)="EX" and upcase(STDMVAR)="EXSTDTC" then call symputx("ExStdtcVar",FILEVAR,"G");
INFO: MPRINT(SMREADMAPPINGSFROMDATASET):   if upcase(DOMAIN)="EX" and upcase(STDMVAR)="VISIT" then call symputx("ExVisitVar",FILEVAR,"G");
INFO: MPRINT(SMREADMAPPINGSFROMDATASET):   if upcase(DOMAIN)="PC" and upcase(STDMVAR)="VISIT" then call symputx("PcVisitVar",FILEVAR,"G");
INFO: MPRINT(SMREADMAPPINGSFROMDATASET):   if upcase(DOMAIN)="PC" and upcase(STDMVAR)="PCTEST" then call symputx("PCTESTVar",FILEVAR,"G");
INFO: 3                                                                                                                        The SAS System                                                                                       10:48 Wednesday, September 6, 2017
INFO: 
INFO: MPRINT(SMREADMAPPINGSFROMDATASET):   if upcase(DOMAIN)="PC" and upcase(STDMVAR)="PCSTRESN" then call symputx("PcStresnVar",FILEVAR,"G");
INFO: MPRINT(SMREADMAPPINGSFROMDATASET):   if upcase(DOMAIN)="PC" and upcase(STDMVAR)="PCTPTNUM" then call symputx("PctptnumVar",FILEVAR,"G");
INFO: MPRINT(SMREADMAPPINGSFROMDATASET):   if upcase(DOMAIN)="PP" and upcase(STDMVAR)="VISIT" then call symputx("PpVisitVar",FILEVAR,"G");
INFO: MPRINT(SMREADMAPPINGSFROMDATASET):   if upcase(DOMAIN)="PP" and upcase(STDMVAR)="PPCAT" then call symputx("PpcatVar",FILEVAR,"G");
INFO: MPRINT(SMREADMAPPINGSFROMDATASET):   if upcase(DOMAIN)="PP" and upcase(STDMVAR)="PPSTRESN" then call symputx("PpstresnVar",FILEVAR,"G");
INFO: MPRINT(SMREADMAPPINGSFROMDATASET):   if upcase(DOMAIN)="PP" and upcase(STDMVAR)="PPTESTCD" then call symputx("PptestcdVar",FILEVAR,"G");
INFO: MPRINT(SMREADMAPPINGSFROMDATASET):   run;
INFO: 
INFO: NOTE: There were 15 observations read from the data set WEBSVC.MAPPING.
INFO: NOTE: DATA statement used (Total process time):
INFO: real time           0.00 seconds
INFO: cpu time            0.00 seconds
INFO: 
INFO: 
INFO: MPRINT(SMREADMAPPINGSFROMDATASET):   data user.customDmArms;
INFO: MPRINT(SMREADMAPPINGSFROMDATASET):   set websvc.customDmArms;
INFO: MPRINT(SMREADMAPPINGSFROMDATASET):   * FROM CUSTOMDMARMS IN FILE '';
INFO: MPRINT(SMREADMAPPINGSFROMDATASET):   run;
INFO: NOTE: There were 3 observations read from the data set WEBSVC.CUSTOMDMARMS.
INFO: NOTE: The data set USER.CUSTOMDMARMS has 3 observations and 2 variables.
INFO: NOTE: Compressing data set USER.CUSTOMDMARMS increased size by 100.00 percent.
INFO: Compressed is 2 pages; un-compressed would require 1 pages.
INFO: NOTE: DATA statement used (Total process time):
INFO: real time           0.00 seconds
INFO: cpu time            0.00 seconds
INFO: 
INFO: 
INFO: MPRINT(SMREADMAPPINGSFROMDATASET):   data user.customPcVisit;
INFO: MPRINT(SMREADMAPPINGSFROMDATASET):   set websvc.customPcVisit;
INFO: MPRINT(SMREADMAPPINGSFROMDATASET):   * FROM CUSTOMPCVISIT IN FILE '';
INFO: MPRINT(SMREADMAPPINGSFROMDATASET):   run;
INFO: NOTE: There were 6 observations read from the data set WEBSVC.CUSTOMPCVISIT.
INFO: NOTE: The data set USER.CUSTOMPCVISIT has 6 observations and 2 variables.
INFO: NOTE: Compressing data set USER.CUSTOMPCVISIT increased size by 100.00 percent.
INFO: Compressed is 2 pages; un-compressed would require 1 pages.
INFO: NOTE: DATA statement used (Total process time):
INFO: real time           0.01 seconds
INFO: cpu time            0.01 seconds
INFO: 
INFO: 
INFO: MPRINT(SMREADMAPPINGSFROMDATASET):   data user.customPpVisit;
INFO: MPRINT(SMREADMAPPINGSFROMDATASET):   set websvc.customPpVisit;
INFO: MPRINT(SMREADMAPPINGSFROMDATASET):   * FROM CUSTOMPPVISIT IN FILE '';
INFO: MPRINT(SMREADMAPPINGSFROMDATASET):   run;
INFO: NOTE: There were 2 observations read from the data set WEBSVC.CUSTOMPPVISIT.
INFO: NOTE: The data set USER.CUSTOMPPVISIT has 2 observations and 2 variables.
INFO: NOTE: Compressing data set USER.CUSTOMPPVISIT increased size by 100.00 percent.
INFO: Compressed is 2 pages; un-compressed would require 1 pages.
INFO: NOTE: DATA statement used (Total process time):
INFO: real time           0.00 seconds
INFO: cpu time            0.00 seconds
INFO: 
INFO: 
INFO: MPRINT(SMREADMAPPINGSFROMDATASET):   data _null_;
INFO: MPRINT(SMREADMAPPINGSFROMDATASET):   set sashelp.vmember(where = (libname = "WEBSVC" and memtype = "DATA"));
INFO: MPRINT(SMREADMAPPINGSFROMDATASET):   if upcase(memname) = "REFERENCES" then call symput("Exist",1);
INFO: MPRINT(SMREADMAPPINGSFROMDATASET):   else call symput("Exist",0);
INFO: MPRINT(SMREADMAPPINGSFROMDATASET):   run;
INFO: 4                                                                                                                        The SAS System                                                                                       10:48 Wednesday, September 6, 2017
INFO: 
INFO: 
INFO: NOTE: Numeric values have been converted to character values at the places given by: (Line):(Column).
INFO: 19:166   19:197
INFO: MPRINT(SMREADMAPPINGSFROMDATASET):   _CLASSES_ FROM _SYSTABLES_ IN FILE '';
INFO: NOTE: There were 13 observations read from the data set SASHELP.VMEMBER.
INFO: WHERE (libname='WEBSVC') and (memtype='DATA');
INFO: NOTE: DATA statement used (Total process time):
INFO: real time           0.09 seconds
INFO: cpu time            0.09 seconds
INFO: 
INFO: 
INFO: references exist=           0
INFO: inputfolder=\\localhost\clinical\DRUG000
INFO: MPRINT(SMLISTFILESINFOLDER):   data user.dirs_found (compress=no);
INFO: MPRINT(SMLISTFILESINFOLDER):   length Root $500.;
INFO: MPRINT(SMLISTFILESINFOLDER):   root = "\\localhost\clinical\DRUG000";
INFO: MPRINT(SMLISTFILESINFOLDER):   output;
INFO: MPRINT(SMLISTFILESINFOLDER):   run;
INFO: 
INFO: NOTE: The data set USER.DIRS_FOUND has 1 observations and 1 variables.
INFO: NOTE: DATA statement used (Total process time):
INFO: real time           0.00 seconds
INFO: cpu time            0.00 seconds
INFO: 
INFO: 
INFO: MPRINT(SMLISTFILESINFOLDER):   data user.dirs_found user.files_found (compress=no);
INFO: MPRINT(SMLISTFILESINFOLDER):   keep Path FileName FileType;
INFO: MPRINT(SMLISTFILESINFOLDER):   length fref $8 Path Filename $500 FileType $16;
INFO: MPRINT(SMLISTFILESINFOLDER):   modify user.dirs_found;
INFO: MPRINT(SMLISTFILESINFOLDER):   Path = root;
INFO: MPRINT(SMLISTFILESINFOLDER):   rc = filename(fref, path);
INFO: MPRINT(SMLISTFILESINFOLDER):   if rc = 0 then do;
INFO: MPRINT(SMLISTFILESINFOLDER):   did = dopen(fref);
INFO: MPRINT(SMLISTFILESINFOLDER):   rc = filename(fref);
INFO: MPRINT(SMLISTFILESINFOLDER):   end;
INFO: MPRINT(SMLISTFILESINFOLDER):   else do;
INFO: MPRINT(SMLISTFILESINFOLDER):   length msg $500.;
INFO: MPRINT(SMLISTFILESINFOLDER):   msg = sysmsg();
INFO: MPRINT(SMLISTFILESINFOLDER):   putlog msg=;
INFO: MPRINT(SMLISTFILESINFOLDER):   did = .;
INFO: MPRINT(SMLISTFILESINFOLDER):   end;
INFO: MPRINT(SMLISTFILESINFOLDER):   if did <= 0 then do;
INFO: MPRINT(SMLISTFILESINFOLDER):   return;
INFO: MPRINT(SMLISTFILESINFOLDER):   end;
INFO: MPRINT(SMLISTFILESINFOLDER):   dnum = dnum(did);
INFO: MPRINT(SMLISTFILESINFOLDER):   do i = 1 to dnum;
INFO: MPRINT(SMLISTFILESINFOLDER):   filename = dread(did, i);
INFO: MPRINT(SMLISTFILESINFOLDER):   fid = mopen(did, filename);
INFO: MPRINT(SMLISTFILESINFOLDER):   if fid > 0 then do;
INFO: MPRINT(SMLISTFILESINFOLDER):   FileType = prxchange('s/.*\.{1,1}(.*)/$1/', 1, filename);
INFO: MPRINT(SMLISTFILESINFOLDER):   if filename = filetype then filetype = ' ';
INFO: MPRINT(SMLISTFILESINFOLDER):   output user.files_found;
INFO: MPRINT(SMLISTFILESINFOLDER):   end;
INFO: MPRINT(SMLISTFILESINFOLDER):   else do;
INFO: MPRINT(SMLISTFILESINFOLDER):   root = catt(path, "\", filename);
INFO: MPRINT(SMLISTFILESINFOLDER):   output user.dirs_found;
INFO: MPRINT(SMLISTFILESINFOLDER):   end;
INFO: MPRINT(SMLISTFILESINFOLDER):   end;
INFO: 5                                                                                                                        The SAS System                                                                                       10:48 Wednesday, September 6, 2017
INFO: 
INFO: MPRINT(SMLISTFILESINFOLDER):   rc = dclose(did);
INFO: MPRINT(SMLISTFILESINFOLDER):   run;
INFO: 
INFO: NOTE: The data set USER.DIRS_FOUND has been updated.  There were 0 observations rewritten, 9 observations added and 0 observations deleted.
INFO: NOTE: The data set USER.FILES_FOUND has 8 observations and 3 variables.
INFO: NOTE: DATA statement used (Total process time):
INFO: real time           0.06 seconds
INFO: cpu time            0.04 seconds
INFO: 
INFO: 
INFO: MPRINT(SMLISTFILESINFOLDER):   data user.files(rename = (root = path));
INFO: MPRINT(SMLISTFILESINFOLDER):   set user.dirs_found;
INFO: MPRINT(SMLISTFILESINFOLDER):   run;
INFO: 
INFO: NOTE: There were 10 observations read from the data set USER.DIRS_FOUND.
INFO: NOTE: The data set USER.FILES has 10 observations and 1 variables.
INFO: NOTE: Compressing data set USER.FILES increased size by 100.00 percent.
INFO: Compressed is 2 pages; un-compressed would require 1 pages.
INFO: NOTE: DATA statement used (Total process time):
INFO: real time           0.01 seconds
INFO: cpu time            0.01 seconds
INFO: 
INFO: 
INFO: MPRINT(SMREADMAPPINGSFROMDATASET):  ;
INFO: MPRINT(SMREADMAPPINGSFROMDATASET):   ** Get the path to the datasets **;
INFO: MPRINT(SMREADMAPPINGSFROMDATASET):   data _null_;
INFO: MPRINT(SMREADMAPPINGSFROMDATASET):   set user.files end = eof;
INFO: MPRINT(SMREADMAPPINGSFROMDATASET):   if scan(upcase(path), -1, "\") = "TEST002" then do;
INFO: MPRINT(SMREADMAPPINGSFROMDATASET):   call symputx("DatasetPath", substr(path, 1, length(path) - length("TEST002") - 1));
INFO: MPRINT(SMREADMAPPINGSFROMDATASET):   stop;
INFO: MPRINT(SMREADMAPPINGSFROMDATASET):   end;
INFO: MPRINT(SMREADMAPPINGSFROMDATASET):   run;
INFO: 
INFO: NOTE: There were 7 observations read from the data set USER.FILES.
INFO: NOTE: DATA statement used (Total process time):
INFO: real time           0.00 seconds
INFO: cpu time            0.00 seconds
INFO: 
INFO: 
INFO: DatasetPath = \\localhost\clinical\DRUG000\0000\m5\datasets
INFO: DataSetPath = \\localhost\clinical\DRUG000\0000\m5\datasets
INFO: StudyId = TEST002
INFO: Continue? - success
INFO: InputDm = \\localhost\clinical\DRUG000\0000\m5\datasets\TEST002\tabulations\sdtm\dm.xpt
INFO: InputPc = \\localhost\clinical\DRUG000\0000\m5\datasets\TEST002\tabulations\sdtm\pc.xpt
INFO: InputPp = \\localhost\clinical\DRUG000\0000\m5\datasets\TEST002\tabulations\sdtm\pp.xpt
INFO: InputEx = \\localhost\clinical\DRUG000\0000\m5\datasets\TEST002\tabulations\sdtm\ex.xpt
INFO: InputEx = \\localhost\clinical\DRUG000\0000\m5\datasets\TEST002\tabulations\sdtm\suppdm.xpt
INFO: InputEx = \\localhost\clinical\DRUG000\0000\m5\datasets\TEST002\tabulations\sdtm\sc.xpt
INFO: MPRINT(SMREADMAPPINGSFROMDATASET):  ;
INFO: DM file path = \\localhost\clinical\DRUG000\0000\m5\datasets\TEST002\tabulations\sdtm\dm.xpt
INFO: EX file path = \\localhost\clinical\DRUG000\0000\m5\datasets\TEST002\tabulations\sdtm\ex.xpt
INFO: PC file path = \\localhost\clinical\DRUG000\0000\m5\datasets\TEST002\tabulations\sdtm\pc.xpt
INFO: PP file path = \\localhost\clinical\DRUG000\0000\m5\datasets\TEST002\tabulations\sdtm\pp.xpt
INFO: UsubjidVar = USUBJID
INFO: ArmVar = ARM
INFO: AgeVar = AGE
INFO: SexVar = SEX
INFO: 6                                                                                                                        The SAS System                                                                                       10:48 Wednesday, September 6, 2017
INFO: 
INFO: CountryVar = COUNTRY
INFO: RaceVar = RACE
INFO: EthnicVar =
INFO: ExTrtVar =
INFO: ExVisitVar =
INFO: ExStdtcVar =
INFO: PcstresnVar = PCSTRESN
INFO: PcVisitVar = VISIT
INFO: PctptnumVar = PCTPT
INFO: PpstresnVar = PPSTRESN
INFO: PpVisitVar = VISIT
INFO: PpcatVar = PPCAT
INFO: PptestcdVar = PPTESTCD
INFO: PpSpecimenVar = PPSPEC
INFO: PcSpecimenVar = PCSPEC
INFO: MPRINT(PKEXCLUDESUB):  ;
INFO: MPRINT(SMREADREPORTSETTINGSFROMDATASET):   data _null_;
INFO: MPRINT(SMREADREPORTSETTINGSFROMDATASET):   set websvc.reportConfig end = eof;
INFO: MPRINT(SMREADREPORTSETTINGSFROMDATASET):   * FROM REPORTCONFIG IN FILE '';
INFO: MPRINT(SMREADREPORTSETTINGSFROMDATASET):   if Name="Name" then call symputx("ReportFolder", value, "G");
INFO: MPRINT(SMREADREPORTSETTINGSFROMDATASET):   run;
INFO: NOTE: There were 1 observations read from the data set WEBSVC.REPORTCONFIG.
INFO: NOTE: DATA statement used (Total process time):
INFO: real time           0.00 seconds
INFO: cpu time            0.00 seconds
INFO: 
INFO: 
INFO: MPRINT(SMREADREPORTSETTINGSFROMDATASET):   data user.references;
INFO: MPRINT(SMREADREPORTSETTINGSFROMDATASET):   set websvc.references;
INFO: MPRINT(SMREADREPORTSETTINGSFROMDATASET):   * FROM REFERENCES IN FILE '';
INFO: MPRINT(SMREADREPORTSETTINGSFROMDATASET):   run;
INFO: NOTE: There were 1 observations read from the data set WEBSVC.REFERENCES.
INFO: NOTE: The data set USER.REFERENCES has 1 observations and 3 variables.
INFO: NOTE: Compressing data set USER.REFERENCES increased size by 100.00 percent.
INFO: Compressed is 2 pages; un-compressed would require 1 pages.
INFO: NOTE: DATA statement used (Total process time):
INFO: real time           0.01 seconds
INFO: cpu time            0.01 seconds
INFO: 
INFO: 
INFO: MPRINT(SMREADREPORTSETTINGSFROMDATASET):   data user.parameter;
INFO: MPRINT(SMREADREPORTSETTINGSFROMDATASET):   set websvc.parameter;
INFO: MPRINT(SMREADREPORTSETTINGSFROMDATASET):   * FROM PARAMETER IN FILE '';
INFO: MPRINT(SMREADREPORTSETTINGSFROMDATASET):   run;
INFO: NOTE: Compression was disabled for data set USER.PARAMETER because compression overhead would increase the size of the data set.
INFO: NOTE: There were 3 observations read from the data set WEBSVC.PARAMETER.
INFO: NOTE: The data set USER.PARAMETER has 3 observations and 1 variables.
INFO: NOTE: DATA statement used (Total process time):
INFO: real time           0.00 seconds
INFO: cpu time            0.00 seconds
INFO: 
INFO: 
INFO: MPRINT(SMREADREPORTSETTINGSFROMDATASET):   data user.analyte;
INFO: MPRINT(SMREADREPORTSETTINGSFROMDATASET):   set websvc.analyte;
INFO: MPRINT(SMREADREPORTSETTINGSFROMDATASET):   * FROM ANALYTE IN FILE '';
INFO: MPRINT(SMREADREPORTSETTINGSFROMDATASET):   run;
INFO: NOTE: Compression was disabled for data set USER.ANALYTE because compression overhead would increase the size of the data set.
INFO: NOTE: There were 1 observations read from the data set WEBSVC.ANALYTE.
INFO: 7                                                                                                                        The SAS System                                                                                       10:48 Wednesday, September 6, 2017
INFO: 
INFO: NOTE: The data set USER.ANALYTE has 1 observations and 1 variables.
INFO: NOTE: DATA statement used (Total process time):
INFO: real time           0.00 seconds
INFO: cpu time            0.00 seconds
INFO: 
INFO: 
INFO: MPRINT(SMREADREPORTSETTINGSFROMDATASET):   data user.method;
INFO: MPRINT(SMREADREPORTSETTINGSFROMDATASET):   set websvc.method;
INFO: MPRINT(SMREADREPORTSETTINGSFROMDATASET):   * FROM METHOD IN FILE '';
INFO: MPRINT(SMREADREPORTSETTINGSFROMDATASET):   run;
INFO: NOTE: Compression was disabled for data set USER.METHOD because compression overhead would increase the size of the data set.
INFO: NOTE: There were 1 observations read from the data set WEBSVC.METHOD.
INFO: NOTE: The data set USER.METHOD has 1 observations and 1 variables.
INFO: NOTE: DATA statement used (Total process time):
INFO: real time           0.01 seconds
INFO: cpu time            0.01 seconds
INFO: 
INFO: 
INFO: MPRINT(SMREADREPORTSETTINGSFROMDATASET):   data user.sort;
INFO: MPRINT(SMREADREPORTSETTINGSFROMDATASET):   set websvc.sort;
INFO: MPRINT(SMREADREPORTSETTINGSFROMDATASET):   * FROM SORT IN FILE '';
INFO: MPRINT(SMREADREPORTSETTINGSFROMDATASET):   run;
INFO: NOTE: There were 3 observations read from the data set WEBSVC.SORT.
INFO: NOTE: The data set USER.SORT has 3 observations and 2 variables.
INFO: NOTE: Compressing data set USER.SORT increased size by 100.00 percent.
INFO: Compressed is 2 pages; un-compressed would require 1 pages.
INFO: NOTE: DATA statement used (Total process time):
INFO: real time           0.00 seconds
INFO: cpu time            0.00 seconds
INFO: 
INFO: 
INFO: MPRINT(SMREADREPORTSETTINGSFROMDATASET):   data _null_;
INFO: MPRINT(SMREADREPORTSETTINGSFROMDATASET):   set user.sort end = eof;
INFO: MPRINT(SMREADREPORTSETTINGSFROMDATASET):   if Level="files" then call symputx("SortFiles", sortOrder, "G");
INFO: MPRINT(SMREADREPORTSETTINGSFROMDATASET):   run;
INFO: 
INFO: NOTE: There were 3 observations read from the data set USER.SORT.
INFO: NOTE: DATA statement used (Total process time):
INFO: real time           0.00 seconds
INFO: cpu time            0.00 seconds
INFO: 
INFO: 
INFO: MPRINT(SMREADREPORTSETTINGSFROMDATASET):   * created on 06/21/2015 macrovar: cohort, reference, parameteres;
INFO: MPRINT(SMREADREPORTSETTINGSFROMDATASET):   *use ORDER BY for listing references- FIX ME (genreate warning may need fix);
INFO: MPRINT(SMREADREPORTSETTINGSFROMDATASET):   *onetable or by cohort? cohort, reference, parameters,analyte, method;
INFO: MPRINT(SMREADREPORTSETTINGSFROMDATASET):   proc sql noprint;
INFO: MPRINT(SMREADREPORTSETTINGSFROMDATASET):   select distinct cohort into: cohort_sel separated by "$" from user.references;
INFO: MPRINT(SMREADREPORTSETTINGSFROMDATASET):   select distinct reference into :ref_sel separated by "$" from user.references order by cohort;
WARNING: WARNING: The query as specified involves ordering by an item that doesn't appear in its SELECT clause. Since you are ordering the output of a SELECT DISTINCT it may appear that some duplicates have not been eliminated.
INFO: MPRINT(SMREADREPORTSETTINGSFROMDATASET):   select distinct analyte into :anal_sel separated by "$" from user.analyte;
INFO: MPRINT(SMREADREPORTSETTINGSFROMDATASET):   select distinct parameter into :param_sel separated by "$" from user.parameter;
INFO: MPRINT(SMREADREPORTSETTINGSFROMDATASET):   select distinct method into :method_sel separated by "$" from user.method;
INFO: MPRINT(SMREADREPORTSETTINGSFROMDATASET):   quit;
INFO: NOTE: PROCEDURE SQL used (Total process time):
INFO: real time           0.00 seconds
INFO: cpu time            0.00 seconds
INFO: 
INFO: 
INFO: 8                                                                                                                        The SAS System                                                                                       10:48 Wednesday, September 6, 2017
INFO: 
INFO: cohort_sel=FASTED-FED
INFO: ref_sel=FASTED
INFO: anal_sel=DRUG X
INFO: param_sel=AUC$AUC0_T$CMAX
INFO: method_sel=paired
INFO: sortfiles=
INFO: MPRINT(SMREADREPORTSETTINGSFROMDATASET):   proc transpose data=user.sort out=user.sortt;
INFO: MPRINT(SMREADREPORTSETTINGSFROMDATASET):   var sortorder;
INFO: MPRINT(SMREADREPORTSETTINGSFROMDATASET):   run;
INFO: 
INFO: NOTE: There were 3 observations read from the data set USER.SORT.
INFO: NOTE: The data set USER.SORTT has 1 observations and 5 variables.
INFO: NOTE: Compressing data set USER.SORTT increased size by 100.00 percent.
INFO: Compressed is 2 pages; un-compressed would require 1 pages.
INFO: NOTE: PROCEDURE TRANSPOSE used (Total process time):
INFO: real time           0.01 seconds
INFO: cpu time            0.01 seconds
INFO: 
INFO: 
INFO: MPRINT(SMREADREPORTSETTINGSFROMDATASET):   data user.sortt( keep=COL3 COL2 COL1 _NAME_ rename= (COL3=columns COL2=folders COL1=files _NAME_=LEVEL));
INFO: MPRINT(SMREADREPORTSETTINGSFROMDATASET):   set user.sortt;
INFO: MPRINT(SMREADREPORTSETTINGSFROMDATASET):   run;
INFO: 
INFO: NOTE: There were 1 observations read from the data set USER.SORTT.
INFO: NOTE: The data set USER.SORTT has 1 observations and 4 variables.
INFO: NOTE: Compressing data set USER.SORTT increased size by 100.00 percent.
INFO: Compressed is 2 pages; un-compressed would require 1 pages.
INFO: NOTE: DATA statement used (Total process time):
INFO: real time           0.00 seconds
INFO: cpu time            0.00 seconds
INFO: 
INFO: 
INFO: MPRINT(SMREADREPORTSETTINGSFROMDATASET):   data user.sortt;
INFO: MPRINT(SMREADREPORTSETTINGSFROMDATASET):   set user.sortt;
INFO: MPRINT(SMREADREPORTSETTINGSFROMDATASET):   columns=TRANWRD(columns,",", "@");
INFO: MPRINT(SMREADREPORTSETTINGSFROMDATASET):   run;
INFO: 
INFO: NOTE: There were 1 observations read from the data set USER.SORTT.
INFO: NOTE: The data set USER.SORTT has 1 observations and 4 variables.
INFO: NOTE: Compressing data set USER.SORTT increased size by 100.00 percent.
INFO: Compressed is 2 pages; un-compressed would require 1 pages.
INFO: NOTE: DATA statement used (Total process time):
INFO: real time           0.00 seconds
INFO: cpu time            0.00 seconds
INFO: 
INFO: 
INFO: MPRINT(SMREADREPORTSETTINGSFROMDATASET):   proc sql noprint;
INFO: MPRINT(SMREADREPORTSETTINGSFROMDATASET):   select distinct columns into: sort_list from user.sortt;
INFO: MPRINT(SMREADREPORTSETTINGSFROMDATASET):   quit;
INFO: NOTE: PROCEDURE SQL used (Total process time):
INFO: real time           0.00 seconds
INFO: cpu time            0.00 seconds
INFO: 
INFO: 
INFO: sort_list=analyte@comparison@parameter@cohort
INFO: MPRINT(PKEXCLUDESUB):  ;
INFO: OutputFolder=C:\OCP\Sasjobs.Standalone\\Stored Procedures\Output Files\PKView\Peter\9-6-2017\DRUG000\0000
INFO: MPRINT(PKEXCLUDESUB):   libname result "C:\OCP\Sasjobs.Standalone\\Stored Procedures\Output Files\PKView\Peter\9-6-2017\DRUG000\0000\TEST002\estimates";
INFO: 9                                                                                                                        The SAS System                                                                                       10:48 Wednesday, September 6, 2017
INFO: 
INFO: NOTE: Libref RESULT was successfully assigned as follows:
INFO: Engine:        V9
INFO: Physical Name: C:\OCP\Sasjobs.Standalone\\Stored Procedures\Output Files\PKView\Peter\9-6-2017\DRUG000\0000\TEST002\estimates
INFO: AnalyteVar=PPCAT
INFO: ParameterVar=PPTESTCD
INFO: MPRINT(PKEXCLUDESUB):   data result.IndividualPkStats;
INFO: MPRINT(PKEXCLUDESUB):   set result.IndividualPkStats;
INFO: MPRINT(PKEXCLUDESUB):   OrgPPSTRESN=exp(PPSTRESN);
INFO: MPRINT(PKEXCLUDESUB):   run;
INFO: 
INFO: NOTE: There were 80 observations read from the data set RESULT.INDIVIDUALPKSTATS.
INFO: NOTE: The data set RESULT.INDIVIDUALPKSTATS has 80 observations and 23 variables.
INFO: NOTE: Compressing data set RESULT.INDIVIDUALPKSTATS decreased size by 33.33 percent.
INFO: Compressed is 2 pages; un-compressed would require 3 pages.
INFO: NOTE: DATA statement used (Total process time):
INFO: real time           0.01 seconds
INFO: cpu time            0.01 seconds
INFO: 
INFO: 
INFO: MPRINT(PKEXCLUDESUB):   data _null_;
INFO: MPRINT(PKEXCLUDESUB):   set websvc.excludesubject;
INFO: MPRINT(PKEXCLUDESUB):   * FROM EXCLUDESUBJECT IN FILE '';
INFO: MPRINT(PKEXCLUDESUB):   call symput("times1",SMALLTHANEXCLUDESD);
INFO: MPRINT(PKEXCLUDESUB):   call symput("times2",BIGTHANEXCLUDESD);
INFO: MPRINT(PKEXCLUDESUB):   call symput("p1",ExcludeParameters1);
INFO: MPRINT(PKEXCLUDESUB):   call symput("p2",ExcludeParameters2);
INFO: MPRINT(PKEXCLUDESUB):   call symput("percent",percent);
INFO: MPRINT(PKEXCLUDESUB):   run;
INFO: 
INFO: NOTE: Numeric values have been converted to character values at the places given by: (Line):(Column).
INFO: 19:161   19:203   19:83
INFO: NOTE: There were 1 observations read from the data set WEBSVC.EXCLUDESUBJECT.
INFO: NOTE: DATA statement used (Total process time):
INFO: real time           0.00 seconds
INFO: cpu time            0.00 seconds
INFO: 
INFO: 
INFO: SMALLTHANEXCLUDESD=           0
INFO: BIGTHANEXCLUDESD=           0
INFO: excludeparameters1=
INFO: excludeparameters=
INFO: percent=           0
INFO: SMALLTHANEXCLUDESD=.
INFO: BIGTHANEXCLUDESD=.
INFO: percent2=.
INFO: user did not exclude subject
INFO: MPRINT(PKEXCLUDESUB):   proc sort data=result.individualpkstats;
INFO: MPRINT(PKEXCLUDESUB):   by CohortDescription PPCAT PPTESTCD TreatmentInPeriodText usubjid;
INFO: MPRINT(PKEXCLUDESUB):   run;
INFO: 
INFO: NOTE: There were 80 observations read from the data set RESULT.INDIVIDUALPKSTATS.
INFO: NOTE: The data set RESULT.INDIVIDUALPKSTATS has 80 observations and 23 variables.
INFO: NOTE: Compressing data set RESULT.INDIVIDUALPKSTATS decreased size by 33.33 percent.
INFO: Compressed is 2 pages; un-compressed would require 3 pages.
INFO: NOTE: PROCEDURE SORT used (Total process time):
INFO: real time           0.00 seconds
INFO: cpu time            0.00 seconds
INFO: 
INFO: 10                                                                                                                       The SAS System                                                                                       10:48 Wednesday, September 6, 2017
INFO: 
INFO: 
INFO: MPRINT(PKEXCLUDESUB):   data user.removedinput;
INFO: MPRINT(PKEXCLUDESUB):   set result.individualpkstats;
INFO: MPRINT(PKEXCLUDESUB):   by CohortDescription PPCAT PPTESTCD TreatmentInPeriodText usubjid;
INFO: MPRINT(PKEXCLUDESUB):   run;
INFO: 
INFO: NOTE: There were 80 observations read from the data set RESULT.INDIVIDUALPKSTATS.
INFO: NOTE: The data set USER.REMOVEDINPUT has 80 observations and 23 variables.
INFO: NOTE: Compressing data set USER.REMOVEDINPUT decreased size by 33.33 percent.
INFO: Compressed is 2 pages; un-compressed would require 3 pages.
INFO: NOTE: DATA statement used (Total process time):
INFO: real time           0.01 seconds
INFO: cpu time            0.00 seconds
INFO: 
INFO: 
INFO: MPRINT(PKEXCLUDESUB):   data result.removedinput;
INFO: MPRINT(PKEXCLUDESUB):   set user.removedinput;
INFO: MPRINT(PKEXCLUDESUB):   run;
INFO: 
INFO: NOTE: There were 80 observations read from the data set USER.REMOVEDINPUT.
INFO: NOTE: The data set RESULT.REMOVEDINPUT has 80 observations and 23 variables.
INFO: NOTE: Compressing data set RESULT.REMOVEDINPUT decreased size by 33.33 percent.
INFO: Compressed is 2 pages; un-compressed would require 3 pages.
INFO: NOTE: DATA statement used (Total process time):
INFO: real time           0.00 seconds
INFO: cpu time            0.00 seconds
INFO: 
INFO: 
INFO: MPRINT(PKREPORTEXCLUDE):  ;
INFO: MPRINT(PKREPORTEXCLUDE):   libname pkOutput "C:\OCP\Sasjobs.Standalone\\Stored Procedures\Output Files\PKView\Peter\9-6-2017\DRUG000\0000";
INFO: NOTE: Libref PKOUTPUT was successfully assigned as follows:
INFO: Engine:        V9
INFO: Physical Name: C:\OCP\Sasjobs.Standalone\\Stored Procedures\Output Files\PKView\Peter\9-6-2017\DRUG000\0000
INFO: MPRINT(PKREPORTEXCLUDE):   libname result "C:\OCP\Sasjobs.Standalone\\Stored Procedures\Output Files\PKView\Peter\9-6-2017\DRUG000\0000\TEST002\estimates";
INFO: NOTE: Libref RESULT was successfully assigned as follows:
INFO: Engine:        V9
INFO: Physical Name: C:\OCP\Sasjobs.Standalone\\Stored Procedures\Output Files\PKView\Peter\9-6-2017\DRUG000\0000\TEST002\estimates
INFO: AnalyteVar=PPCAT
INFO: ParameterVar=PPTESTCD
INFO: meng globaled resultfolder:
INFO: meng got no subject excluded
INFO: MPRINT(PKREPORTEXCLUDE):   proc sql noprint;
INFO: MPRINT(PKREPORTEXCLUDE):   select count(*) into :obscount from result.individualpkstats;
INFO: MPRINT(PKREPORTEXCLUDE):   quit;
INFO: NOTE: PROCEDURE SQL used (Total process time):
INFO: real time           0.00 seconds
INFO: cpu time            0.00 seconds
INFO: 
INFO: 
INFO: 1st: obscount=      80
INFO: MPRINT(PKREPORTEXCLUDE):   data result.IndividualPkStats;
INFO: MPRINT(PKREPORTEXCLUDE):   set result.IndividualPkStats;
INFO: MPRINT(PKREPORTEXCLUDE):   OrgPPSTRESN=exp(PPSTRESN);
INFO: MPRINT(PKREPORTEXCLUDE):   run;
INFO: 
INFO: NOTE: There were 80 observations read from the data set RESULT.INDIVIDUALPKSTATS.
INFO: NOTE: The data set RESULT.INDIVIDUALPKSTATS has 80 observations and 23 variables.
INFO: NOTE: Compressing data set RESULT.INDIVIDUALPKSTATS decreased size by 33.33 percent.
INFO: 11                                                                                                                       The SAS System                                                                                       10:48 Wednesday, September 6, 2017
INFO: 
INFO: Compressed is 2 pages; un-compressed would require 3 pages.
INFO: NOTE: DATA statement used (Total process time):
INFO: real time           0.00 seconds
INFO: cpu time            0.00 seconds
INFO: 
INFO: 
INFO: MPRINT(PKREPORTEXCLUDE):   data _null_;
INFO: MPRINT(PKREPORTEXCLUDE):   set websvc.excludesubject;
INFO: MPRINT(PKREPORTEXCLUDE):   * FROM EXCLUDESUBJECT IN FILE '';
INFO: MPRINT(PKREPORTEXCLUDE):   call symput("times1",SMALLTHANEXCLUDESD);
INFO: MPRINT(PKREPORTEXCLUDE):   call symput("times2",BIGTHANEXCLUDESD);
INFO: MPRINT(PKREPORTEXCLUDE):   call symput("p1",ExcludeParameters1);
INFO: MPRINT(PKREPORTEXCLUDE):   call symput("p2",ExcludeParameters2);
INFO: MPRINT(PKREPORTEXCLUDE):   call symput("percent",percent);
INFO: MPRINT(PKREPORTEXCLUDE):   run;
INFO: 
INFO: NOTE: Numeric values have been converted to character values at the places given by: (Line):(Column).
INFO: 19:161   19:203   19:83
INFO: NOTE: There were 1 observations read from the data set WEBSVC.EXCLUDESUBJECT.
INFO: NOTE: DATA statement used (Total process time):
INFO: real time           0.00 seconds
INFO: cpu time            0.00 seconds
INFO: 
INFO: 
INFO: SMALLTHANEXCLUDESD=           0
INFO: BIGTHANEXCLUDESD=           0
INFO: excludeparameters1=
INFO: excludeparameters=
INFO: percent=           0
INFO: MPRINT(PKREPORTEXCLUDE):   data result.removedinput;
INFO: MPRINT(PKREPORTEXCLUDE):   set result.IndividualPkStats;
INFO: MPRINT(PKREPORTEXCLUDE):   run;
INFO: 
INFO: NOTE: There were 80 observations read from the data set RESULT.INDIVIDUALPKSTATS.
INFO: NOTE: The data set RESULT.REMOVEDINPUT has 80 observations and 23 variables.
INFO: NOTE: Compressing data set RESULT.REMOVEDINPUT decreased size by 33.33 percent.
INFO: Compressed is 2 pages; un-compressed would require 3 pages.
INFO: NOTE: DATA statement used (Total process time):
INFO: real time           0.00 seconds
INFO: cpu time            0.00 seconds
INFO: 
INFO: 
INFO: meng got no subject to be excluded
INFO: MPRINT(PKREPORTEXCLUDE):   proc sql noprint;
INFO: MPRINT(PKREPORTEXCLUDE):   select count(*) into :obscount from result.individualpkstats;
INFO: MPRINT(PKREPORTEXCLUDE):   quit;
INFO: NOTE: PROCEDURE SQL used (Total process time):
INFO: real time           0.00 seconds
INFO: cpu time            0.00 seconds
INFO: 
INFO: 
INFO: 2nd: obscount=      80
INFO: MPRINT(PKREPORTEXCLUDE):   proc sql noprint;
INFO: MPRINT(PKREPORTEXCLUDE):   select count(*) into :obscount from result.individualpkstats;
INFO: MPRINT(PKREPORTEXCLUDE):   quit;
INFO: NOTE: PROCEDURE SQL used (Total process time):
INFO: real time           0.00 seconds
INFO: cpu time            0.00 seconds
INFO: 12                                                                                                                       The SAS System                                                                                       10:48 Wednesday, September 6, 2017
INFO: 
INFO: 
INFO: 
INFO: 3rd: obscount=      80
INFO: MPRINT(PK_ANALYSIS_SUMMARY_EXCLUDESUB):   proc sort data =result.individualpkstats(keep = ARM) out = PKStatsSequences nodupkey;
INFO: MPRINT(PK_ANALYSIS_SUMMARY_EXCLUDESUB):   by ARM;
INFO: MPRINT(PK_ANALYSIS_SUMMARY_EXCLUDESUB):   run;
INFO: 
INFO: NOTE: There were 80 observations read from the data set RESULT.INDIVIDUALPKSTATS.
INFO: NOTE: 78 observations with duplicate key values were deleted.
INFO: NOTE: The data set USER.PKSTATSSEQUENCES has 2 observations and 1 variables.
INFO: NOTE: Compressing data set USER.PKSTATSSEQUENCES increased size by 100.00 percent.
INFO: Compressed is 2 pages; un-compressed would require 1 pages.
INFO: NOTE: PROCEDURE SORT used (Total process time):
INFO: real time           0.00 seconds
INFO: cpu time            0.00 seconds
INFO: 
INFO: 
INFO: MPRINT(PK_ANALYSIS_SUMMARY_EXCLUDESUB):   proc sql noprint;
INFO: MPRINT(PK_ANALYSIS_SUMMARY_EXCLUDESUB):   select distinct ARM into: SequenceList separated by "~!~" from PKStatsSequences ;
INFO: MPRINT(PK_ANALYSIS_SUMMARY_EXCLUDESUB):   quit;
INFO: NOTE: PROCEDURE SQL used (Total process time):
INFO: real time           0.00 seconds
INFO: cpu time            0.00 seconds
INFO: 
INFO: 
INFO: SequenceList = FASTED-FED~!~FED-FASTED
INFO: Number of Sequences = 2
INFO: MPRINT(PK_ANALYSIS_SUMMARY_EXCLUDESUB):   proc sort data =result.individualpkstats(keep = ARM VISIT) out = PKStatsPeriods nodupkey;
INFO: MPRINT(PK_ANALYSIS_SUMMARY_EXCLUDESUB):   by ARM VISIT;
INFO: MPRINT(PK_ANALYSIS_SUMMARY_EXCLUDESUB):   run;
INFO: 
INFO: NOTE: There were 80 observations read from the data set RESULT.INDIVIDUALPKSTATS.
INFO: NOTE: 76 observations with duplicate key values were deleted.
INFO: NOTE: The data set USER.PKSTATSPERIODS has 4 observations and 2 variables.
INFO: NOTE: Compressing data set USER.PKSTATSPERIODS increased size by 100.00 percent.
INFO: Compressed is 2 pages; un-compressed would require 1 pages.
INFO: NOTE: PROCEDURE SORT used (Total process time):
INFO: real time           0.00 seconds
INFO: cpu time            0.00 seconds
INFO: 
INFO: 
INFO: MPRINT(PK_ANALYSIS_SUMMARY_EXCLUDESUB):   data user._null_;
INFO: MPRINT(PK_ANALYSIS_SUMMARY_EXCLUDESUB):   set PKStatsPeriods end = eof;
INFO: MPRINT(PK_ANALYSIS_SUMMARY_EXCLUDESUB):   by ARM VISIT;
INFO: MPRINT(PK_ANALYSIS_SUMMARY_EXCLUDESUB):   retain MinNumberOfPeriods MaxNumberOfPeriods counter;
INFO: MPRINT(PK_ANALYSIS_SUMMARY_EXCLUDESUB):   if _n_ = 1 then do;
INFO: MPRINT(PK_ANALYSIS_SUMMARY_EXCLUDESUB):   MaxNumberOfPeriods = 0;
INFO: MPRINT(PK_ANALYSIS_SUMMARY_EXCLUDESUB):   MinNumberOfPeriods = 99;
INFO: MPRINT(PK_ANALYSIS_SUMMARY_EXCLUDESUB):   end;
INFO: MPRINT(PK_ANALYSIS_SUMMARY_EXCLUDESUB):   if first.ARM then do;
INFO: MPRINT(PK_ANALYSIS_SUMMARY_EXCLUDESUB):   counter = 0;
INFO: MPRINT(PK_ANALYSIS_SUMMARY_EXCLUDESUB):   end;
INFO: MPRINT(PK_ANALYSIS_SUMMARY_EXCLUDESUB):   counter + 1;
INFO: MPRINT(PK_ANALYSIS_SUMMARY_EXCLUDESUB):   if last.ARM then do;
INFO: MPRINT(PK_ANALYSIS_SUMMARY_EXCLUDESUB):   if MaxNumberOfPeriods < counter then do;
INFO: MPRINT(PK_ANALYSIS_SUMMARY_EXCLUDESUB):   MaxNumberOfPeriods = counter;
INFO: MPRINT(PK_ANALYSIS_SUMMARY_EXCLUDESUB):   end;
INFO: MPRINT(PK_ANALYSIS_SUMMARY_EXCLUDESUB):   if MinNumberOfPeriods > counter then do;
INFO: 13                                                                                                                       The SAS System                                                                                       10:48 Wednesday, September 6, 2017
INFO: 
INFO: MPRINT(PK_ANALYSIS_SUMMARY_EXCLUDESUB):   MinNumberOfPeriods = counter;
INFO: MPRINT(PK_ANALYSIS_SUMMARY_EXCLUDESUB):   end;
INFO: MPRINT(PK_ANALYSIS_SUMMARY_EXCLUDESUB):   end;
INFO: MPRINT(PK_ANALYSIS_SUMMARY_EXCLUDESUB):   if eof then do;
INFO: MPRINT(PK_ANALYSIS_SUMMARY_EXCLUDESUB):   call symputx("MaxNumberOfPeriods", MaxNumberOfPeriods);
INFO: MPRINT(PK_ANALYSIS_SUMMARY_EXCLUDESUB):   call symputx("MinNumberOfPeriods", MinNumberOfPeriods);
INFO: MPRINT(PK_ANALYSIS_SUMMARY_EXCLUDESUB):   end;
INFO: MPRINT(PK_ANALYSIS_SUMMARY_EXCLUDESUB):   run;
INFO: 
INFO: NOTE: There were 4 observations read from the data set USER.PKSTATSPERIODS.
INFO: NOTE: DATA statement used (Total process time):
INFO: real time           0.00 seconds
INFO: cpu time            0.00 seconds
INFO: 
INFO: 
INFO: Maximum number of Periods = 2
INFO: Minimum number of Periods = 2
INFO: MPRINT(PK_ANALYSIS_SUMMARY_EXCLUDESUB):   proc sort data = result.removedinput;
INFO: MPRINT(PK_ANALYSIS_SUMMARY_EXCLUDESUB):   by CohortNumber CohortName CohortDescription PPTESTCD PPCAT Combination TreatmentInPeriod;
INFO: MPRINT(PK_ANALYSIS_SUMMARY_EXCLUDESUB):   run;
INFO: 
INFO: NOTE: There were 80 observations read from the data set RESULT.REMOVEDINPUT.
INFO: NOTE: The data set RESULT.REMOVEDINPUT has 80 observations and 23 variables.
INFO: NOTE: Compressing data set RESULT.REMOVEDINPUT decreased size by 33.33 percent.
INFO: Compressed is 2 pages; un-compressed would require 3 pages.
INFO: NOTE: PROCEDURE SORT used (Total process time):
INFO: real time           0.00 seconds
INFO: cpu time            0.00 seconds
INFO: 
INFO: 
INFO: MPRINT(PK_ANALYSIS_SUMMARY_EXCLUDESUB):   proc mixed data = result.removedinput;
INFO: MPRINT(PK_ANALYSIS_SUMMARY_EXCLUDESUB):   by CohortNumber CohortName CohortDescription PPTESTCD PPCAT Combination;
INFO: MPRINT(PK_ANALYSIS_SUMMARY_EXCLUDESUB):   class USUBJID ARM VISIT TreatmentInPeriod;
INFO: MPRINT(PK_ANALYSIS_SUMMARY_EXCLUDESUB):   model PPSTRESN = ARM VISIT TreatmentInPeriod / ddfm = kenwardroger;
INFO: MPRINT(PK_ANALYSIS_SUMMARY_EXCLUDESUB):   random USUBJID (ARM);
INFO: MPRINT(PK_ANALYSIS_SUMMARY_EXCLUDESUB):   lsmeans TreatmentInPeriod / pdiff cl alpha = 0.1;
INFO: MPRINT(PK_ANALYSIS_SUMMARY_EXCLUDESUB):   estimate 'DDI Effect' TreatmentInPeriod -1 1 / cl alpha = 0.1;
INFO: MPRINT(PK_ANALYSIS_SUMMARY_EXCLUDESUB):   estimate 'DDI Effect Inv' TreatmentInPeriod 1 -1 / cl alpha = 0.1;
INFO: MPRINT(PK_ANALYSIS_SUMMARY_EXCLUDESUB):   ods output Estimates = user.estimates_unpaired;
INFO: MPRINT(PK_ANALYSIS_SUMMARY_EXCLUDESUB):   run;
INFO: NOTE: Convergence criteria met.
INFO: NOTE: The above message was for the following BY group:
INFO: CohortNumber=1 CohortName=Cohort 1 CohortDescription=FASTED-FED Parameter Short Name=AUC Parameter Category=DRUG X combination=FED ~vs~ FASTED
INFO: NOTE: Convergence criteria met.
INFO: NOTE: The above message was for the following BY group:
INFO: CohortNumber=1 CohortName=Cohort 1 CohortDescription=FASTED-FED Parameter Short Name=AUC0_T Parameter Category=DRUG X combination=FED ~vs~ FASTED
INFO: NOTE: Convergence criteria met.
INFO: NOTE: Estimated G matrix is not positive definite.
INFO: NOTE: Asymptotic variance matrix of covariance parameter estimates has been found to be singular and a generalized inverse was used. Covariance parameters with zero variance do not contribute to degrees of freedom computed by DDFM=KENWARDROGER.
INFO: NOTE: The above message was for the following BY group:
INFO: CohortNumber=1 CohortName=Cohort 1 CohortDescription=FASTED-FED Parameter Short Name=CMAX Parameter Category=DRUG X combination=FED ~vs~ FASTED
INFO: NOTE: Convergence criteria met.
INFO: NOTE: The above message was for the following BY group:
INFO: CohortNumber=1 CohortName=Cohort 1 CohortDescription=FASTED-FED Parameter Short Name=THALF Parameter Category=DRUG X combination=FED ~vs~ FASTED
INFO: NOTE: Convergence criteria met.
INFO: NOTE: Estimated G matrix is not positive definite.
INFO: NOTE: Asymptotic variance matrix of covariance parameter estimates has been found to be singular and a generalized inverse was used. Covariance parameters with zero variance do not contribute to degrees of freedom computed by DDFM=KENWARDROGER.
INFO: NOTE: The above message was for the following BY group:
INFO: 14                                                                                                                       The SAS System                                                                                       10:48 Wednesday, September 6, 2017
INFO: 
INFO: CohortNumber=1 CohortName=Cohort 1 CohortDescription=FASTED-FED Parameter Short Name=TMAX Parameter Category=DRUG X combination=FED ~vs~ FASTED
INFO: NOTE: The data set USER.ESTIMATES_UNPAIRED has 10 observations and 15 variables.
INFO: NOTE: Compressing data set USER.ESTIMATES_UNPAIRED increased size by 100.00 percent.
INFO: Compressed is 2 pages; un-compressed would require 1 pages.
INFO: NOTE: The PROCEDURE MIXED printed pages 1-15.
INFO: NOTE: PROCEDURE MIXED used (Total process time):
INFO: real time           0.03 seconds
INFO: cpu time            0.03 seconds
INFO: 
INFO: 
INFO: MPRINT(PK_ANALYSIS_SUMMARY_EXCLUDESUB):   proc mixed data = result.removedinput;
INFO: MPRINT(PK_ANALYSIS_SUMMARY_EXCLUDESUB):   by CohortNumber CohortName CohortDescription PPTESTCD PPCAT Combination;
INFO: MPRINT(PK_ANALYSIS_SUMMARY_EXCLUDESUB):   class USUBJID TreatmentInPeriod;
INFO: MPRINT(PK_ANALYSIS_SUMMARY_EXCLUDESUB):   model PPSTRESN = TreatmentInPeriod / ddfm = kenwardroger;
INFO: MPRINT(PK_ANALYSIS_SUMMARY_EXCLUDESUB):   random USUBJID ;
INFO: MPRINT(PK_ANALYSIS_SUMMARY_EXCLUDESUB):   lsmeans TreatmentInPeriod / pdiff cl alpha = 0.1;
INFO: MPRINT(PK_ANALYSIS_SUMMARY_EXCLUDESUB):   estimate 'DDI Effect' TreatmentInPeriod -1 1 / cl alpha = 0.1;
INFO: MPRINT(PK_ANALYSIS_SUMMARY_EXCLUDESUB):   estimate 'DDI Effect Inv' TreatmentInPeriod 1 -1 / cl alpha = 0.1;
INFO: MPRINT(PK_ANALYSIS_SUMMARY_EXCLUDESUB):   ods output Estimates = user.estimates_paired;
INFO: MPRINT(PK_ANALYSIS_SUMMARY_EXCLUDESUB):   run;
INFO: NOTE: Convergence criteria met.
INFO: NOTE: The above message was for the following BY group:
INFO: CohortNumber=1 CohortName=Cohort 1 CohortDescription=FASTED-FED Parameter Short Name=AUC Parameter Category=DRUG X combination=FED ~vs~ FASTED
INFO: NOTE: Convergence criteria met.
INFO: NOTE: The above message was for the following BY group:
INFO: CohortNumber=1 CohortName=Cohort 1 CohortDescription=FASTED-FED Parameter Short Name=AUC0_T Parameter Category=DRUG X combination=FED ~vs~ FASTED
INFO: NOTE: Convergence criteria met.
INFO: NOTE: Estimated G matrix is not positive definite.
INFO: NOTE: Asymptotic variance matrix of covariance parameter estimates has been found to be singular and a generalized inverse was used. Covariance parameters with zero variance do not contribute to degrees of freedom computed by DDFM=KENWARDROGER.
INFO: NOTE: The above message was for the following BY group:
INFO: CohortNumber=1 CohortName=Cohort 1 CohortDescription=FASTED-FED Parameter Short Name=CMAX Parameter Category=DRUG X combination=FED ~vs~ FASTED
INFO: NOTE: Convergence criteria met.
INFO: NOTE: The above message was for the following BY group:
INFO: CohortNumber=1 CohortName=Cohort 1 CohortDescription=FASTED-FED Parameter Short Name=THALF Parameter Category=DRUG X combination=FED ~vs~ FASTED
INFO: NOTE: Convergence criteria met.
INFO: NOTE: Estimated G matrix is not positive definite.
INFO: NOTE: Asymptotic variance matrix of covariance parameter estimates has been found to be singular and a generalized inverse was used. Covariance parameters with zero variance do not contribute to degrees of freedom computed by DDFM=KENWARDROGER.
INFO: NOTE: The above message was for the following BY group:
INFO: CohortNumber=1 CohortName=Cohort 1 CohortDescription=FASTED-FED Parameter Short Name=TMAX Parameter Category=DRUG X combination=FED ~vs~ FASTED
INFO: NOTE: The data set USER.ESTIMATES_PAIRED has 10 observations and 15 variables.
INFO: NOTE: Compressing data set USER.ESTIMATES_PAIRED increased size by 100.00 percent.
INFO: Compressed is 2 pages; un-compressed would require 1 pages.
INFO: NOTE: The PROCEDURE MIXED printed pages 16-25.
INFO: NOTE: PROCEDURE MIXED used (Total process time):
INFO: real time           0.01 seconds
INFO: cpu time            0.01 seconds
INFO: 
INFO: 
INFO: MPRINT(PK_ANALYSIS_SUMMARY_EXCLUDESUB):   data user.estimates;
INFO: MPRINT(PK_ANALYSIS_SUMMARY_EXCLUDESUB):   set user.estimates_unpaired (in = a) user.estimates_paired (in = b) ;
INFO: MPRINT(PK_ANALYSIS_SUMMARY_EXCLUDESUB):   if a then do;
INFO: MPRINT(PK_ANALYSIS_SUMMARY_EXCLUDESUB):   EstType = "unpaired";
INFO: MPRINT(PK_ANALYSIS_SUMMARY_EXCLUDESUB):   end;
INFO: MPRINT(PK_ANALYSIS_SUMMARY_EXCLUDESUB):   else if b then do;
INFO: MPRINT(PK_ANALYSIS_SUMMARY_EXCLUDESUB):   EstType = "paired  ";
INFO: MPRINT(PK_ANALYSIS_SUMMARY_EXCLUDESUB):   end;
INFO: MPRINT(PK_ANALYSIS_SUMMARY_EXCLUDESUB):   run;
INFO: 
INFO: 15                                                                                                                       The SAS System                                                                                       10:48 Wednesday, September 6, 2017
INFO: 
INFO: NOTE: There were 10 observations read from the data set USER.ESTIMATES_UNPAIRED.
INFO: NOTE: There were 10 observations read from the data set USER.ESTIMATES_PAIRED.
INFO: NOTE: The data set USER.ESTIMATES has 20 observations and 16 variables.
INFO: NOTE: Compressing data set USER.ESTIMATES increased size by 100.00 percent.
INFO: Compressed is 2 pages; un-compressed would require 1 pages.
INFO: NOTE: DATA statement used (Total process time):
INFO: real time           0.00 seconds
INFO: cpu time            0.00 seconds
INFO: 
INFO: 
INFO: MPRINT(PK_ANALYSIS_SUMMARY_EXCLUDESUB):   data user.estimates;
INFO: MPRINT(PK_ANALYSIS_SUMMARY_EXCLUDESUB):   set user.estimates;
INFO: MPRINT(PK_ANALYSIS_SUMMARY_EXCLUDESUB):  ;
INFO: MPRINT(PK_ANALYSIS_SUMMARY_EXCLUDESUB):   ratio = exp(estimate);
INFO: MPRINT(PK_ANALYSIS_SUMMARY_EXCLUDESUB):   lcl = exp(lower);
INFO: MPRINT(PK_ANALYSIS_SUMMARY_EXCLUDESUB):   ucl = exp(upper);
INFO: MPRINT(PK_ANALYSIS_SUMMARY_EXCLUDESUB):   if not indexw(combination, "~vs~") then do;
INFO: MPRINT(PK_ANALYSIS_SUMMARY_EXCLUDESUB):   delete;
INFO: MPRINT(PK_ANALYSIS_SUMMARY_EXCLUDESUB):   end;
INFO: MPRINT(PK_ANALYSIS_SUMMARY_EXCLUDESUB):   *Meng 04/23/2015 fixed forest title inverse ratio;
INFO: MPRINT(PK_ANALYSIS_SUMMARY_EXCLUDESUB):   if label = 'DDI Effect' then do;
INFO: MPRINT(PK_ANALYSIS_SUMMARY_EXCLUDESUB):   combination = strip(substr(combination, indexw(combination, "~vs~") + 5)) || " ~vs~ " || substr(combination, 1, indexw(combination, "~vs~") - 1);
INFO: MPRINT(PK_ANALYSIS_SUMMARY_EXCLUDESUB):   end;
INFO: MPRINT(PK_ANALYSIS_SUMMARY_EXCLUDESUB):   keep CohortNumber CohortDescription Combination PPTESTCD PPCAT ratio lcl ucl esttype;
INFO: MPRINT(PK_ANALYSIS_SUMMARY_EXCLUDESUB):   run;
INFO: 
INFO: NOTE: There were 20 observations read from the data set USER.ESTIMATES.
INFO: NOTE: The data set USER.ESTIMATES has 20 observations and 9 variables.
INFO: NOTE: Compressing data set USER.ESTIMATES increased size by 100.00 percent.
INFO: Compressed is 2 pages; un-compressed would require 1 pages.
INFO: NOTE: DATA statement used (Total process time):
INFO: real time           0.00 seconds
INFO: cpu time            0.00 seconds
INFO: 
INFO: 
INFO: MPRINT(PK_ANALYSIS_SUMMARY_EXCLUDESUB):   proc sort data = user.estimates nodupkey;
INFO: MPRINT(PK_ANALYSIS_SUMMARY_EXCLUDESUB):   by CohortNumber CohortDescription Combination PPTESTCD PPCAT ratio lcl ucl esttype;
INFO: MPRINT(PK_ANALYSIS_SUMMARY_EXCLUDESUB):   run;
INFO: 
INFO: NOTE: There were 20 observations read from the data set USER.ESTIMATES.
INFO: NOTE: 0 observations with duplicate key values were deleted.
INFO: NOTE: The data set USER.ESTIMATES has 20 observations and 9 variables.
INFO: NOTE: Compressing data set USER.ESTIMATES increased size by 100.00 percent.
INFO: Compressed is 2 pages; un-compressed would require 1 pages.
INFO: NOTE: PROCEDURE SORT used (Total process time):
INFO: real time           0.00 seconds
INFO: cpu time            0.00 seconds
INFO: 
INFO: 
INFO: MPRINT(PK_ANALYSIS_SUMMARY_EXCLUDESUB):   data user.estimates;
INFO: MPRINT(PK_ANALYSIS_SUMMARY_EXCLUDESUB):   set user.estimates(where = (find(upcase(PPTESTCD), "AUC") or find(upcase(PPTESTCD), "CMAX") or find(upcase(PPTESTCD), "ACTAU") or find(upcase(PPTESTCD), "ACINF")));
INFO: MPRINT(PK_ANALYSIS_SUMMARY_EXCLUDESUB):   run;
INFO: 
INFO: NOTE: There were 12 observations read from the data set USER.ESTIMATES.
INFO: WHERE FIND(UPCASE(PPTESTCD), 'AUC') or FIND(UPCASE(PPTESTCD), 'CMAX') or FIND(UPCASE(PPTESTCD), 'ACTAU') or FIND(UPCASE(PPTESTCD), 'ACINF');
INFO: NOTE: The data set USER.ESTIMATES has 12 observations and 9 variables.
INFO: NOTE: Compressing data set USER.ESTIMATES increased size by 100.00 percent.
INFO: Compressed is 2 pages; un-compressed would require 1 pages.
INFO: 16                                                                                                                       The SAS System                                                                                       10:48 Wednesday, September 6, 2017
INFO: 
INFO: NOTE: DATA statement used (Total process time):
INFO: real time           0.01 seconds
INFO: cpu time            0.01 seconds
INFO: 
INFO: 
INFO: MPRINT(PK_ANALYSIS_SUMMARY_EXCLUDESUB):   data user.estimates;
INFO: MPRINT(PK_ANALYSIS_SUMMARY_EXCLUDESUB):   set user.estimates;
INFO: MPRINT(PK_ANALYSIS_SUMMARY_EXCLUDESUB):   combination1=TRANWRD(combination,"~vs~", "$$$");
INFO: MPRINT(PK_ANALYSIS_SUMMARY_EXCLUDESUB):   Reference_L=scan(combination1,-1,"$$$","R");
INFO: MPRINT(PK_ANALYSIS_SUMMARY_EXCLUDESUB):   run;
INFO: 
INFO: NOTE: There were 12 observations read from the data set USER.ESTIMATES.
INFO: NOTE: The data set USER.ESTIMATES has 12 observations and 11 variables.
INFO: NOTE: Compressing data set USER.ESTIMATES increased size by 100.00 percent.
INFO: Compressed is 2 pages; un-compressed would require 1 pages.
INFO: NOTE: DATA statement used (Total process time):
INFO: real time           0.00 seconds
INFO: cpu time            0.00 seconds
INFO: 
INFO: 
INFO: MPRINT(PK_ANALYSIS_SUMMARY_EXCLUDESUB):   libname pkOutput "C:\OCP\Sasjobs.Standalone\\Stored Procedures\Output Files\PKView\Peter\9-6-2017\DRUG000\0000\TEST002\estimates";
INFO: NOTE: Libref PKOUTPUT refers to the same physical library as RESULT.
INFO: NOTE: Libref PKOUTPUT was successfully assigned as follows:
INFO: Engine:        V9
INFO: Physical Name: C:\OCP\Sasjobs.Standalone\\Stored Procedures\Output Files\PKView\Peter\9-6-2017\DRUG000\0000\TEST002\estimates
INFO: MPRINT(PK_ANALYSIS_SUMMARY_EXCLUDESUB):   data pkOutput.estimates_ExcludeSub;
INFO: MPRINT(PK_ANALYSIS_SUMMARY_EXCLUDESUB):   set user.estimates;
INFO: MPRINT(PK_ANALYSIS_SUMMARY_EXCLUDESUB):   run;
INFO: 
INFO: NOTE: There were 12 observations read from the data set USER.ESTIMATES.
INFO: NOTE: The data set PKOUTPUT.ESTIMATES_EXCLUDESUB has 12 observations and 11 variables.
INFO: NOTE: Compressing data set PKOUTPUT.ESTIMATES_EXCLUDESUB increased size by 100.00 percent.
INFO: Compressed is 2 pages; un-compressed would require 1 pages.
INFO: NOTE: DATA statement used (Total process time):
INFO: real time           0.00 seconds
INFO: cpu time            0.00 seconds
INFO: 
INFO: 
INFO: MPRINT(PK_ANALYSIS_SUMMARY_EXCLUDESUB):   libname pkOutput CLEAR;
INFO: NOTE: Libref PKOUTPUT has been deassigned.
INFO: MPRINT(PK_ANALYSIS_SUMMARY_EXCLUDESUB):   libname pkOutput "C:\OCP\Sasjobs.Standalone\\Stored Procedures\Output Files\PKView\Peter\9-6-2017\DRUG000\0000\TEST002\estimates";
INFO: NOTE: Libref PKOUTPUT refers to the same physical library as RESULT.
INFO: NOTE: Libref PKOUTPUT was successfully assigned as follows:
INFO: Engine:        V9
INFO: Physical Name: C:\OCP\Sasjobs.Standalone\\Stored Procedures\Output Files\PKView\Peter\9-6-2017\DRUG000\0000\TEST002\estimates
INFO: MPRINT(PK_ANALYSIS_SUMMARY_EXCLUDESUB):   data pkOutput.IndividualPkStats_ExcludeSub;
INFO: MPRINT(PK_ANALYSIS_SUMMARY_EXCLUDESUB):   set result.removedinput;
INFO: MPRINT(PK_ANALYSIS_SUMMARY_EXCLUDESUB):   run;
INFO: 
INFO: NOTE: There were 80 observations read from the data set RESULT.REMOVEDINPUT.
INFO: NOTE: The data set PKOUTPUT.INDIVIDUALPKSTATS_EXCLUDESUB has 80 observations and 23 variables.
INFO: NOTE: Compressing data set PKOUTPUT.INDIVIDUALPKSTATS_EXCLUDESUB decreased size by 33.33 percent.
INFO: Compressed is 2 pages; un-compressed would require 3 pages.
INFO: NOTE: DATA statement used (Total process time):
INFO: real time           0.01 seconds
INFO: cpu time            0.01 seconds
INFO: 
INFO: 
INFO: 17                                                                                                                       The SAS System                                                                                       10:48 Wednesday, September 6, 2017
INFO: 
INFO: MPRINT(PK_ANALYSIS_SUMMARY_EXCLUDESUB):   libname pkOutput CLEAR;
INFO: NOTE: Libref PKOUTPUT has been deassigned.
INFO: MPRINT(PKREPORTEXCLUDE):  ;
INFO: get excluded sub of PK analysis summary
INFO: MPRINT(PKVIEWREPORT_EXCLUDESUB):   data work.select_1_1_1;
INFO: MPRINT(PKVIEWREPORT_EXCLUDESUB):   set result.estimates_ExcludeSub (where = ( CohortDescription = "FASTED-FED" and Reference_L = "FASTED" and PPCAT ="DRUG X" and PPTESTCD = "AUC" and EstType= "paired" and ratio ne . ));
INFO: MPRINT(PKVIEWREPORT_EXCLUDESUB):   run;
INFO: 
INFO: NOTE: There were 1 observations read from the data set RESULT.ESTIMATES_EXCLUDESUB.
INFO: WHERE (CohortDescription='FASTED-FED') and (Reference_L='FASTED') and (PPCAT='DRUG X') and (PPTESTCD='AUC') and (EstType='paired') and (ratio not = .);
INFO: NOTE: The data set WORK.SELECT_1_1_1 has 1 observations and 11 variables.
INFO: NOTE: Compressing data set WORK.SELECT_1_1_1 increased size by 100.00 percent.
INFO: Compressed is 2 pages; un-compressed would require 1 pages.
INFO: NOTE: DATA statement used (Total process time):
INFO: real time           0.00 seconds
INFO: cpu time            0.00 seconds
INFO: 
INFO: 
INFO: MPRINT(PKVIEWREPORT_EXCLUDESUB):   data work.select_1_1_2;
INFO: MPRINT(PKVIEWREPORT_EXCLUDESUB):   set result.estimates_ExcludeSub (where = ( CohortDescription = "FASTED-FED" and Reference_L = "FASTED" and PPCAT ="DRUG X" and PPTESTCD = "AUC0_T" and EstType= "paired" and ratio ne . ));
INFO: MPRINT(PKVIEWREPORT_EXCLUDESUB):   run;
INFO: 
INFO: NOTE: There were 1 observations read from the data set RESULT.ESTIMATES_EXCLUDESUB.
INFO: WHERE (CohortDescription='FASTED-FED') and (Reference_L='FASTED') and (PPCAT='DRUG X') and (PPTESTCD='AUC0_T') and (EstType='paired') and (ratio not = .);
INFO: NOTE: The data set WORK.SELECT_1_1_2 has 1 observations and 11 variables.
INFO: NOTE: Compressing data set WORK.SELECT_1_1_2 increased size by 100.00 percent.
INFO: Compressed is 2 pages; un-compressed would require 1 pages.
INFO: NOTE: DATA statement used (Total process time):
INFO: real time           0.01 seconds
INFO: cpu time            0.01 seconds
INFO: 
INFO: 
INFO: MPRINT(PKVIEWREPORT_EXCLUDESUB):   data work.select_1_1_3;
INFO: MPRINT(PKVIEWREPORT_EXCLUDESUB):   set result.estimates_ExcludeSub (where = ( CohortDescription = "FASTED-FED" and Reference_L = "FASTED" and PPCAT ="DRUG X" and PPTESTCD = "CMAX" and EstType= "paired" and ratio ne . ));
INFO: MPRINT(PKVIEWREPORT_EXCLUDESUB):   run;
INFO: 
INFO: NOTE: There were 1 observations read from the data set RESULT.ESTIMATES_EXCLUDESUB.
INFO: WHERE (CohortDescription='FASTED-FED') and (Reference_L='FASTED') and (PPCAT='DRUG X') and (PPTESTCD='CMAX') and (EstType='paired') and (ratio not = .);
INFO: NOTE: The data set WORK.SELECT_1_1_3 has 1 observations and 11 variables.
INFO: NOTE: Compressing data set WORK.SELECT_1_1_3 increased size by 100.00 percent.
INFO: Compressed is 2 pages; un-compressed would require 1 pages.
INFO: NOTE: DATA statement used (Total process time):
INFO: real time           0.00 seconds
INFO: cpu time            0.00 seconds
INFO: 
INFO: 
INFO: MPRINT(PKVIEWREPORT_EXCLUDESUB):   data allcohorts;
INFO: MPRINT(PKVIEWREPORT_EXCLUDESUB):   set work.select_1_1_1 work.select_1_1_2 work.select_1_1_3 ;
INFO: MPRINT(PKVIEWREPORT_EXCLUDESUB):   run;
INFO: 
INFO: NOTE: There were 1 observations read from the data set WORK.SELECT_1_1_1.
INFO: NOTE: There were 1 observations read from the data set WORK.SELECT_1_1_2.
INFO: NOTE: There were 1 observations read from the data set WORK.SELECT_1_1_3.
INFO: NOTE: The data set USER.ALLCOHORTS has 3 observations and 11 variables.
INFO: NOTE: Compressing data set USER.ALLCOHORTS increased size by 100.00 percent.
INFO: Compressed is 2 pages; un-compressed would require 1 pages.
INFO: NOTE: DATA statement used (Total process time):
INFO: real time           0.01 seconds
INFO: 18                                                                                                                       The SAS System                                                                                       10:48 Wednesday, September 6, 2017
INFO: 
INFO: cpu time            0.01 seconds
INFO: 
INFO: 
INFO: all cohorts in one table
INFO: OutputFolder=C:\OCP\Sasjobs.Standalone\\Stored Procedures\Output Files\PKView\Peter\9-6-2017\DRUG000\0000
INFO: MPRINT(PKVIEWREPORT_EXCLUDESUB):   proc sql;
INFO: MPRINT(PKVIEWREPORT_EXCLUDESUB):   select count(*) into: checkempty2 from allcohorts;
INFO: MPRINT(PKVIEWREPORT_EXCLUDESUB):   quit;
INFO: NOTE: The PROCEDURE SQL printed page 26.
INFO: NOTE: PROCEDURE SQL used (Total process time):
INFO: real time           0.00 seconds
INFO: cpu time            0.00 seconds
INFO: 
INFO: 
INFO: MPRINT(PKVIEWREPORT_EXCLUDESUB):   ods listing close;
INFO: MPRINT(PKVIEWREPORT_EXCLUDESUB):   proc report data= allcohorts nowd style(report)=[outputwidth=7in] style(column)=[background=white] style(header)=[foreground=Green] style(summary)=[background=purple foreground=white] style(lines)=[background=lime]
INFO: style(calldef)=[background=yellow foreground=black] out=AllCohortsNew;
INFO: MPRINT(PKVIEWREPORT_EXCLUDESUB):   title1 font = 'Times New Roman' height = 12pt justify = center underlin = 0 color = black bcolor = white 'Summary Table Categorized by Analyte';
INFO: MPRINT(PKVIEWREPORT_EXCLUDESUB):   footnote1 font = 'Times New Roman' height = 9pt justify = center underlin = 0 color = black bcolor = white 'Note: Created on May';
INFO: MPRINT(PKVIEWREPORT_EXCLUDESUB):   column PPCAT CohortNumber combination PPTESTCD reference_L EstType ("Results of Ratio and 90% CI" ratio lcl ucl) ;
INFO: MPRINT(PKVIEWREPORT_EXCLUDESUB):   define PPCAT/ "Analyte";
INFO: MPRINT(PKVIEWREPORT_EXCLUDESUB):   define reference_L/"reference_listed";
INFO: MPRINT(PKVIEWREPORT_EXCLUDESUB):   define PPTESTCD/ "Estimated Parameters";
INFO: MPRINT(PKVIEWREPORT_EXCLUDESUB):   define EstType/ "Paired or Unpaired";
INFO: MPRINT(PKVIEWREPORT_EXCLUDESUB):   define Combination/ "Comparison";
INFO: MPRINT(PKVIEWREPORT_EXCLUDESUB):   define CohortNumber/ "Cohorts";
INFO: MPRINT(PKVIEWREPORT_EXCLUDESUB):   define ratio/ format=8.4 "Ratio" ;
INFO: MPRINT(PKVIEWREPORT_EXCLUDESUB):   define lcl/ format=8.4 "Lower Limit" ;
INFO: MPRINT(PKVIEWREPORT_EXCLUDESUB):   define ucl/ format=8.4 "Upper Limit" ;
INFO: MPRINT(PKVIEWREPORT_EXCLUDESUB):   run;
INFO: 
INFO: NOTE: There were 3 observations read from the data set USER.ALLCOHORTS.
INFO: NOTE: The data set USER.ALLCOHORTSNEW has 3 observations and 10 variables.
INFO: NOTE: Compressing data set USER.ALLCOHORTSNEW increased size by 100.00 percent.
INFO: Compressed is 2 pages; un-compressed would require 1 pages.
INFO: NOTE: PROCEDURE REPORT used (Total process time):
INFO: real time           0.01 seconds
INFO: cpu time            0.01 seconds
INFO: 
INFO: 
INFO: MPRINT(PKVIEWREPORT_EXCLUDESUB):   ods listing;
INFO: MPRINT(PKVIEWREPORT_EXCLUDESUB):   data AllCohortsNew(rename=(PPCAT=analyte PPTESTCD=parameter CohortNumber=cohort Combination=comparison));
INFO: MPRINT(PKVIEWREPORT_EXCLUDESUB):   set AllCohortsNew;
INFO: MPRINT(PKVIEWREPORT_EXCLUDESUB):   run;
INFO: 
INFO: NOTE: There were 3 observations read from the data set USER.ALLCOHORTSNEW.
INFO: NOTE: The data set USER.ALLCOHORTSNEW has 3 observations and 10 variables.
INFO: NOTE: Compressing data set USER.ALLCOHORTSNEW increased size by 100.00 percent.
INFO: Compressed is 2 pages; un-compressed would require 1 pages.
INFO: NOTE: DATA statement used (Total process time):
INFO: real time           0.00 seconds
INFO: cpu time            0.00 seconds
INFO: 
INFO: 
INFO: MPRINT(PKVIEWREPORT_EXCLUDESUB):   proc sort data=AllCohortsNew;
INFO: MPRINT(PKVIEWREPORT_EXCLUDESUB):   by analyte comparison parameter cohort;
INFO: MPRINT(PKVIEWREPORT_EXCLUDESUB):   run;
INFO: 
INFO: 19                                                                                                                       The SAS System                                                                                       10:48 Wednesday, September 6, 2017
INFO: 
INFO: NOTE: There were 3 observations read from the data set USER.ALLCOHORTSNEW.
INFO: NOTE: The data set USER.ALLCOHORTSNEW has 3 observations and 10 variables.
INFO: NOTE: Compressing data set USER.ALLCOHORTSNEW increased size by 100.00 percent.
INFO: Compressed is 2 pages; un-compressed would require 1 pages.
INFO: NOTE: PROCEDURE SORT used (Total process time):
INFO: real time           0.00 seconds
INFO: cpu time            0.00 seconds
INFO: 
INFO: 
INFO: MPRINT(PKVIEWREPORT_EXCLUDESUB):   data AllCohortsNew;
INFO: MPRINT(PKVIEWREPORT_EXCLUDESUB):   retain analyte comparison parameter cohort;
INFO: MPRINT(PKVIEWREPORT_EXCLUDESUB):   set AllCohortsNew;
INFO: MPRINT(PKVIEWREPORT_EXCLUDESUB):   run;
INFO: 
INFO: NOTE: There were 3 observations read from the data set USER.ALLCOHORTSNEW.
INFO: NOTE: The data set USER.ALLCOHORTSNEW has 3 observations and 10 variables.
INFO: NOTE: Compressing data set USER.ALLCOHORTSNEW increased size by 100.00 percent.
INFO: Compressed is 2 pages; un-compressed would require 1 pages.
INFO: NOTE: DATA statement used (Total process time):
INFO: real time           0.01 seconds
INFO: cpu time            0.01 seconds
INFO: 
INFO: 
INFO: MPRINT(PKVIEWREPORT_EXCLUDESUB):   data AllCohortsNew (keep= parameter analyte comparison Reference_L EstType ratio lcl ucl );
INFO: MPRINT(PKVIEWREPORT_EXCLUDESUB):   set AllCohortsNew;
INFO: MPRINT(PKVIEWREPORT_EXCLUDESUB):   run;
INFO: 
INFO: NOTE: There were 3 observations read from the data set USER.ALLCOHORTSNEW.
INFO: NOTE: The data set USER.ALLCOHORTSNEW has 3 observations and 8 variables.
INFO: NOTE: Compressing data set USER.ALLCOHORTSNEW increased size by 100.00 percent.
INFO: Compressed is 2 pages; un-compressed would require 1 pages.
INFO: NOTE: DATA statement used (Total process time):
INFO: real time           0.00 seconds
INFO: cpu time            0.00 seconds
INFO: 
INFO: 
INFO: NOTE: The directory has been created at C:\OCP\Sasjobs.Standalone\\Stored Procedures\Output Files\PKView\Peter\9-6-2017\DRUG000\0000\TEST002\Custom Statistical Table
INFO: NOTE: Value of folderpath = C:\OCP\Sasjobs.Standalone\\Stored Procedures\Output Files\PKView\Peter\9-6-2017\DRUG000\0000\TEST002\Custom Statistical Table
INFO: MPRINT(PKVIEWREPORT_EXCLUDESUB):  ;
INFO: MPRINT(PKVIEWREPORT_EXCLUDESUB):   ods csv file= "C:\OCP\Sasjobs.Standalone\\Stored Procedures\Output Files\PKView\Peter\9-6-2017\DRUG000\0000\TEST002\Custom Statistical Table\AllCohrotsNew_ExcludeSub.csv" ;
INFO: NOTE: Writing CSV Body file: C:\OCP\Sasjobs.Standalone\\Stored Procedures\Output Files\PKView\Peter\9-6-2017\DRUG000\0000\TEST002\Custom Statistical Table\AllCohrotsNew_ExcludeSub.csv
INFO: MPRINT(PKVIEWREPORT_EXCLUDESUB):   proc print data=AllCohortsNew;
INFO: MPRINT(PKVIEWREPORT_EXCLUDESUB):   run;
INFO: 
INFO: NOTE: There were 3 observations read from the data set USER.ALLCOHORTSNEW.
INFO: NOTE: The PROCEDURE PRINT printed page 27.
INFO: NOTE: PROCEDURE PRINT used (Total process time):
INFO: real time           0.00 seconds
INFO: cpu time            0.00 seconds
INFO: 
INFO: 
INFO: MPRINT(PKVIEWREPORT_EXCLUDESUB):   ods csv close;
INFO: MPRINT(PKVIEWREPORT_EXCLUDESUB):   proc sql noprint;
INFO: MPRINT(PKVIEWREPORT_EXCLUDESUB):   select count(*) into :obscount from result.individualpkstats;
INFO: MPRINT(PKVIEWREPORT_EXCLUDESUB):   quit;
INFO: NOTE: PROCEDURE SQL used (Total process time):
INFO: real time           0.00 seconds
INFO: cpu time            0.00 seconds
INFO: 20                                                                                                                       The SAS System                                                                                       10:48 Wednesday, September 6, 2017
INFO: 
INFO: 
INFO: 
INFO: 4th: obscount=      80
INFO: MPRINT(PKREPORTEXCLUDE):  ;
INFO: 20
