INFO: 1                                                          The SAS System                         10:39 Wednesday, September 6, 2017
INFO: 
INFO: NOTE: Copyright (c) 2002-2012 by SAS Institute Inc., Cary, NC, USA.
INFO: NOTE: SAS (r) Proprietary Software 9.4 (TS1M4)
INFO: Licensed to UNIVERSITY OF ILLINOIS SYSTEM - T&R SFA, Site 70080107.
INFO: NOTE: This session is executing on the X64_10PRO  platform.
INFO: 
INFO: 
INFO: 
INFO: NOTE: Updated analytical products:
INFO: 
INFO: SAS/STAT 14.2
INFO: SAS/ETS 14.2
INFO: SAS/OR 14.2
INFO: SAS/IML 14.2
INFO: SAS/QC 14.2
INFO: 
INFO: NOTE: Additional host information:
INFO: 
INFO: X64_10PRO WIN 10.0.15063  Workstation
INFO: 
INFO: NOTE: SAS Initialization used (Total process time):
INFO: real time           0.00 seconds
INFO: cpu time            0.00 seconds
INFO: 
INFO: 1
INFO: 2          %LET SASSPPATH = C:\OCP\Sasjobs.Standalone\\Stored Procedures;
INFO: 3
INFO: 4          %global SasSpPath;
INFO: 5          options nofmterr compress = yes mprint spool sasautos = (sasautos "&SasSpPath.\Macros" "&SasSpPath.\Sub Macros");
INFO: 6
INFO: 7          libname user "%sysfunc(getoption(work))" ACCESS=TEMP FILELOCKWAIT=20;
INFO: NOTE: Libref USER refers to the same physical library as WORK.
INFO: NOTE: Libref USER was successfully assigned as follows:
INFO: Engine:        V9
INFO: Physical Name: C:\apps\SAS\SASUser\Peter\SAS Temporary Files\_TD11132_DESKTOP-MP8HDJJ_\Prc24
INFO: 8          %let work = user.;
INFO: 9
INFO: 10         ods path &work.templat(update)
INFO: 11             sasuser.templat(read)
INFO: 12             sashelp.tmplmst(read)
INFO: 13         ;
INFO: 14
INFO: 15         %TransferDataSetToWeb;
INFO: MPRINT(TRANSFERDATASETTOWEB):   * FROM SASDATA IN FILE '';
INFO: MPRINT(TRANSFERDATASETTOWEB):   data _null_;
INFO: MPRINT(TRANSFERDATASETTOWEB):   set websvc.sasdata;
INFO: MPRINT(TRANSFERDATASETTOWEB):   * FROM SASDATA IN FILE '';
INFO: MPRINT(TRANSFERDATASETTOWEB):   call symputx("filepath", filepath);
INFO: MPRINT(TRANSFERDATASETTOWEB):   run;
INFO: NOTE: There were 1 observations read from the data set WEBSVC.SASDATA.
INFO: NOTE: DATA statement used (Total process time):
INFO: real time           0.00 seconds
INFO: cpu time            0.00 seconds
INFO: 
INFO: 
INFO: MPRINT(SMREADANDMERGEDATASET):   libname input1 xport
INFO: "\\localhost\clinical\DRUG000\0000\m5\datasets\test002\tabulations\sdtm\pp.xpt" access = readonly;
INFO: NOTE: Libref INPUT1 was successfully assigned as follows:
INFO: Engine:        XPORT
INFO: 2                                                          The SAS System                         10:39 Wednesday, September 6, 2017
INFO: 
INFO: Physical Name: \\localhost\clinical\DRUG000\0000\m5\datasets\test002\tabulations\sdtm\pp.xpt
INFO: MPRINT(SMDETERMINEDATASETNAME):   proc contents data=input1._ALL_ memtype=data out=user.dsNames0(keep=memname) noprint;
INFO: MPRINT(SMDETERMINEDATASETNAME):   run;
INFO: 
INFO: NOTE: The data set USER.DSNAMES0 has 18 observations and 1 variables.
INFO: NOTE: Compressing data set USER.DSNAMES0 increased size by 100.00 percent.
INFO: Compressed is 2 pages; un-compressed would require 1 pages.
INFO: NOTE: PROCEDURE CONTENTS used (Total process time):
INFO: real time           0.03 seconds
INFO: cpu time            0.03 seconds
INFO: 
INFO: 
INFO: MPRINT(SMDETERMINEDATASETNAME):   proc sort data=user.dsNames0 OUT=user.dsNames nodupkey;
INFO: MPRINT(SMDETERMINEDATASETNAME):   BY memname;
INFO: MPRINT(SMDETERMINEDATASETNAME):   run;
INFO: 
INFO: NOTE: There were 18 observations read from the data set USER.DSNAMES0.
INFO: NOTE: 17 observations with duplicate key values were deleted.
INFO: NOTE: The data set USER.DSNAMES has 1 observations and 1 variables.
INFO: NOTE: Compressing data set USER.DSNAMES increased size by 100.00 percent.
INFO: Compressed is 2 pages; un-compressed would require 1 pages.
INFO: NOTE: PROCEDURE SORT used (Total process time):
INFO: real time           0.00 seconds
INFO: cpu time            0.00 seconds
INFO: 
INFO: 
INFO: MPRINT(SMDETERMINEDATASETNAME):   data _null_;
INFO: MPRINT(SMDETERMINEDATASETNAME):   set user.dsNames;
INFO: MPRINT(SMDETERMINEDATASETNAME):   if index(upcase(memname), upcase('&expectedDsName.')) ne 0 then do;
INFO: MPRINT(SMDETERMINEDATASETNAME):   call symput('inputDsName', memname);
INFO: MPRINT(SMDETERMINEDATASETNAME):   end;
INFO: MPRINT(SMDETERMINEDATASETNAME):   run;
INFO: 
INFO: NOTE: There were 1 observations read from the data set USER.DSNAMES.
INFO: NOTE: DATA statement used (Total process time):
INFO: real time           0.01 seconds
INFO: cpu time            0.01 seconds
INFO: 
INFO: 
INFO: MPRINT(SMDETERMINEDATASETNAME):   data _null_;
INFO: MPRINT(SMDETERMINEDATASETNAME):   set user.dsNames;
INFO: MPRINT(SMDETERMINEDATASETNAME):   by memname;
INFO: MPRINT(SMDETERMINEDATASETNAME):   if first.memname then do;
INFO: MPRINT(SMDETERMINEDATASETNAME):   call symput('inputDsName', memname);
INFO: MPRINT(SMDETERMINEDATASETNAME):   end;
INFO: MPRINT(SMDETERMINEDATASETNAME):   run;
INFO: 
INFO: NOTE: There were 1 observations read from the data set USER.DSNAMES.
INFO: NOTE: DATA statement used (Total process time):
INFO: real time           0.00 seconds
INFO: cpu time            0.00 seconds
INFO: 
INFO: 
INFO: MPRINT(SMREADANDMERGEDATASET):  ;
INFO: MPRINT(SMREADANDMERGEDATASET):   data user.out_tmp;
INFO: MPRINT(SMREADANDMERGEDATASET):   set input1.PP ;
INFO: MPRINT(SMREADANDMERGEDATASET):   ;
INFO: MPRINT(SMREADANDMERGEDATASET):   run;
INFO: 3                                                          The SAS System                         10:39 Wednesday, September 6, 2017
INFO: 
INFO: 
INFO: NOTE: There were 368 observations read from the data set INPUT1.PP.
INFO: NOTE: The data set USER.OUT_TMP has 368 observations and 18 variables.
INFO: NOTE: Compressing data set USER.OUT_TMP decreased size by 0.00 percent.
INFO: Compressed is 3 pages; un-compressed would require 3 pages.
INFO: NOTE: DATA statement used (Total process time):
INFO: real time           0.01 seconds
INFO: cpu time            0.01 seconds
INFO: 
INFO: 
INFO: MPRINT(SMREADANDMERGEDATASET):   data user.out;
INFO: MPRINT(SMREADANDMERGEDATASET):   set user.out_tmp;
INFO: MPRINT(SMREADANDMERGEDATASET):   run;
INFO: 
INFO: NOTE: There were 368 observations read from the data set USER.OUT_TMP.
INFO: NOTE: The data set USER.OUT has 368 observations and 18 variables.
INFO: NOTE: Compressing data set USER.OUT decreased size by 0.00 percent.
INFO: Compressed is 3 pages; un-compressed would require 3 pages.
INFO: NOTE: DATA statement used (Total process time):
INFO: real time           0.00 seconds
INFO: cpu time            0.00 seconds
INFO: 
INFO: 
INFO: MPRINT(SMREADANDMERGEDATASET):   libname input1 clear;
INFO: NOTE: Libref INPUT1 has been deassigned.
INFO: MPRINT(TRANSFERDATASETTOWEB):  ;
INFO: MPRINT(TRANSFERDATASETTOWEB):   data user.data;
INFO: MPRINT(TRANSFERDATASETTOWEB):   length dataset $20.;
INFO: MPRINT(TRANSFERDATASETTOWEB):   dataset="out";
INFO: MPRINT(TRANSFERDATASETTOWEB):   output;
INFO: MPRINT(TRANSFERDATASETTOWEB):   run;
INFO: 
INFO: NOTE: The data set USER.DATA has 1 observations and 1 variables.
INFO: NOTE: Compressing data set USER.DATA increased size by 100.00 percent.
INFO: Compressed is 2 pages; un-compressed would require 1 pages.
INFO: NOTE: DATA statement used (Total process time):
INFO: real time           0.01 seconds
INFO: cpu time            0.01 seconds
INFO: 
INFO: 
INFO: MPRINT(TRANSFERDATASETTOWEB):   proc export data=user.out outfile="\\DESKTOP-MP8HDJJ\Output Files\PkView\Peter\outforxptdata.csv"
INFO: dbms=dlm replace;
INFO: MPRINT(TRANSFERDATASETTOWEB):   ADLM;
INFO: MPRINT(TRANSFERDATASETTOWEB):   delimiter=',';
INFO: MPRINT(TRANSFERDATASETTOWEB):   run;
INFO: 
INFO: 16          /**********************************************************************
INFO: 17          *   PRODUCT:   SAS
INFO: 18          *   VERSION:   9.4
INFO: 19          *   CREATOR:   External File Interface
INFO: 20          *   DATE:      06SEP17
INFO: 21          *   DESC:      Generated SAS Datastep Code
INFO: 22          *   TEMPLATE SOURCE:  (None Specified.)
INFO: 23          ***********************************************************************/
INFO: 24             data _null_;
INFO: MPRINT(TRANSFERDATASETTOWEB):   data _null_;
INFO: 25             %let _EFIERR_ = 0; /* set the ERROR detection macro variable */
INFO: 26             %let _EFIREC_ = 0;     /* clear export record count macro variable */
INFO: 4                                                          The SAS System                         10:39 Wednesday, September 6, 2017
INFO: 
INFO: 27             file '\\DESKTOP-MP8HDJJ\Output Files\PkView\Peter\outforxptdata.csv' delimiter=',' DSD DROPOVER lrecl=32767;
INFO: MPRINT(TRANSFERDATASETTOWEB):   file '\\DESKTOP-MP8HDJJ\Output Files\PkView\Peter\outforxptdata.csv' delimiter=',' DSD DROPOVER
INFO: lrecl=32767;
INFO: 28             if _n_ = 1 then        /* write column names or labels */
INFO: 29              do;
INFO: MPRINT(TRANSFERDATASETTOWEB):   if _n_ = 1 then do;
INFO: 30                put
INFO: 31                   "USUBJID"
INFO: 32                ','
INFO: 33                   "STUDYID"
INFO: 34                ','
INFO: 35                   "DOMAIN"
INFO: 36                ','
INFO: 37                   "PPSEQ"
INFO: 38                ','
INFO: 39                   "PPTESTCD"
INFO: 40                ','
INFO: 41                   "PPTEST"
INFO: 42                ','
INFO: 43                   "PPCAT"
INFO: 44                ','
INFO: 45                   "PPORRES"
INFO: 46                ','
INFO: 47                   "PPORRESU"
INFO: 48                ','
INFO: 49                   "PPSTRESC"
INFO: 50                ','
INFO: 51                   "PPSTRESN"
INFO: 52                ','
INFO: 53                   "PPSTRESU"
INFO: 54                ','
INFO: 55                   "PPSPEC"
INFO: 56                ','
INFO: 57                   "PPDTC"
INFO: 58                ','
INFO: 59                   "PPRFTDTC"
INFO: 60                ','
INFO: 61                   "PPDY"
INFO: 62                ','
INFO: 63                   "VISITNUM"
INFO: 64                ','
INFO: 65                   "VISIT"
INFO: 66                ;
INFO: MPRINT(TRANSFERDATASETTOWEB):   put "USUBJID" ',' "STUDYID" ',' "DOMAIN" ',' "PPSEQ" ',' "PPTESTCD" ',' "PPTEST" ',' "PPCAT" ','
INFO: "PPORRES" ',' "PPORRESU" ',' "PPSTRESC" ',' "PPSTRESN" ',' "PPSTRESU" ',' "PPSPEC" ',' "PPDTC" ',' "PPRFTDTC" ',' "PPDY" ','
INFO: "VISITNUM" ',' "VISIT" ;
INFO: 67              end;
INFO: MPRINT(TRANSFERDATASETTOWEB):   end;
INFO: 68            set  USER.OUT   end=EFIEOD;
INFO: MPRINT(TRANSFERDATASETTOWEB):   set USER.OUT end=EFIEOD;
INFO: 69                format USUBJID $200. ;
INFO: MPRINT(TRANSFERDATASETTOWEB):   format USUBJID $200. ;
INFO: 70                format STUDYID $7. ;
INFO: MPRINT(TRANSFERDATASETTOWEB):   format STUDYID $7. ;
INFO: 71                format DOMAIN $3. ;
INFO: MPRINT(TRANSFERDATASETTOWEB):   format DOMAIN $3. ;
INFO: 72                format PPSEQ best12. ;
INFO: MPRINT(TRANSFERDATASETTOWEB):   format PPSEQ best12. ;
INFO: 5                                                          The SAS System                         10:39 Wednesday, September 6, 2017
INFO: 
INFO: 73                format PPTESTCD $7. ;
INFO: MPRINT(TRANSFERDATASETTOWEB):   format PPTESTCD $7. ;
INFO: 74                format PPTEST $40. ;
INFO: MPRINT(TRANSFERDATASETTOWEB):   format PPTEST $40. ;
INFO: 75                format PPCAT $9. ;
INFO: MPRINT(TRANSFERDATASETTOWEB):   format PPCAT $9. ;
INFO: 76                format PPORRES $11. ;
INFO: MPRINT(TRANSFERDATASETTOWEB):   format PPORRES $11. ;
INFO: 77                format PPORRESU $14. ;
INFO: MPRINT(TRANSFERDATASETTOWEB):   format PPORRESU $14. ;
INFO: 78                format PPSTRESC $11. ;
INFO: MPRINT(TRANSFERDATASETTOWEB):   format PPSTRESC $11. ;
INFO: 79                format PPSTRESN best12. ;
INFO: MPRINT(TRANSFERDATASETTOWEB):   format PPSTRESN best12. ;
INFO: 80                format PPSTRESU $14. ;
INFO: MPRINT(TRANSFERDATASETTOWEB):   format PPSTRESU $14. ;
INFO: 81                format PPSPEC $7. ;
INFO: MPRINT(TRANSFERDATASETTOWEB):   format PPSPEC $7. ;
INFO: 82                format PPDTC $11. ;
INFO: MPRINT(TRANSFERDATASETTOWEB):   format PPDTC $11. ;
INFO: 83                format PPRFTDTC $17. ;
INFO: MPRINT(TRANSFERDATASETTOWEB):   format PPRFTDTC $17. ;
INFO: 84                format PPDY best12. ;
INFO: MPRINT(TRANSFERDATASETTOWEB):   format PPDY best12. ;
INFO: 85                format VISITNUM best12. ;
INFO: MPRINT(TRANSFERDATASETTOWEB):   format VISITNUM best12. ;
INFO: 86                format VISIT $15. ;
INFO: MPRINT(TRANSFERDATASETTOWEB):   format VISIT $15. ;
INFO: 87              do;
INFO: MPRINT(TRANSFERDATASETTOWEB):   do;
INFO: 88                EFIOUT + 1;
INFO: MPRINT(TRANSFERDATASETTOWEB):   EFIOUT + 1;
INFO: 89                put USUBJID $ @;
INFO: MPRINT(TRANSFERDATASETTOWEB):   put USUBJID $ @;
INFO: 90                put STUDYID $ @;
INFO: MPRINT(TRANSFERDATASETTOWEB):   put STUDYID $ @;
INFO: 91                put DOMAIN $ @;
INFO: MPRINT(TRANSFERDATASETTOWEB):   put DOMAIN $ @;
INFO: 92                put PPSEQ @;
INFO: MPRINT(TRANSFERDATASETTOWEB):   put PPSEQ @;
INFO: 93                put PPTESTCD $ @;
INFO: MPRINT(TRANSFERDATASETTOWEB):   put PPTESTCD $ @;
INFO: 94                put PPTEST $ @;
INFO: MPRINT(TRANSFERDATASETTOWEB):   put PPTEST $ @;
INFO: 95                put PPCAT $ @;
INFO: MPRINT(TRANSFERDATASETTOWEB):   put PPCAT $ @;
INFO: 96                put PPORRES $ @;
INFO: MPRINT(TRANSFERDATASETTOWEB):   put PPORRES $ @;
INFO: 97                put PPORRESU $ @;
INFO: MPRINT(TRANSFERDATASETTOWEB):   put PPORRESU $ @;
INFO: 98                put PPSTRESC $ @;
INFO: MPRINT(TRANSFERDATASETTOWEB):   put PPSTRESC $ @;
INFO: 99                put PPSTRESN @;
INFO: MPRINT(TRANSFERDATASETTOWEB):   put PPSTRESN @;
INFO: 100               put PPSTRESU $ @;
INFO: MPRINT(TRANSFERDATASETTOWEB):   put PPSTRESU $ @;
INFO: 101               put PPSPEC $ @;
INFO: MPRINT(TRANSFERDATASETTOWEB):   put PPSPEC $ @;
INFO: 6                                                          The SAS System                         10:39 Wednesday, September 6, 2017
INFO: 
INFO: 102               put PPDTC $ @;
INFO: MPRINT(TRANSFERDATASETTOWEB):   put PPDTC $ @;
INFO: 103               put PPRFTDTC $ @;
INFO: MPRINT(TRANSFERDATASETTOWEB):   put PPRFTDTC $ @;
INFO: 104               put PPDY @;
INFO: MPRINT(TRANSFERDATASETTOWEB):   put PPDY @;
INFO: 105               put VISITNUM @;
INFO: MPRINT(TRANSFERDATASETTOWEB):   put VISITNUM @;
INFO: 106               put VISIT $ ;
INFO: MPRINT(TRANSFERDATASETTOWEB):   put VISIT $ ;
INFO: 107               ;
INFO: MPRINT(TRANSFERDATASETTOWEB):   ;
INFO: 108             end;
INFO: MPRINT(TRANSFERDATASETTOWEB):   end;
INFO: 109            if _ERROR_ then call symputx('_EFIERR_',1);  /* set ERROR detection macro variable */
INFO: MPRINT(TRANSFERDATASETTOWEB):   if _ERROR_ then call symputx('_EFIERR_',1);
INFO: 110            if EFIEOD then call symputx('_EFIREC_',EFIOUT);
INFO: MPRINT(TRANSFERDATASETTOWEB):   if EFIEOD then call symputx('_EFIREC_',EFIOUT);
INFO: 111            run;
INFO: MPRINT(TRANSFERDATASETTOWEB):   run;
INFO: 
INFO: NOTE: The file '\\DESKTOP-MP8HDJJ\Output Files\PkView\Peter\outforxptdata.csv' is:
INFO: Filename=\\DESKTOP-MP8HDJJ\Output Files\PkView\Peter\outforxptdata.csv,
INFO: RECFM=V,LRECL=32767,File Size (bytes)=0,
INFO: Last Modified=06Sep2017:10:39:28,
INFO: Create Time=06Sep2017:10:39:18
INFO: 
INFO: NOTE: 369 records were written to the file '\\DESKTOP-MP8HDJJ\Output Files\PkView\Peter\outforxptdata.csv'.
INFO: The minimum record length was 130.
INFO: The maximum record length was 186.
INFO: NOTE: There were 368 observations read from the data set USER.OUT.
INFO: NOTE: DATA statement used (Total process time):
INFO: real time           0.01 seconds
INFO: cpu time            0.01 seconds
INFO: 
INFO: 
INFO: 368 records created in \\DESKTOP-MP8HDJJ\Output Files\PkView\Peter\outforxptdata.csv from USER.OUT.
INFO: 
INFO: 
INFO: NOTE: "\\DESKTOP-MP8HDJJ\Output Files\PkView\Peter\outforxptdata.csv" file was successfully created.
INFO: NOTE: PROCEDURE EXPORT used (Total process time):
INFO: real time           0.03 seconds
INFO: cpu time            0.03 seconds
INFO: 
INFO: 
INFO: MPRINT(TRANSFERDATASETTOWEB):    ;
INFO: MPRINT(TRANSFERDATASETTOWEB):   libname input clear;
WARNING: WARNING: Libref INPUT is not assigned.
INFO: 112
INFO: 113
