INFO: 1                                                          The SAS System                         11:53 Wednesday, September 6, 2017
INFO: 
INFO: NOTE: Copyright (c) 2002-2012 by SAS Institute Inc., Cary, NC, USA.
INFO: NOTE: SAS (r) Proprietary Software 9.4 (TS1M4)
INFO: Licensed to UNIVERSITY OF ILLINOIS SYSTEM - T&R SFA, Site 70080107.
INFO: NOTE: This session is executing on the X64_10PRO  platform.
INFO: 
INFO: 
INFO: 
INFO: NOTE: Updated analytical products:
INFO: 
INFO: SAS/STAT 14.2
INFO: SAS/ETS 14.2
INFO: SAS/OR 14.2
INFO: SAS/IML 14.2
INFO: SAS/QC 14.2
INFO: 
INFO: NOTE: Additional host information:
INFO: 
INFO: X64_10PRO WIN 10.0.15063  Workstation
INFO: 
INFO: NOTE: SAS Initialization used (Total process time):
INFO: real time           0.00 seconds
INFO: cpu time            0.00 seconds
INFO: 
INFO: 1
INFO: 2          %LET SASSPPATH = C:\OCP\Sasjobs.Standalone\\Stored Procedures;
INFO: 3
INFO: 4          %global SasSpPath;
INFO: 5          options nofmterr compress = yes mprint spool sasautos = (sasautos "&SasSpPath.\Macros" "&SasSpPath.\Sub Macros");
INFO: 6
INFO: 7          libname user "%sysfunc(getoption(work))" ACCESS=TEMP FILELOCKWAIT=20;
INFO: NOTE: Libref USER refers to the same physical library as WORK.
INFO: NOTE: Libref USER was successfully assigned as follows:
INFO: Engine:        V9
INFO: Physical Name: C:\apps\SAS\SASUser\Peter\SAS Temporary Files\_TD8316_DESKTOP-MP8HDJJ_\Prc51
INFO: 8          %let work = user.;
INFO: 9
INFO: 10         ods path &work.templat(update)
INFO: 11             sasuser.templat(read)
INFO: 12             sashelp.tmplmst(read)
INFO: 13         ;
INFO: 14
INFO: 15         %TransferDataSetToWeb;
INFO: MPRINT(TRANSFERDATASETTOWEB):   * FROM SASDATA IN FILE '';
INFO: MPRINT(TRANSFERDATASETTOWEB):   data _null_;
INFO: MPRINT(TRANSFERDATASETTOWEB):   set websvc.sasdata;
INFO: MPRINT(TRANSFERDATASETTOWEB):   * FROM SASDATA IN FILE '';
INFO: MPRINT(TRANSFERDATASETTOWEB):   call symputx("filepath", filepath);
INFO: MPRINT(TRANSFERDATASETTOWEB):   run;
INFO: NOTE: There were 1 observations read from the data set WEBSVC.SASDATA.
INFO: NOTE: DATA statement used (Total process time):
INFO: real time           0.00 seconds
INFO: cpu time            0.00 seconds
INFO: 
INFO: 
INFO: MPRINT(SMREADANDMERGEDATASET):   libname input1 xport
INFO: "\\localhost\clinical\DRUG000\0000\m5\datasets\test002\tabulations\sdtm\pc.xpt" access = readonly;
INFO: NOTE: Libref INPUT1 was successfully assigned as follows:
INFO: Engine:        XPORT
INFO: 2                                                          The SAS System                         11:53 Wednesday, September 6, 2017
INFO: 
INFO: Physical Name: \\localhost\clinical\DRUG000\0000\m5\datasets\test002\tabulations\sdtm\pc.xpt
INFO: MPRINT(SMDETERMINEDATASETNAME):   proc contents data=input1._ALL_ memtype=data out=user.dsNames0(keep=memname) noprint;
INFO: MPRINT(SMDETERMINEDATASETNAME):   run;
INFO: 
INFO: NOTE: The data set USER.DSNAMES0 has 24 observations and 1 variables.
INFO: NOTE: Compressing data set USER.DSNAMES0 increased size by 100.00 percent.
INFO: Compressed is 2 pages; un-compressed would require 1 pages.
INFO: NOTE: PROCEDURE CONTENTS used (Total process time):
INFO: real time           0.01 seconds
INFO: cpu time            0.01 seconds
INFO: 
INFO: 
INFO: MPRINT(SMDETERMINEDATASETNAME):   proc sort data=user.dsNames0 OUT=user.dsNames nodupkey;
INFO: MPRINT(SMDETERMINEDATASETNAME):   BY memname;
INFO: MPRINT(SMDETERMINEDATASETNAME):   run;
INFO: 
INFO: NOTE: There were 24 observations read from the data set USER.DSNAMES0.
INFO: NOTE: 23 observations with duplicate key values were deleted.
INFO: NOTE: The data set USER.DSNAMES has 1 observations and 1 variables.
INFO: NOTE: Compressing data set USER.DSNAMES increased size by 100.00 percent.
INFO: Compressed is 2 pages; un-compressed would require 1 pages.
INFO: NOTE: PROCEDURE SORT used (Total process time):
INFO: real time           0.00 seconds
INFO: cpu time            0.00 seconds
INFO: 
INFO: 
INFO: MPRINT(SMDETERMINEDATASETNAME):   data _null_;
INFO: MPRINT(SMDETERMINEDATASETNAME):   set user.dsNames;
INFO: MPRINT(SMDETERMINEDATASETNAME):   if index(upcase(memname), upcase('&expectedDsName.')) ne 0 then do;
INFO: MPRINT(SMDETERMINEDATASETNAME):   call symput('inputDsName', memname);
INFO: MPRINT(SMDETERMINEDATASETNAME):   end;
INFO: MPRINT(SMDETERMINEDATASETNAME):   run;
INFO: 
INFO: NOTE: There were 1 observations read from the data set USER.DSNAMES.
INFO: NOTE: DATA statement used (Total process time):
INFO: real time           0.00 seconds
INFO: cpu time            0.00 seconds
INFO: 
INFO: 
INFO: MPRINT(SMDETERMINEDATASETNAME):   data _null_;
INFO: MPRINT(SMDETERMINEDATASETNAME):   set user.dsNames;
INFO: MPRINT(SMDETERMINEDATASETNAME):   by memname;
INFO: MPRINT(SMDETERMINEDATASETNAME):   if first.memname then do;
INFO: MPRINT(SMDETERMINEDATASETNAME):   call symput('inputDsName', memname);
INFO: MPRINT(SMDETERMINEDATASETNAME):   end;
INFO: MPRINT(SMDETERMINEDATASETNAME):   run;
INFO: 
INFO: NOTE: There were 1 observations read from the data set USER.DSNAMES.
INFO: NOTE: DATA statement used (Total process time):
INFO: real time           0.00 seconds
INFO: cpu time            0.00 seconds
INFO: 
INFO: 
INFO: MPRINT(SMREADANDMERGEDATASET):  ;
INFO: MPRINT(SMREADANDMERGEDATASET):   data user.out_tmp;
INFO: MPRINT(SMREADANDMERGEDATASET):   set input1.PC ;
INFO: MPRINT(SMREADANDMERGEDATASET):   ;
INFO: MPRINT(SMREADANDMERGEDATASET):   run;
INFO: 3                                                          The SAS System                         11:53 Wednesday, September 6, 2017
INFO: 
INFO: 
INFO: NOTE: There were 480 observations read from the data set INPUT1.PC.
INFO: NOTE: The data set USER.OUT_TMP has 480 observations and 24 variables.
INFO: NOTE: Compressing data set USER.OUT_TMP decreased size by 25.00 percent.
INFO: Compressed is 3 pages; un-compressed would require 4 pages.
INFO: NOTE: DATA statement used (Total process time):
INFO: real time           0.00 seconds
INFO: cpu time            0.00 seconds
INFO: 
INFO: 
INFO: MPRINT(SMREADANDMERGEDATASET):   data user.out;
INFO: MPRINT(SMREADANDMERGEDATASET):   set user.out_tmp;
INFO: MPRINT(SMREADANDMERGEDATASET):   run;
INFO: 
INFO: NOTE: There were 480 observations read from the data set USER.OUT_TMP.
INFO: NOTE: The data set USER.OUT has 480 observations and 24 variables.
INFO: NOTE: Compressing data set USER.OUT decreased size by 25.00 percent.
INFO: Compressed is 3 pages; un-compressed would require 4 pages.
INFO: NOTE: DATA statement used (Total process time):
INFO: real time           0.00 seconds
INFO: cpu time            0.00 seconds
INFO: 
INFO: 
INFO: MPRINT(SMREADANDMERGEDATASET):   libname input1 clear;
INFO: NOTE: Libref INPUT1 has been deassigned.
INFO: MPRINT(TRANSFERDATASETTOWEB):  ;
INFO: MPRINT(TRANSFERDATASETTOWEB):   data user.data;
INFO: MPRINT(TRANSFERDATASETTOWEB):   length dataset $20.;
INFO: MPRINT(TRANSFERDATASETTOWEB):   dataset="out";
INFO: MPRINT(TRANSFERDATASETTOWEB):   output;
INFO: MPRINT(TRANSFERDATASETTOWEB):   run;
INFO: 
INFO: NOTE: The data set USER.DATA has 1 observations and 1 variables.
INFO: NOTE: Compressing data set USER.DATA increased size by 100.00 percent.
INFO: Compressed is 2 pages; un-compressed would require 1 pages.
INFO: NOTE: DATA statement used (Total process time):
INFO: real time           0.01 seconds
INFO: cpu time            0.01 seconds
INFO: 
INFO: 
INFO: MPRINT(TRANSFERDATASETTOWEB):   proc export data=user.out outfile="\\DESKTOP-MP8HDJJ\Output Files\PkView\Peter\outforxptdata.csv"
INFO: dbms=dlm replace;
INFO: MPRINT(TRANSFERDATASETTOWEB):   ADLM;
INFO: MPRINT(TRANSFERDATASETTOWEB):   delimiter=',';
INFO: MPRINT(TRANSFERDATASETTOWEB):   run;
INFO: 
INFO: 16          /**********************************************************************
INFO: 17          *   PRODUCT:   SAS
INFO: 18          *   VERSION:   9.4
INFO: 19          *   CREATOR:   External File Interface
INFO: 20          *   DATE:      06SEP17
INFO: 21          *   DESC:      Generated SAS Datastep Code
INFO: 22          *   TEMPLATE SOURCE:  (None Specified.)
INFO: 23          ***********************************************************************/
INFO: 24             data _null_;
INFO: MPRINT(TRANSFERDATASETTOWEB):   data _null_;
INFO: 25             %let _EFIERR_ = 0; /* set the ERROR detection macro variable */
INFO: 26             %let _EFIREC_ = 0;     /* clear export record count macro variable */
INFO: 4                                                          The SAS System                         11:53 Wednesday, September 6, 2017
INFO: 
INFO: 27             file '\\DESKTOP-MP8HDJJ\Output Files\PkView\Peter\outforxptdata.csv' delimiter=',' DSD DROPOVER lrecl=32767;
INFO: MPRINT(TRANSFERDATASETTOWEB):   file '\\DESKTOP-MP8HDJJ\Output Files\PkView\Peter\outforxptdata.csv' delimiter=',' DSD DROPOVER
INFO: lrecl=32767;
INFO: 28             if _n_ = 1 then        /* write column names or labels */
INFO: 29              do;
INFO: MPRINT(TRANSFERDATASETTOWEB):   if _n_ = 1 then do;
INFO: 30                put
INFO: 31                   "USUBJID"
INFO: 32                ','
INFO: 33                   "STUDYID"
INFO: 34                ','
INFO: 35                   "DOMAIN"
INFO: 36                ','
INFO: 37                   "PCSEQ"
INFO: 38                ','
INFO: 39                   "PCSPID"
INFO: 40                ','
INFO: 41                   "PCTESTCD"
INFO: 42                ','
INFO: 43                   "PCTEST"
INFO: 44                ','
INFO: 45                   "PCCAT"
INFO: 46                ','
INFO: 47                   "PCORRES"
INFO: 48                ','
INFO: 49                   "PCORRESU"
INFO: 50                ','
INFO: 51                   "PCSTRESC"
INFO: 52                ','
INFO: 53                   "PCSTRESN"
INFO: 54                ','
INFO: 55                   "PCSTRESU"
INFO: 56                ','
INFO: 57                   "PCNAM"
INFO: 58                ','
INFO: 59                   "PCSPEC"
INFO: 60                ','
INFO: 61                   "PCLLOQ"
INFO: 62                ','
INFO: 63                   "VISITNUM"
INFO: 64                ','
INFO: 65                   "VISIT"
INFO: 66                ','
INFO: 67                   "PCDTC"
INFO: 68                ','
INFO: 69                   "PCDY"
INFO: 70                ','
INFO: 71                   "PCTPT"
INFO: 72                ','
INFO: 73                   "PCTPTNUM"
INFO: 74                ','
INFO: 75                   "PCTPTREF"
INFO: 76                ','
INFO: 77                   "PCRFTDTC"
INFO: 78                ;
INFO: MPRINT(TRANSFERDATASETTOWEB):   put "USUBJID" ',' "STUDYID" ',' "DOMAIN" ',' "PCSEQ" ',' "PCSPID" ',' "PCTESTCD" ',' "PCTEST" ','
INFO: "PCCAT" ',' "PCORRES" ',' "PCORRESU" ',' "PCSTRESC" ',' "PCSTRESN" ',' "PCSTRESU" ',' "PCNAM" ',' "PCSPEC" ',' "PCLLOQ" ','
INFO: "VISITNUM" ',' "VISIT" ',' "PCDTC" ',' "PCDY" ',' "PCTPT" ',' "PCTPTNUM" ',' "PCTPTREF" ',' "PCRFTDTC" ;
INFO: 5                                                          The SAS System                         11:53 Wednesday, September 6, 2017
INFO: 
INFO: 79              end;
INFO: MPRINT(TRANSFERDATASETTOWEB):   end;
INFO: 80            set  USER.OUT   end=EFIEOD;
INFO: MPRINT(TRANSFERDATASETTOWEB):   set USER.OUT end=EFIEOD;
INFO: 81                format USUBJID $200. ;
INFO: MPRINT(TRANSFERDATASETTOWEB):   format USUBJID $200. ;
INFO: 82                format STUDYID $7. ;
INFO: MPRINT(TRANSFERDATASETTOWEB):   format STUDYID $7. ;
INFO: 83                format DOMAIN $3. ;
INFO: MPRINT(TRANSFERDATASETTOWEB):   format DOMAIN $3. ;
INFO: 84                format PCSEQ best12. ;
INFO: MPRINT(TRANSFERDATASETTOWEB):   format PCSEQ best12. ;
INFO: 85                format PCSPID $4. ;
INFO: MPRINT(TRANSFERDATASETTOWEB):   format PCSPID $4. ;
INFO: 86                format PCTESTCD $9. ;
INFO: MPRINT(TRANSFERDATASETTOWEB):   format PCTESTCD $9. ;
INFO: 87                format PCTEST $17. ;
INFO: MPRINT(TRANSFERDATASETTOWEB):   format PCTEST $17. ;
INFO: 88                format PCCAT $9. ;
INFO: MPRINT(TRANSFERDATASETTOWEB):   format PCCAT $9. ;
INFO: 89                format PCORRES $11. ;
INFO: MPRINT(TRANSFERDATASETTOWEB):   format PCORRES $11. ;
INFO: 90                format PCORRESU $7. ;
INFO: MPRINT(TRANSFERDATASETTOWEB):   format PCORRESU $7. ;
INFO: 91                format PCSTRESC $11. ;
INFO: MPRINT(TRANSFERDATASETTOWEB):   format PCSTRESC $11. ;
INFO: 92                format PCSTRESN best12. ;
INFO: MPRINT(TRANSFERDATASETTOWEB):   format PCSTRESN best12. ;
INFO: 93                format PCSTRESU $7. ;
INFO: MPRINT(TRANSFERDATASETTOWEB):   format PCSTRESU $7. ;
INFO: 94                format PCNAM $2. ;
INFO: MPRINT(TRANSFERDATASETTOWEB):   format PCNAM $2. ;
INFO: 95                format PCSPEC $6. ;
INFO: MPRINT(TRANSFERDATASETTOWEB):   format PCSPEC $6. ;
INFO: 96                format PCLLOQ best12. ;
INFO: MPRINT(TRANSFERDATASETTOWEB):   format PCLLOQ best12. ;
INFO: 97                format VISITNUM best12. ;
INFO: MPRINT(TRANSFERDATASETTOWEB):   format VISITNUM best12. ;
INFO: 98                format VISIT $15. ;
INFO: MPRINT(TRANSFERDATASETTOWEB):   format VISIT $15. ;
INFO: 99                format PCDTC $17. ;
INFO: MPRINT(TRANSFERDATASETTOWEB):   format PCDTC $17. ;
INFO: 100               format PCDY best12. ;
INFO: MPRINT(TRANSFERDATASETTOWEB):   format PCDY best12. ;
INFO: 101               format PCTPT $19. ;
INFO: MPRINT(TRANSFERDATASETTOWEB):   format PCTPT $19. ;
INFO: 102               format PCTPTNUM best12. ;
INFO: MPRINT(TRANSFERDATASETTOWEB):   format PCTPTNUM best12. ;
INFO: 103               format PCTPTREF $35. ;
INFO: MPRINT(TRANSFERDATASETTOWEB):   format PCTPTREF $35. ;
INFO: 104               format PCRFTDTC $17. ;
INFO: MPRINT(TRANSFERDATASETTOWEB):   format PCRFTDTC $17. ;
INFO: 105             do;
INFO: MPRINT(TRANSFERDATASETTOWEB):   do;
INFO: 106               EFIOUT + 1;
INFO: MPRINT(TRANSFERDATASETTOWEB):   EFIOUT + 1;
INFO: 107               put USUBJID $ @;
INFO: MPRINT(TRANSFERDATASETTOWEB):   put USUBJID $ @;
INFO: 6                                                          The SAS System                         11:53 Wednesday, September 6, 2017
INFO: 
INFO: 108               put STUDYID $ @;
INFO: MPRINT(TRANSFERDATASETTOWEB):   put STUDYID $ @;
INFO: 109               put DOMAIN $ @;
INFO: MPRINT(TRANSFERDATASETTOWEB):   put DOMAIN $ @;
INFO: 110               put PCSEQ @;
INFO: MPRINT(TRANSFERDATASETTOWEB):   put PCSEQ @;
INFO: 111               put PCSPID $ @;
INFO: MPRINT(TRANSFERDATASETTOWEB):   put PCSPID $ @;
INFO: 112               put PCTESTCD $ @;
INFO: MPRINT(TRANSFERDATASETTOWEB):   put PCTESTCD $ @;
INFO: 113               put PCTEST $ @;
INFO: MPRINT(TRANSFERDATASETTOWEB):   put PCTEST $ @;
INFO: 114               put PCCAT $ @;
INFO: MPRINT(TRANSFERDATASETTOWEB):   put PCCAT $ @;
INFO: 115               put PCORRES $ @;
INFO: MPRINT(TRANSFERDATASETTOWEB):   put PCORRES $ @;
INFO: 116               put PCORRESU $ @;
INFO: MPRINT(TRANSFERDATASETTOWEB):   put PCORRESU $ @;
INFO: 117               put PCSTRESC $ @;
INFO: MPRINT(TRANSFERDATASETTOWEB):   put PCSTRESC $ @;
INFO: 118               put PCSTRESN @;
INFO: MPRINT(TRANSFERDATASETTOWEB):   put PCSTRESN @;
INFO: 119               put PCSTRESU $ @;
INFO: MPRINT(TRANSFERDATASETTOWEB):   put PCSTRESU $ @;
INFO: 120               put PCNAM $ @;
INFO: MPRINT(TRANSFERDATASETTOWEB):   put PCNAM $ @;
INFO: 121               put PCSPEC $ @;
INFO: MPRINT(TRANSFERDATASETTOWEB):   put PCSPEC $ @;
INFO: 122               put PCLLOQ @;
INFO: MPRINT(TRANSFERDATASETTOWEB):   put PCLLOQ @;
INFO: 123               put VISITNUM @;
INFO: MPRINT(TRANSFERDATASETTOWEB):   put VISITNUM @;
INFO: 124               put VISIT $ @;
INFO: MPRINT(TRANSFERDATASETTOWEB):   put VISIT $ @;
INFO: 125               put PCDTC $ @;
INFO: MPRINT(TRANSFERDATASETTOWEB):   put PCDTC $ @;
INFO: 126               put PCDY @;
INFO: MPRINT(TRANSFERDATASETTOWEB):   put PCDY @;
INFO: 127               put PCTPT $ @;
INFO: MPRINT(TRANSFERDATASETTOWEB):   put PCTPT $ @;
INFO: 128               put PCTPTNUM @;
INFO: MPRINT(TRANSFERDATASETTOWEB):   put PCTPTNUM @;
INFO: 129               put PCTPTREF $ @;
INFO: MPRINT(TRANSFERDATASETTOWEB):   put PCTPTREF $ @;
INFO: 130               put PCRFTDTC $ ;
INFO: MPRINT(TRANSFERDATASETTOWEB):   put PCRFTDTC $ ;
INFO: 131               ;
INFO: MPRINT(TRANSFERDATASETTOWEB):   ;
INFO: 132             end;
INFO: MPRINT(TRANSFERDATASETTOWEB):   end;
INFO: 133            if _ERROR_ then call symputx('_EFIERR_',1);  /* set ERROR detection macro variable */
INFO: MPRINT(TRANSFERDATASETTOWEB):   if _ERROR_ then call symputx('_EFIERR_',1);
INFO: 134            if EFIEOD then call symputx('_EFIREC_',EFIOUT);
INFO: MPRINT(TRANSFERDATASETTOWEB):   if EFIEOD then call symputx('_EFIREC_',EFIOUT);
INFO: 135            run;
INFO: MPRINT(TRANSFERDATASETTOWEB):   run;
INFO: 
INFO: NOTE: The file '\\DESKTOP-MP8HDJJ\Output Files\PkView\Peter\outforxptdata.csv' is:
INFO: 7                                                          The SAS System                         11:53 Wednesday, September 6, 2017
INFO: 
INFO: Filename=\\DESKTOP-MP8HDJJ\Output Files\PkView\Peter\outforxptdata.csv,
INFO: RECFM=V,LRECL=32767,File Size (bytes)=0,
INFO: Last Modified=06Sep2017:11:53:12,
INFO: Create Time=06Sep2017:11:53:04
INFO: 
INFO: NOTE: 481 records were written to the file '\\DESKTOP-MP8HDJJ\Output Files\PkView\Peter\outforxptdata.csv'.
INFO: The minimum record length was 175.
INFO: The maximum record length was 219.
INFO: NOTE: There were 480 observations read from the data set USER.OUT.
INFO: NOTE: DATA statement used (Total process time):
INFO: real time           0.00 seconds
INFO: cpu time            0.00 seconds
INFO: 
INFO: 
INFO: 480 records created in \\DESKTOP-MP8HDJJ\Output Files\PkView\Peter\outforxptdata.csv from USER.OUT.
INFO: 
INFO: 
INFO: NOTE: "\\DESKTOP-MP8HDJJ\Output Files\PkView\Peter\outforxptdata.csv" file was successfully created.
INFO: NOTE: PROCEDURE EXPORT used (Total process time):
INFO: real time           0.03 seconds
INFO: cpu time            0.03 seconds
INFO: 
INFO: 
INFO: MPRINT(TRANSFERDATASETTOWEB):    ;
INFO: MPRINT(TRANSFERDATASETTOWEB):   libname input clear;
WARNING: WARNING: Libref INPUT is not assigned.
INFO: 136
INFO: 137
