INFO: 1                                                          The SAS System                         10:54 Wednesday, September 6, 2017
INFO: 
INFO: NOTE: Copyright (c) 2002-2012 by SAS Institute Inc., Cary, NC, USA.
INFO: NOTE: SAS (r) Proprietary Software 9.4 (TS1M4)
INFO: Licensed to UNIVERSITY OF ILLINOIS SYSTEM - T&R SFA, Site 70080107.
INFO: NOTE: This session is executing on the X64_10PRO  platform.
INFO: 
INFO: 
INFO: 
INFO: NOTE: Updated analytical products:
INFO: 
INFO: SAS/STAT 14.2
INFO: SAS/ETS 14.2
INFO: SAS/OR 14.2
INFO: SAS/IML 14.2
INFO: SAS/QC 14.2
INFO: 
INFO: NOTE: Additional host information:
INFO: 
INFO: X64_10PRO WIN 10.0.15063  Workstation
INFO: 
INFO: NOTE: SAS Initialization used (Total process time):
INFO: real time           0.00 seconds
INFO: cpu time            0.00 seconds
INFO: 
INFO: 1
INFO: 2          %LET SASSPPATH = C:\OCP\Sasjobs.Standalone\\Stored Procedures;
INFO: 3
INFO: 4          %global SasSpPath;
INFO: 5          options nofmterr compress = yes mprint spool notes msglevel=n linesize = 256
INFO: 6          sasautos = (sasautos "&SasSpPath.\Macros" "&SasSpPath.\Sub Macros");
INFO: 7
INFO: 8          libname user "%sysfunc(getoption(work))" ACCESS=TEMP FILELOCKWAIT=20;
INFO: NOTE: Libref USER refers to the same physical library as WORK.
INFO: NOTE: Libref USER was successfully assigned as follows:
INFO: Engine:        V9
INFO: Physical Name: C:\apps\SAS\SASUser\Peter\SAS Temporary Files\_TD4836_DESKTOP-MP8HDJJ_\Prc12
INFO: 9          %let work = user.;
INFO: 10
INFO: 11         ods path &work.templat(update)
INFO: 12             sasuser.templat(read)
INFO: 13             sashelp.tmplmst(read)
INFO: 14         ;
INFO: 15
INFO: 16         /* Path where NDAs are stored in the server */
INFO: 17         %let inputfolder=\\localhost\clinical\;
INFO: 18
INFO: 19         %PkViewDemog;
INFO: MPRINT(PKVIEWDEMOG):   data _null_;
INFO: MPRINT(PKVIEWDEMOG):   set websvc.study;
INFO: MPRINT(PKVIEWDEMOG):   * FROM STUDY IN FILE '';
INFO: MPRINT(PKVIEWDEMOG):   call symput("DEMOGRAPHICTABLE",DEMOGRAPHICTABLE);
INFO: MPRINT(PKVIEWDEMOG):   run;
INFO: NOTE: Numeric values have been converted to character values at the places given by: (Line):(Column).
INFO: 19:65
INFO: NOTE: There were 1 observations read from the data set WEBSVC.STUDY.
INFO: NOTE: DATA statement used (Total process time):
INFO: real time           0.00 seconds
INFO: cpu time            0.00 seconds
INFO: 
INFO: 2                                                                                                                        The SAS System                                                                                       10:54 Wednesday, September 6, 2017
INFO: 
INFO: 
INFO: DEMOGRAPHICTABLE=           0
INFO: 20
