INFO: 1                                                          The SAS System                         10:40 Wednesday, September 6, 2017
INFO: 
INFO: NOTE: Copyright (c) 2002-2012 by SAS Institute Inc., Cary, NC, USA.
INFO: NOTE: SAS (r) Proprietary Software 9.4 (TS1M4)
INFO: Licensed to UNIVERSITY OF ILLINOIS SYSTEM - T&R SFA, Site 70080107.
INFO: NOTE: This session is executing on the X64_10PRO  platform.
INFO: 
INFO: 
INFO: 
INFO: NOTE: Updated analytical products:
INFO: 
INFO: SAS/STAT 14.2
INFO: SAS/ETS 14.2
INFO: SAS/OR 14.2
INFO: SAS/IML 14.2
INFO: SAS/QC 14.2
INFO: 
INFO: NOTE: Additional host information:
INFO: 
INFO: X64_10PRO WIN 10.0.15063  Workstation
INFO: 
INFO: NOTE: SAS Initialization used (Total process time):
INFO: real time           0.00 seconds
INFO: cpu time            0.00 seconds
INFO: 
INFO: 1
INFO: 2          %LET SASSPPATH = C:\OCP\Sasjobs.Standalone\\Stored Procedures;
INFO: 3
INFO: 4          %global SasSpPath;
INFO: 5          options nofmterr compress = yes mprint spool notes msglevel=n linesize = 256
INFO: 6          sasautos = (sasautos "&SasSpPath.\Macros" "&SasSpPath.\Sub Macros");
INFO: 7
INFO: 8          libname user "%sysfunc(getoption(work))" ACCESS=TEMP FILELOCKWAIT=20;
INFO: NOTE: Libref USER refers to the same physical library as WORK.
INFO: NOTE: Libref USER was successfully assigned as follows:
INFO: Engine:        V9
INFO: Physical Name: C:\apps\SAS\SASUser\Peter\SAS Temporary Files\_TD4836_DESKTOP-MP8HDJJ_\Prc8
INFO: 9          %let work = user.;
INFO: 10
INFO: 11         ods path &work.templat(update)
INFO: 12             sasuser.templat(read)
INFO: 13             sashelp.tmplmst(read)
INFO: 14         ;
INFO: 15
INFO: 16         /* Path where NDAs are stored in the server */
INFO: 17         %let inputfolder=\\localhost\clinical\;
INFO: 18
INFO: 19         %PkViewDemog;
INFO: MPRINT(PKVIEWDEMOG):   data _null_;
INFO: MPRINT(PKVIEWDEMOG):   set websvc.study;
INFO: MPRINT(PKVIEWDEMOG):   * FROM STUDY IN FILE '';
INFO: MPRINT(PKVIEWDEMOG):   call symput("DEMOGRAPHICTABLE",DEMOGRAPHICTABLE);
INFO: MPRINT(PKVIEWDEMOG):   run;
INFO: NOTE: Numeric values have been converted to character values at the places given by: (Line):(Column).
INFO: 19:65
INFO: NOTE: There were 1 observations read from the data set WEBSVC.STUDY.
INFO: NOTE: DATA statement used (Total process time):
INFO: real time           0.00 seconds
INFO: cpu time            0.00 seconds
INFO: 
INFO: 2                                                                                                                        The SAS System                                                                                       10:40 Wednesday, September 6, 2017
INFO: 
INFO: 
INFO: DEMOGRAPHICTABLE=           1
INFO: MPRINT(SMREADMAPPINGSFROMDATASET):   data user.userData;
INFO: MPRINT(SMREADMAPPINGSFROMDATASET):   set websvc.userConfig end = eof;
INFO: MPRINT(SMREADMAPPINGSFROMDATASET):   * FROM USERCONFIG IN FILE '';
INFO: MPRINT(SMREADMAPPINGSFROMDATASET):   if Name="Username" then call symputx("UserName", dequote(value), "G");
INFO: MPRINT(SMREADMAPPINGSFROMDATASET):   if Name="ProfileName" then call symputx("ProfileName", dequote(value), "G");
INFO: MPRINT(SMREADMAPPINGSFROMDATASET):   run;
INFO: NOTE: There were 3 observations read from the data set WEBSVC.USERCONFIG.
INFO: NOTE: The data set USER.USERDATA has 3 observations and 2 variables.
INFO: NOTE: Compressing data set USER.USERDATA increased size by 100.00 percent.
INFO: Compressed is 2 pages; un-compressed would require 1 pages.
INFO: NOTE: DATA statement used (Total process time):
INFO: real time           0.01 seconds
INFO: cpu time            0.01 seconds
INFO: 
INFO: 
INFO: User: Peter
INFO: Settings Id: 9-6-2017
INFO: MPRINT(SMREADMAPPINGSFROMDATASET):   data user.study;
INFO: MPRINT(SMREADMAPPINGSFROMDATASET):   set websvc.study end = eof;
INFO: MPRINT(SMREADMAPPINGSFROMDATASET):   * FROM STUDY IN FILE '';
INFO: MPRINT(SMREADMAPPINGSFROMDATASET):   if eof then do;
INFO: MPRINT(SMREADMAPPINGSFROMDATASET):   call symputx("StudyType", Type, "G");
INFO: MPRINT(SMREADMAPPINGSFROMDATASET):   call symputx("StudyId", StudyCode, "G");
INFO: MPRINT(SMREADMAPPINGSFROMDATASET):   call symputx("StudyDesign", Design, "G");
INFO: MPRINT(SMREADMAPPINGSFROMDATASET):   call symputx("SubmissionID", Submission, "G");
INFO: MPRINT(SMREADMAPPINGSFROMDATASET):   call symputx("SupplementNum", dequote(Supplement), "G");
INFO: MPRINT(SMREADMAPPINGSFROMDATASET):   call symputx("UseEx", UseEx, "G");
INFO: MPRINT(SMREADMAPPINGSFROMDATASET):   call symputx("UseSuppdm", UseSuppdm, "G");
INFO: MPRINT(SMREADMAPPINGSFROMDATASET):   call symputx("DisablePcCleanup", DisablePcCleanup, "G");
INFO: MPRINT(SMREADMAPPINGSFROMDATASET):   call symputx("UseCustomArms", UseCustomArms, "G");
INFO: MPRINT(SMREADMAPPINGSFROMDATASET):   call symputx("UseCustomPcVisit", UseCustomPcVisit, "G");
INFO: MPRINT(SMREADMAPPINGSFROMDATASET):   call symputx("UseCustomPcPctptnum", UseCustomPcPctptnum, "G");
INFO: MPRINT(SMREADMAPPINGSFROMDATASET):   call symputx("UseCustomPpVisit", UseCustomPpVisit, "G");
INFO: MPRINT(SMREADMAPPINGSFROMDATASET):   end;
INFO: MPRINT(SMREADMAPPINGSFROMDATASET):   run;
INFO: 
INFO: NOTE: There were 1 observations read from the data set WEBSVC.STUDY.
INFO: NOTE: The data set USER.STUDY has 1 observations and 16 variables.
INFO: NOTE: Compressing data set USER.STUDY increased size by 100.00 percent.
INFO: Compressed is 2 pages; un-compressed would require 1 pages.
INFO: NOTE: DATA statement used (Total process time):
INFO: real time           0.00 seconds
INFO: cpu time            0.00 seconds
INFO: 
INFO: 
INFO: Extracted Study Design: CROSSOVER
INFO: Extracted Study Type: UNKNOWN
INFO: Extracted Study Id: TEST002
INFO: Extracted Submission Id: DRUG000
INFO: Supplement Number: 0000
INFO: Use EX: 0
INFO: Use SUPPDM: 0
INFO: Use Custom Pc Visit: 1
INFO: Use Custom Pp Visit: 1
INFO: Use Custom Pc pctptnum: 0
INFO: MPRINT(SMREADMAPPINGSFROMDATASET):   data _null_;
INFO: 3                                                                                                                        The SAS System                                                                                       10:40 Wednesday, September 6, 2017
INFO: 
INFO: MPRINT(SMREADMAPPINGSFROMDATASET):   set websvc.mapping;
INFO: MPRINT(SMREADMAPPINGSFROMDATASET):   * FROM MAPPING IN FILE '';
INFO: MPRINT(SMREADMAPPINGSFROMDATASET):   if upcase(DOMAIN)="DM" and upcase(STDMVAR)="USUBJID" then call symputx("UsubjidVar",FILEVAR,"G");
INFO: MPRINT(SMREADMAPPINGSFROMDATASET):   if upcase(DOMAIN)="DM" and upcase(STDMVAR)="ARM" then call symputx("ArmVar",FILEVAR,"G");
INFO: MPRINT(SMREADMAPPINGSFROMDATASET):   if upcase(DOMAIN)="DM" and upcase(STDMVAR)="AGE" then call symputx("AgeVar",FILEVAR,"G");
INFO: MPRINT(SMREADMAPPINGSFROMDATASET):   if upcase(DOMAIN)="DM" and upcase(STDMVAR)="SEX" then call symputx("SexVar",FILEVAR,"G");
INFO: MPRINT(SMREADMAPPINGSFROMDATASET):   if upcase(DOMAIN)="DM" and upcase(STDMVAR)="RACE" then call symputx("RaceVar",FILEVAR,"G");
INFO: MPRINT(SMREADMAPPINGSFROMDATASET):   if upcase(DOMAIN)="DM" and upcase(STDMVAR)="COUNTRY" then call symputx("CountryVar",FILEVAR,"G");
INFO: MPRINT(SMREADMAPPINGSFROMDATASET):   if upcase(DOMAIN)="DM" and upcase(STDMVAR)="ETHNIC" then call symputx("EthnicVar",FILEVAR,"G");
INFO: MPRINT(SMREADMAPPINGSFROMDATASET):   if upcase(DOMAIN)="EX" and upcase(STDMVAR)="EXTRT" then call symputx("ExTrtVar",FILEVAR,"G");
INFO: MPRINT(SMREADMAPPINGSFROMDATASET):   if upcase(DOMAIN)="EX" and upcase(STDMVAR)="EXSTDTC" then call symputx("ExStdtcVar",FILEVAR,"G");
INFO: MPRINT(SMREADMAPPINGSFROMDATASET):   if upcase(DOMAIN)="EX" and upcase(STDMVAR)="VISIT" then call symputx("ExVisitVar",FILEVAR,"G");
INFO: MPRINT(SMREADMAPPINGSFROMDATASET):   if upcase(DOMAIN)="PC" and upcase(STDMVAR)="VISIT" then call symputx("PcVisitVar",FILEVAR,"G");
INFO: MPRINT(SMREADMAPPINGSFROMDATASET):   if upcase(DOMAIN)="PC" and upcase(STDMVAR)="PCTEST" then call symputx("PCTESTVar",FILEVAR,"G");
INFO: MPRINT(SMREADMAPPINGSFROMDATASET):   if upcase(DOMAIN)="PC" and upcase(STDMVAR)="PCSTRESN" then call symputx("PcStresnVar",FILEVAR,"G");
INFO: MPRINT(SMREADMAPPINGSFROMDATASET):   if upcase(DOMAIN)="PC" and upcase(STDMVAR)="PCTPTNUM" then call symputx("PctptnumVar",FILEVAR,"G");
INFO: MPRINT(SMREADMAPPINGSFROMDATASET):   if upcase(DOMAIN)="PP" and upcase(STDMVAR)="VISIT" then call symputx("PpVisitVar",FILEVAR,"G");
INFO: MPRINT(SMREADMAPPINGSFROMDATASET):   if upcase(DOMAIN)="PP" and upcase(STDMVAR)="PPCAT" then call symputx("PpcatVar",FILEVAR,"G");
INFO: MPRINT(SMREADMAPPINGSFROMDATASET):   if upcase(DOMAIN)="PP" and upcase(STDMVAR)="PPSTRESN" then call symputx("PpstresnVar",FILEVAR,"G");
INFO: MPRINT(SMREADMAPPINGSFROMDATASET):   if upcase(DOMAIN)="PP" and upcase(STDMVAR)="PPTESTCD" then call symputx("PptestcdVar",FILEVAR,"G");
INFO: MPRINT(SMREADMAPPINGSFROMDATASET):   run;
INFO: 
INFO: NOTE: There were 15 observations read from the data set WEBSVC.MAPPING.
INFO: NOTE: DATA statement used (Total process time):
INFO: real time           0.00 seconds
INFO: cpu time            0.00 seconds
INFO: 
INFO: 
INFO: MPRINT(SMREADMAPPINGSFROMDATASET):   data user.customDmArms;
INFO: MPRINT(SMREADMAPPINGSFROMDATASET):   set websvc.customDmArms;
INFO: MPRINT(SMREADMAPPINGSFROMDATASET):   * FROM CUSTOMDMARMS IN FILE '';
INFO: MPRINT(SMREADMAPPINGSFROMDATASET):   run;
INFO: NOTE: There were 3 observations read from the data set WEBSVC.CUSTOMDMARMS.
INFO: NOTE: The data set USER.CUSTOMDMARMS has 3 observations and 2 variables.
INFO: NOTE: Compressing data set USER.CUSTOMDMARMS increased size by 100.00 percent.
INFO: Compressed is 2 pages; un-compressed would require 1 pages.
INFO: NOTE: DATA statement used (Total process time):
INFO: real time           0.00 seconds
INFO: cpu time            0.00 seconds
INFO: 
INFO: 
INFO: MPRINT(SMREADMAPPINGSFROMDATASET):   data user.customPcVisit;
INFO: MPRINT(SMREADMAPPINGSFROMDATASET):   set websvc.customPcVisit;
INFO: MPRINT(SMREADMAPPINGSFROMDATASET):   * FROM CUSTOMPCVISIT IN FILE '';
INFO: MPRINT(SMREADMAPPINGSFROMDATASET):   run;
INFO: NOTE: There were 6 observations read from the data set WEBSVC.CUSTOMPCVISIT.
INFO: NOTE: The data set USER.CUSTOMPCVISIT has 6 observations and 2 variables.
INFO: NOTE: Compressing data set USER.CUSTOMPCVISIT increased size by 100.00 percent.
INFO: Compressed is 2 pages; un-compressed would require 1 pages.
INFO: NOTE: DATA statement used (Total process time):
INFO: real time           0.00 seconds
INFO: cpu time            0.00 seconds
INFO: 
INFO: 
INFO: MPRINT(SMREADMAPPINGSFROMDATASET):   data user.customPpVisit;
INFO: MPRINT(SMREADMAPPINGSFROMDATASET):   set websvc.customPpVisit;
INFO: MPRINT(SMREADMAPPINGSFROMDATASET):   * FROM CUSTOMPPVISIT IN FILE '';
INFO: MPRINT(SMREADMAPPINGSFROMDATASET):   run;
INFO: 4                                                                                                                        The SAS System                                                                                       10:40 Wednesday, September 6, 2017
INFO: 
INFO: NOTE: There were 2 observations read from the data set WEBSVC.CUSTOMPPVISIT.
INFO: NOTE: The data set USER.CUSTOMPPVISIT has 2 observations and 2 variables.
INFO: NOTE: Compressing data set USER.CUSTOMPPVISIT increased size by 100.00 percent.
INFO: Compressed is 2 pages; un-compressed would require 1 pages.
INFO: NOTE: DATA statement used (Total process time):
INFO: real time           0.00 seconds
INFO: cpu time            0.00 seconds
INFO: 
INFO: 
INFO: MPRINT(SMREADMAPPINGSFROMDATASET):   data _null_;
INFO: MPRINT(SMREADMAPPINGSFROMDATASET):   set sashelp.vmember(where = (libname = "WEBSVC" and memtype = "DATA"));
INFO: MPRINT(SMREADMAPPINGSFROMDATASET):   if upcase(memname) = "REFERENCES" then call symput("Exist",1);
INFO: MPRINT(SMREADMAPPINGSFROMDATASET):   else call symput("Exist",0);
INFO: MPRINT(SMREADMAPPINGSFROMDATASET):   run;
INFO: 
INFO: NOTE: Numeric values have been converted to character values at the places given by: (Line):(Column).
INFO: 19:166   19:197
INFO: MPRINT(SMREADMAPPINGSFROMDATASET):   _CLASSES_ FROM _SYSTABLES_ IN FILE '';
INFO: NOTE: There were 7 observations read from the data set SASHELP.VMEMBER.
INFO: WHERE (libname='WEBSVC') and (memtype='DATA');
INFO: NOTE: DATA statement used (Total process time):
INFO: real time           0.09 seconds
INFO: cpu time            0.09 seconds
INFO: 
INFO: 
INFO: references exist=           0
INFO: inputfolder=\\localhost\clinical\DRUG000
INFO: MPRINT(SMLISTFILESINFOLDER):   data user.dirs_found (compress=no);
INFO: MPRINT(SMLISTFILESINFOLDER):   length Root $500.;
INFO: MPRINT(SMLISTFILESINFOLDER):   root = "\\localhost\clinical\DRUG000";
INFO: MPRINT(SMLISTFILESINFOLDER):   output;
INFO: MPRINT(SMLISTFILESINFOLDER):   run;
INFO: 
INFO: NOTE: The data set USER.DIRS_FOUND has 1 observations and 1 variables.
INFO: NOTE: DATA statement used (Total process time):
INFO: real time           0.00 seconds
INFO: cpu time            0.00 seconds
INFO: 
INFO: 
INFO: MPRINT(SMLISTFILESINFOLDER):   data user.dirs_found user.files_found (compress=no);
INFO: MPRINT(SMLISTFILESINFOLDER):   keep Path FileName FileType;
INFO: MPRINT(SMLISTFILESINFOLDER):   length fref $8 Path Filename $500 FileType $16;
INFO: MPRINT(SMLISTFILESINFOLDER):   modify user.dirs_found;
INFO: MPRINT(SMLISTFILESINFOLDER):   Path = root;
INFO: MPRINT(SMLISTFILESINFOLDER):   rc = filename(fref, path);
INFO: MPRINT(SMLISTFILESINFOLDER):   if rc = 0 then do;
INFO: MPRINT(SMLISTFILESINFOLDER):   did = dopen(fref);
INFO: MPRINT(SMLISTFILESINFOLDER):   rc = filename(fref);
INFO: MPRINT(SMLISTFILESINFOLDER):   end;
INFO: MPRINT(SMLISTFILESINFOLDER):   else do;
INFO: MPRINT(SMLISTFILESINFOLDER):   length msg $500.;
INFO: MPRINT(SMLISTFILESINFOLDER):   msg = sysmsg();
INFO: MPRINT(SMLISTFILESINFOLDER):   putlog msg=;
INFO: MPRINT(SMLISTFILESINFOLDER):   did = .;
INFO: MPRINT(SMLISTFILESINFOLDER):   end;
INFO: MPRINT(SMLISTFILESINFOLDER):   if did <= 0 then do;
INFO: MPRINT(SMLISTFILESINFOLDER):   return;
INFO: MPRINT(SMLISTFILESINFOLDER):   end;
INFO: 5                                                                                                                        The SAS System                                                                                       10:40 Wednesday, September 6, 2017
INFO: 
INFO: MPRINT(SMLISTFILESINFOLDER):   dnum = dnum(did);
INFO: MPRINT(SMLISTFILESINFOLDER):   do i = 1 to dnum;
INFO: MPRINT(SMLISTFILESINFOLDER):   filename = dread(did, i);
INFO: MPRINT(SMLISTFILESINFOLDER):   fid = mopen(did, filename);
INFO: MPRINT(SMLISTFILESINFOLDER):   if fid > 0 then do;
INFO: MPRINT(SMLISTFILESINFOLDER):   FileType = prxchange('s/.*\.{1,1}(.*)/$1/', 1, filename);
INFO: MPRINT(SMLISTFILESINFOLDER):   if filename = filetype then filetype = ' ';
INFO: MPRINT(SMLISTFILESINFOLDER):   output user.files_found;
INFO: MPRINT(SMLISTFILESINFOLDER):   end;
INFO: MPRINT(SMLISTFILESINFOLDER):   else do;
INFO: MPRINT(SMLISTFILESINFOLDER):   root = catt(path, "\", filename);
INFO: MPRINT(SMLISTFILESINFOLDER):   output user.dirs_found;
INFO: MPRINT(SMLISTFILESINFOLDER):   end;
INFO: MPRINT(SMLISTFILESINFOLDER):   end;
INFO: MPRINT(SMLISTFILESINFOLDER):   rc = dclose(did);
INFO: MPRINT(SMLISTFILESINFOLDER):   run;
INFO: 
INFO: NOTE: The data set USER.DIRS_FOUND has been updated.  There were 0 observations rewritten, 9 observations added and 0 observations deleted.
INFO: NOTE: The data set USER.FILES_FOUND has 8 observations and 3 variables.
INFO: NOTE: DATA statement used (Total process time):
INFO: real time           0.04 seconds
INFO: cpu time            0.04 seconds
INFO: 
INFO: 
INFO: MPRINT(SMLISTFILESINFOLDER):   data user.files(rename = (root = path));
INFO: MPRINT(SMLISTFILESINFOLDER):   set user.dirs_found;
INFO: MPRINT(SMLISTFILESINFOLDER):   run;
INFO: 
INFO: NOTE: There were 10 observations read from the data set USER.DIRS_FOUND.
INFO: NOTE: The data set USER.FILES has 10 observations and 1 variables.
INFO: NOTE: Compressing data set USER.FILES increased size by 100.00 percent.
INFO: Compressed is 2 pages; un-compressed would require 1 pages.
INFO: NOTE: DATA statement used (Total process time):
INFO: real time           0.01 seconds
INFO: cpu time            0.01 seconds
INFO: 
INFO: 
INFO: MPRINT(SMREADMAPPINGSFROMDATASET):  ;
INFO: MPRINT(SMREADMAPPINGSFROMDATASET):   ** Get the path to the datasets **;
INFO: MPRINT(SMREADMAPPINGSFROMDATASET):   data _null_;
INFO: MPRINT(SMREADMAPPINGSFROMDATASET):   set user.files end = eof;
INFO: MPRINT(SMREADMAPPINGSFROMDATASET):   if scan(upcase(path), -1, "\") = "TEST002" then do;
INFO: MPRINT(SMREADMAPPINGSFROMDATASET):   call symputx("DatasetPath", substr(path, 1, length(path) - length("TEST002") - 1));
INFO: MPRINT(SMREADMAPPINGSFROMDATASET):   stop;
INFO: MPRINT(SMREADMAPPINGSFROMDATASET):   end;
INFO: MPRINT(SMREADMAPPINGSFROMDATASET):   run;
INFO: 
INFO: NOTE: There were 7 observations read from the data set USER.FILES.
INFO: NOTE: DATA statement used (Total process time):
INFO: real time           0.00 seconds
INFO: cpu time            0.00 seconds
INFO: 
INFO: 
INFO: DatasetPath = \\localhost\clinical\DRUG000\0000\m5\datasets
INFO: DataSetPath = \\localhost\clinical\DRUG000\0000\m5\datasets
INFO: StudyId = TEST002
INFO: Continue? - success
INFO: InputDm = \\localhost\clinical\DRUG000\0000\m5\datasets\TEST002\tabulations\sdtm\dm.xpt
INFO: 6                                                                                                                        The SAS System                                                                                       10:40 Wednesday, September 6, 2017
INFO: 
INFO: InputPc = \\localhost\clinical\DRUG000\0000\m5\datasets\TEST002\tabulations\sdtm\pc.xpt
INFO: InputPp = \\localhost\clinical\DRUG000\0000\m5\datasets\TEST002\tabulations\sdtm\pp.xpt
INFO: InputEx = \\localhost\clinical\DRUG000\0000\m5\datasets\TEST002\tabulations\sdtm\ex.xpt
INFO: InputEx = \\localhost\clinical\DRUG000\0000\m5\datasets\TEST002\tabulations\sdtm\suppdm.xpt
INFO: InputEx = \\localhost\clinical\DRUG000\0000\m5\datasets\TEST002\tabulations\sdtm\sc.xpt
INFO: MPRINT(SMREADMAPPINGSFROMDATASET):  ;
INFO: DM file path = \\localhost\clinical\DRUG000\0000\m5\datasets\TEST002\tabulations\sdtm\dm.xpt
INFO: EX file path = \\localhost\clinical\DRUG000\0000\m5\datasets\TEST002\tabulations\sdtm\ex.xpt
INFO: PC file path = \\localhost\clinical\DRUG000\0000\m5\datasets\TEST002\tabulations\sdtm\pc.xpt
INFO: PP file path = \\localhost\clinical\DRUG000\0000\m5\datasets\TEST002\tabulations\sdtm\pp.xpt
INFO: UsubjidVar = USUBJID
INFO: ArmVar = ARM
INFO: AgeVar = AGE
INFO: SexVar = SEX
INFO: CountryVar = COUNTRY
INFO: RaceVar = RACE
INFO: EthnicVar =
INFO: ExTrtVar =
INFO: ExVisitVar =
INFO: ExStdtcVar =
INFO: PcstresnVar = PCSTRESN
INFO: PcVisitVar = VISIT
INFO: PctptnumVar = PCTPTNUM
INFO: PpstresnVar = PPSTRESN
INFO: PpVisitVar = VISIT
INFO: PpcatVar = PPCAT
INFO: PptestcdVar = PPTESTCD
INFO: PpSpecimenVar = PPSPEC
INFO: PcSpecimenVar = PCSPEC
INFO: MPRINT(PKVIEWDEMOG):  ;
INFO: ------------------------------------------FIXME-----------------------------------------------------
INFO: The current study is: TEST002
INFO: MPRINT(SMREADANDMERGEDATASET):   libname input1 xport "\\localhost\clinical\DRUG000\0000\m5\datasets\TEST002\tabulations\sdtm\dm.xpt" access = readonly;
INFO: NOTE: Libref INPUT1 was successfully assigned as follows:
INFO: Engine:        XPORT
INFO: Physical Name: \\localhost\clinical\DRUG000\0000\m5\datasets\TEST002\tabulations\sdtm\dm.xpt
INFO: MPRINT(SMREADANDMERGEDATASET):   libname input2 xport "\\localhost\clinical\DRUG000\0000\m5\datasets\TEST002\tabulations\sdtm\pp.xpt" access = readonly;
INFO: NOTE: Libref INPUT2 was successfully assigned as follows:
INFO: Engine:        XPORT
INFO: Physical Name: \\localhost\clinical\DRUG000\0000\m5\datasets\TEST002\tabulations\sdtm\pp.xpt
INFO: MPRINT(SMREADANDMERGEDATASET):   proc sort data = input1.dm out = user.input1;
INFO: MPRINT(SMREADANDMERGEDATASET):   by USUBJID;
INFO: MPRINT(SMREADANDMERGEDATASET):   run;
INFO: 
INFO: NOTE: There were 10 observations read from the data set INPUT1.DM.
INFO: NOTE: The data set USER.INPUT1 has 10 observations and 12 variables.
INFO: NOTE: Compressing data set USER.INPUT1 increased size by 100.00 percent.
INFO: Compressed is 2 pages; un-compressed would require 1 pages.
INFO: NOTE: PROCEDURE SORT used (Total process time):
INFO: real time           0.01 seconds
INFO: cpu time            0.01 seconds
INFO: 
INFO: 
INFO: MPRINT(SMREADANDMERGEDATASET):   proc sort data = input2.pp out = user.input2;
INFO: MPRINT(SMREADANDMERGEDATASET):   by USUBJID;
INFO: MPRINT(SMREADANDMERGEDATASET):   run;
INFO: 
INFO: NOTE: There were 368 observations read from the data set INPUT2.PP.
INFO: 7                                                                                                                        The SAS System                                                                                       10:40 Wednesday, September 6, 2017
INFO: 
INFO: NOTE: The data set USER.INPUT2 has 368 observations and 18 variables.
INFO: NOTE: Compressing data set USER.INPUT2 decreased size by 0.00 percent.
INFO: Compressed is 3 pages; un-compressed would require 3 pages.
INFO: NOTE: PROCEDURE SORT used (Total process time):
INFO: real time           0.01 seconds
INFO: cpu time            0.01 seconds
INFO: 
INFO: 
INFO: MPRINT(SMREADANDMERGEDATASET):   data user.adpp;
INFO: MPRINT(SMREADANDMERGEDATASET):   merge user.input1 (in = a) user.input2 (in = b);
INFO: MPRINT(SMREADANDMERGEDATASET):   by USUBJID;
INFO: MPRINT(SMREADANDMERGEDATASET):   if a and b;
INFO: MPRINT(SMREADANDMERGEDATASET):   run;
INFO: 
INFO: NOTE: There were 10 observations read from the data set USER.INPUT1.
INFO: NOTE: There were 368 observations read from the data set USER.INPUT2.
INFO: NOTE: The data set USER.ADPP has 368 observations and 27 variables.
INFO: NOTE: Compressing data set USER.ADPP decreased size by 25.00 percent.
INFO: Compressed is 3 pages; un-compressed would require 4 pages.
INFO: NOTE: DATA statement used (Total process time):
INFO: real time           0.00 seconds
INFO: cpu time            0.00 seconds
INFO: 
INFO: 
INFO: MPRINT(SMREADANDMERGEDATASET):   libname input1 clear;
INFO: NOTE: Libref INPUT1 has been deassigned.
INFO: MPRINT(SMREADANDMERGEDATASET):   libname input2 clear;
INFO: NOTE: Libref INPUT2 has been deassigned.
INFO: MPRINT(PKVIEWDEMOG):  ;
INFO: MPRINT(PKVIEWDEMOG):   proc sort data = user.adpp;
INFO: MPRINT(PKVIEWDEMOG):   by ARM;
INFO: MPRINT(PKVIEWDEMOG):   run;
INFO: 
INFO: NOTE: There were 368 observations read from the data set USER.ADPP.
INFO: NOTE: The data set USER.ADPP has 368 observations and 27 variables.
INFO: NOTE: Compressing data set USER.ADPP decreased size by 25.00 percent.
INFO: Compressed is 3 pages; un-compressed would require 4 pages.
INFO: NOTE: PROCEDURE SORT used (Total process time):
INFO: real time           0.01 seconds
INFO: cpu time            0.01 seconds
INFO: 
INFO: 
INFO: MPRINT(PKVIEWDEMOG):   proc sort data = user.customDmArms;
INFO: MPRINT(PKVIEWDEMOG):   by OldArm;
INFO: MPRINT(PKVIEWDEMOG):   run;
INFO: 
INFO: NOTE: There were 3 observations read from the data set USER.CUSTOMDMARMS.
INFO: NOTE: The data set USER.CUSTOMDMARMS has 3 observations and 2 variables.
INFO: NOTE: Compressing data set USER.CUSTOMDMARMS increased size by 100.00 percent.
INFO: Compressed is 2 pages; un-compressed would require 1 pages.
INFO: NOTE: PROCEDURE SORT used (Total process time):
INFO: real time           0.00 seconds
INFO: cpu time            0.00 seconds
INFO: 
INFO: 
INFO: MPRINT(PKVIEWDEMOG):   data user.adpp(rename=(NewArm=ARM));
INFO: MPRINT(PKVIEWDEMOG):   merge user.adpp(rename=(ARM=OldArm) in=hasData) user.customDmArms;
INFO: MPRINT(PKVIEWDEMOG):   by OldArm;
INFO: 8                                                                                                                        The SAS System                                                                                       10:40 Wednesday, September 6, 2017
INFO: 
INFO: MPRINT(PKVIEWDEMOG):   if hasData;
INFO: MPRINT(PKVIEWDEMOG):   run;
INFO: 
INFO: NOTE: There were 368 observations read from the data set USER.ADPP.
INFO: NOTE: There were 3 observations read from the data set USER.CUSTOMDMARMS.
INFO: NOTE: The data set USER.ADPP has 368 observations and 28 variables.
INFO: NOTE: Compressing data set USER.ADPP decreased size by 25.00 percent.
INFO: Compressed is 3 pages; un-compressed would require 4 pages.
INFO: NOTE: DATA statement used (Total process time):
INFO: real time           0.00 seconds
INFO: cpu time            0.00 seconds
INFO: 
INFO: 
INFO: MPRINT(SMPREPAREDATAFORANALYSIS):   data user.adpp;
INFO: MPRINT(SMPREPAREDATAFORANALYSIS):   set user.adpp;
INFO: MPRINT(SMPREPAREDATAFORANALYSIS):   OriginalPeriod = VISIT;
INFO: MPRINT(SMPREPAREDATAFORANALYSIS):   if _n_ = 1 then do;
INFO: MPRINT(SMPREPAREDATAFORANALYSIS):   pattern_per = prxparse("/PERIOD.*?(\d+)/");
INFO: MPRINT(SMPREPAREDATAFORANALYSIS):   pattern_day = prxparse("/DAY.*?([0-9-]+)/");
INFO: MPRINT(SMPREPAREDATAFORANALYSIS):   pattern_shortper = prxparse("/P.*?(\d+)/");
INFO: MPRINT(SMPREPAREDATAFORANALYSIS):   pattern_shortday = prxparse("/D.*?(\d+)/");
INFO: MPRINT(SMPREPAREDATAFORANALYSIS):   end;
INFO: MPRINT(SMPREPAREDATAFORANALYSIS):   retain pattern_per pattern_day pattern_shortper pattern_shortday;
INFO: MPRINT(SMPREPAREDATAFORANALYSIS):   if (index(upcase(VISIT), "PERIOD") and index(upcase(VISIT), "DAY")) or index(upcase(VISIT), "PERIOD") then do;
INFO: MPRINT(SMPREPAREDATAFORANALYSIS):   if prxmatch(pattern_per, upcase(strip(VISIT))) then do;
INFO: MPRINT(SMPREPAREDATAFORANALYSIS):   VISIT = "PERIOD " || prxposn(pattern_per, 1, upcase(strip(VISIT)));
INFO: MPRINT(SMPREPAREDATAFORANALYSIS):   VISITNum = input(scan(VISIT, -1), 8.);
INFO: MPRINT(SMPREPAREDATAFORANALYSIS):   end;
INFO: MPRINT(SMPREPAREDATAFORANALYSIS):   end;
INFO: MPRINT(SMPREPAREDATAFORANALYSIS):   else if (index(upcase(VISIT), "P") and index(upcase(VISIT), "D")) or index(upcase(VISIT), "P") then do;
INFO: MPRINT(SMPREPAREDATAFORANALYSIS):   if prxmatch(pattern_shortper, upcase(strip(VISIT))) then do;
INFO: MPRINT(SMPREPAREDATAFORANALYSIS):   VISIT = "PERIOD " || prxposn(pattern_shortper, 1, upcase(strip(VISIT)));
INFO: MPRINT(SMPREPAREDATAFORANALYSIS):   VISITNum = input(prxposn(pattern_shortper, 1, upcase(strip(VISIT))), 8.);
INFO: MPRINT(SMPREPAREDATAFORANALYSIS):   end;
INFO: MPRINT(SMPREPAREDATAFORANALYSIS):   else if prxmatch(pattern_day, upcase(strip(VISIT))) then do;
INFO: MPRINT(SMPREPAREDATAFORANALYSIS):   VISIT = "DAY " || prxposn(pattern_day, 1, upcase(strip(VISIT)));
INFO: MPRINT(SMPREPAREDATAFORANALYSIS):   VISITNum = input(prxposn(pattern_day, 1, upcase(strip(VISIT))), 8.);
INFO: MPRINT(SMPREPAREDATAFORANALYSIS):   end;
INFO: MPRINT(SMPREPAREDATAFORANALYSIS):   end;
INFO: MPRINT(SMPREPAREDATAFORANALYSIS):   else if index(upcase(VISIT), "DAY") then do;
INFO: MPRINT(SMPREPAREDATAFORANALYSIS):   if prxmatch(pattern_day, upcase(strip(VISIT))) then do;
INFO: MPRINT(SMPREPAREDATAFORANALYSIS):   VISIT = "DAY " || prxposn(pattern_day, 1, upcase(strip(VISIT)));
INFO: MPRINT(SMPREPAREDATAFORANALYSIS):   VISITNum = input(prxposn(pattern_day, 1, upcase(strip(VISIT))), 8.);
INFO: MPRINT(SMPREPAREDATAFORANALYSIS):   end;
INFO: MPRINT(SMPREPAREDATAFORANALYSIS):   end;
INFO: MPRINT(SMPREPAREDATAFORANALYSIS):   else if index(upcase(VISIT), "D") then do;
INFO: MPRINT(SMPREPAREDATAFORANALYSIS):   if prxmatch(pattern_day, upcase(strip(VISIT))) then do;
INFO: MPRINT(SMPREPAREDATAFORANALYSIS):   VISIT = "DAY " || prxposn(pattern_shortday, 1, upcase(strip(VISIT)));
INFO: MPRINT(SMPREPAREDATAFORANALYSIS):   VISITNum = input(prxposn(pattern_shortday, 1, upcase(strip(VISIT))), 8.);
INFO: MPRINT(SMPREPAREDATAFORANALYSIS):   end;
INFO: MPRINT(SMPREPAREDATAFORANALYSIS):   end;
INFO: MPRINT(SMPREPAREDATAFORANALYSIS):   else do;
INFO: MPRINT(SMPREPAREDATAFORANALYSIS):   VISIT = strip(VISIT);
INFO: MPRINT(SMPREPAREDATAFORANALYSIS):   end;
INFO: MPRINT(SMPREPAREDATAFORANALYSIS):   if index(upcase(VISIT), "Test") or index(upcase(VISIT), "Ref")then do;
INFO: MPRINT(SMPREPAREDATAFORANALYSIS):   VISIT = strip(VISIT);
INFO: MPRINT(SMPREPAREDATAFORANALYSIS):   end;
INFO: MPRINT(SMPREPAREDATAFORANALYSIS):   idx_max = max(index(upcase(PPCAT), "PERIOD"), index(upcase(PPCAT), "DAY"), index(upcase(PPCAT), "GROUP"), index(upcase(PPCAT), "TRT"));
INFO: 9                                                                                                                        The SAS System                                                                                       10:40 Wednesday, September 6, 2017
INFO: 
INFO: MPRINT(SMPREPAREDATAFORANALYSIS):   if idx_max then do;
INFO: MPRINT(SMPREPAREDATAFORANALYSIS):   if idx_max then do;
INFO: MPRINT(SMPREPAREDATAFORANALYSIS):   PPCAT = scan(PPCAT, 1, "_-/\");
INFO: MPRINT(SMPREPAREDATAFORANALYSIS):   end;
INFO: MPRINT(SMPREPAREDATAFORANALYSIS):   else do;
INFO: MPRINT(SMPREPAREDATAFORANALYSIS):   PPCAT = scan(PPCAT, -1, "_-/\");
INFO: MPRINT(SMPREPAREDATAFORANALYSIS):   end;
INFO: MPRINT(SMPREPAREDATAFORANALYSIS):   end;
INFO: MPRINT(SMPREPAREDATAFORANALYSIS):   else do;
INFO: MPRINT(SMPREPAREDATAFORANALYSIS):   if upcase(substr(PPCAT, 1, 6)) = "PERIOD" then do;
INFO: MPRINT(SMPREPAREDATAFORANALYSIS):   PPCAT = scan(PPCAT, -1, "_-/\");
INFO: MPRINT(SMPREPAREDATAFORANALYSIS):   end;
INFO: MPRINT(SMPREPAREDATAFORANALYSIS):   else if upcase(substr(PPCAT, 1, 3)) in ("DAY", "TRT") then do;
INFO: MPRINT(SMPREPAREDATAFORANALYSIS):   PPCAT = scan(PPCAT, -1, "_-/\");
INFO: MPRINT(SMPREPAREDATAFORANALYSIS):   end;
INFO: MPRINT(SMPREPAREDATAFORANALYSIS):   else if upcase(substr(PPCAT, 1, 5)) = "GROUP" then do;
INFO: MPRINT(SMPREPAREDATAFORANALYSIS):   PPCAT = scan(PPCAT, -1, "_-/\");
INFO: MPRINT(SMPREPAREDATAFORANALYSIS):   end;
INFO: MPRINT(SMPREPAREDATAFORANALYSIS):   else if upcase(substr(PPCAT, 1, 9)) = "TREATMENT" then do;
INFO: MPRINT(SMPREPAREDATAFORANALYSIS):   PPCAT = scan(PPCAT, -1, "_-/\");
INFO: MPRINT(SMPREPAREDATAFORANALYSIS):   end;
INFO: MPRINT(SMPREPAREDATAFORANALYSIS):   end;
INFO: MPRINT(SMPREPAREDATAFORANALYSIS):   drop pattern_: idx_;
INFO: MPRINT(SMPREPAREDATAFORANALYSIS):   run;
INFO: 
WARNING: WARNING: The variable idx_ in the DROP, KEEP, or RENAME list has never been referenced.
INFO: NOTE: There were 368 observations read from the data set USER.ADPP.
INFO: NOTE: The data set USER.ADPP has 368 observations and 30 variables.
INFO: NOTE: Compressing data set USER.ADPP decreased size by 25.00 percent.
INFO: Compressed is 3 pages; un-compressed would require 4 pages.
INFO: NOTE: DATA statement used (Total process time):
INFO: real time           0.01 seconds
INFO: cpu time            0.01 seconds
INFO: 
INFO: 
INFO: MPRINT(SMPREPAREDATAFORANALYSIS):   data user.adpp;
INFO: MPRINT(SMPREPAREDATAFORANALYSIS):   length ARM $500.;
INFO: MPRINT(SMPREPAREDATAFORANALYSIS):   set user.adpp(where = (find(upcase(PPTESTCD), "AUC") or find(upcase(PPTESTCD), "CMAX") or find(upcase(PPTESTCD), "ACTAU") or find(upcase(PPTESTCD), "ACINF") or find(upcase(PPTESTCD), "TMAX") or find(upcase(PPTESTCD),
INFO: "THALF")));
INFO: MPRINT(SMPREPAREDATAFORANALYSIS):   if index(upcase(ARM), "SCREENING") then do;
INFO: MPRINT(SMPREPAREDATAFORANALYSIS):   loc_scr = index(upcase(ARM), "SCREENING");
INFO: MPRINT(SMPREPAREDATAFORANALYSIS):   sep_scr = compress(substr(ARM, loc_scr + 9, 2));
INFO: MPRINT(SMPREPAREDATAFORANALYSIS):   if index(sep_scr, ":") then do;
INFO: MPRINT(SMPREPAREDATAFORANALYSIS):   sep_scr = ":";
INFO: MPRINT(SMPREPAREDATAFORANALYSIS):   end;
INFO: MPRINT(SMPREPAREDATAFORANALYSIS):   else if index(sep_scr, ";") then do;
INFO: MPRINT(SMPREPAREDATAFORANALYSIS):   sep_scr = ";";
INFO: MPRINT(SMPREPAREDATAFORANALYSIS):   end;
INFO: MPRINT(SMPREPAREDATAFORANALYSIS):   else if index(sep_scr, "/") then do;
INFO: MPRINT(SMPREPAREDATAFORANALYSIS):   sep_scr = "/";
INFO: MPRINT(SMPREPAREDATAFORANALYSIS):   end;
INFO: MPRINT(SMPREPAREDATAFORANALYSIS):   else if index(sep_scr, "-") then do;
INFO: MPRINT(SMPREPAREDATAFORANALYSIS):   sep_scr = "-";
INFO: MPRINT(SMPREPAREDATAFORANALYSIS):   end;
INFO: MPRINT(SMPREPAREDATAFORANALYSIS):   else if index(sep_scr, "&") then do;
INFO: MPRINT(SMPREPAREDATAFORANALYSIS):   sep_scr = "&";
INFO: MPRINT(SMPREPAREDATAFORANALYSIS):   end;
INFO: MPRINT(SMPREPAREDATAFORANALYSIS):   else if index(sep_scr, "+") then do;
INFO: 10                                                                                                                       The SAS System                                                                                       10:40 Wednesday, September 6, 2017
INFO: 
INFO: MPRINT(SMPREPAREDATAFORANALYSIS):   sep_scr = "+";
INFO: MPRINT(SMPREPAREDATAFORANALYSIS):   end;
INFO: MPRINT(SMPREPAREDATAFORANALYSIS):   ARM = substr(ARM, index(ARM, strip(sep_scr)) + 1);
INFO: MPRINT(SMPREPAREDATAFORANALYSIS):   end;
INFO: MPRINT(SMPREPAREDATAFORANALYSIS):   if index(upcase(ARM), "FOLLOW-UP") or index(upcase(ARM), "FOLLOW UP") then do;
INFO: MPRINT(SMPREPAREDATAFORANALYSIS):   if index(upcase(ARM), "FOLLOW-UP") then do;
INFO: MPRINT(SMPREPAREDATAFORANALYSIS):   loc_fu = index(upcase(ARM), "FOLLOW-UP");
INFO: MPRINT(SMPREPAREDATAFORANALYSIS):   sep_fu = compress(substr(ARM, loc_fu - 2, 2));
INFO: MPRINT(SMPREPAREDATAFORANALYSIS):   end;
INFO: MPRINT(SMPREPAREDATAFORANALYSIS):   else do;
INFO: MPRINT(SMPREPAREDATAFORANALYSIS):   loc_fu = index(upcase(ARM), "FOLLOW UP");
INFO: MPRINT(SMPREPAREDATAFORANALYSIS):   sep_fu = compress(substr(ARM, loc_fu - 2, 2));
INFO: MPRINT(SMPREPAREDATAFORANALYSIS):   end;
INFO: MPRINT(SMPREPAREDATAFORANALYSIS):   if index(sep_fu, ":") then do;
INFO: MPRINT(SMPREPAREDATAFORANALYSIS):   sep_fu = ":";
INFO: MPRINT(SMPREPAREDATAFORANALYSIS):   end;
INFO: MPRINT(SMPREPAREDATAFORANALYSIS):   else if index(sep_fu, ";") then do;
INFO: MPRINT(SMPREPAREDATAFORANALYSIS):   sep_fu = ";";
INFO: MPRINT(SMPREPAREDATAFORANALYSIS):   end;
INFO: MPRINT(SMPREPAREDATAFORANALYSIS):   else if index(sep_fu, "/") then do;
INFO: MPRINT(SMPREPAREDATAFORANALYSIS):   sep_fu = "/";
INFO: MPRINT(SMPREPAREDATAFORANALYSIS):   end;
INFO: MPRINT(SMPREPAREDATAFORANALYSIS):   else if index(sep_fu, "-") then do;
INFO: MPRINT(SMPREPAREDATAFORANALYSIS):   sep_fu = "-";
INFO: MPRINT(SMPREPAREDATAFORANALYSIS):   end;
INFO: MPRINT(SMPREPAREDATAFORANALYSIS):   else if index(sep_fu, "&") then do;
INFO: MPRINT(SMPREPAREDATAFORANALYSIS):   sep_fu = "&";
INFO: MPRINT(SMPREPAREDATAFORANALYSIS):   end;
INFO: MPRINT(SMPREPAREDATAFORANALYSIS):   else if index(sep_fu, "+") then do;
INFO: MPRINT(SMPREPAREDATAFORANALYSIS):   sep_fu = "+";
INFO: MPRINT(SMPREPAREDATAFORANALYSIS):   end;
INFO: MPRINT(SMPREPAREDATAFORANALYSIS):   if index(upcase(ARM), "FOLLOW-UP") then do;
INFO: MPRINT(SMPREPAREDATAFORANALYSIS):   _temp_ = strip(substr(ARM, 1, index(ARM, scan(ARM, -2, strip(sep_fu)))-1));
INFO: MPRINT(SMPREPAREDATAFORANALYSIS):   ARM = substr(_temp_, 1, length(_temp_) - 1);
INFO: MPRINT(SMPREPAREDATAFORANALYSIS):   end;
INFO: MPRINT(SMPREPAREDATAFORANALYSIS):   else do;
INFO: MPRINT(SMPREPAREDATAFORANALYSIS):   _temp_ = strip(substr(ARM, 1, index(ARM, scan(ARM, -1, strip(sep_fu)))));
INFO: MPRINT(SMPREPAREDATAFORANALYSIS):   ARM = substr(_temp_, 1, length(_temp_) - 1);
INFO: MPRINT(SMPREPAREDATAFORANALYSIS):   end;
INFO: MPRINT(SMPREPAREDATAFORANALYSIS):   end;
INFO: MPRINT(SMPREPAREDATAFORANALYSIS):   ARM = strip(ARM);
INFO: MPRINT(SMPREPAREDATAFORANALYSIS):   drop _t: sep_: loc_: ;
INFO: MPRINT(SMPREPAREDATAFORANALYSIS):   keep USUBJID VISIT ARM PPCAT PPTESTCD PPSTRESN PPSPEC PPDTC;
INFO: MPRINT(SMPREPAREDATAFORANALYSIS):   run;
INFO: 
INFO: NOTE: There were 80 observations read from the data set USER.ADPP.
INFO: WHERE FIND(UPCASE(PPTESTCD), 'AUC') or FIND(UPCASE(PPTESTCD), 'CMAX') or FIND(UPCASE(PPTESTCD), 'ACTAU') or FIND(UPCASE(PPTESTCD), 'ACINF') or FIND(UPCASE(PPTESTCD), 'TMAX') or FIND(UPCASE(PPTESTCD), 'THALF');
INFO: NOTE: The data set USER.ADPP has 80 observations and 8 variables.
INFO: NOTE: Compressing data set USER.ADPP increased size by 100.00 percent.
INFO: Compressed is 2 pages; un-compressed would require 1 pages.
INFO: NOTE: DATA statement used (Total process time):
INFO: real time           0.00 seconds
INFO: cpu time            0.00 seconds
INFO: 
INFO: 
INFO: MPRINT(SMPREPAREDATAFORANALYSIS):   proc sort data = user.adpp (keep = ARM VISIT) out = user.periods nodupkey;
INFO: MPRINT(SMPREPAREDATAFORANALYSIS):   by ARM VISIT;
INFO: MPRINT(SMPREPAREDATAFORANALYSIS):   run;
INFO: 11                                                                                                                       The SAS System                                                                                       10:40 Wednesday, September 6, 2017
INFO: 
INFO: 
INFO: NOTE: There were 80 observations read from the data set USER.ADPP.
INFO: NOTE: 76 observations with duplicate key values were deleted.
INFO: NOTE: The data set USER.PERIODS has 4 observations and 2 variables.
INFO: NOTE: Compressing data set USER.PERIODS increased size by 100.00 percent.
INFO: Compressed is 2 pages; un-compressed would require 1 pages.
INFO: NOTE: PROCEDURE SORT used (Total process time):
INFO: real time           0.01 seconds
INFO: cpu time            0.01 seconds
INFO: 
INFO: 
INFO: MPRINT(SMPREPAREDATAFORANALYSIS):   proc sort data = user.adpp (keep = ARM) out = user.sequences nodupkey;
INFO: MPRINT(SMPREPAREDATAFORANALYSIS):   by ARM;
INFO: MPRINT(SMPREPAREDATAFORANALYSIS):   run;
INFO: 
INFO: NOTE: There were 80 observations read from the data set USER.ADPP.
INFO: NOTE: 78 observations with duplicate key values were deleted.
INFO: NOTE: The data set USER.SEQUENCES has 2 observations and 1 variables.
INFO: NOTE: Compressing data set USER.SEQUENCES increased size by 100.00 percent.
INFO: Compressed is 2 pages; un-compressed would require 1 pages.
INFO: NOTE: PROCEDURE SORT used (Total process time):
INFO: real time           0.00 seconds
INFO: cpu time            0.00 seconds
INFO: 
INFO: 
INFO: MPRINT(SMPREPAREDATAFORANALYSIS):   data user._null_;
INFO: MPRINT(SMPREPAREDATAFORANALYSIS):   set user.periods end = eof;
INFO: MPRINT(SMPREPAREDATAFORANALYSIS):   by ARM VISIT;
INFO: MPRINT(SMPREPAREDATAFORANALYSIS):   retain MinNumberOfPeriods MaxNumberOfPeriods counter;
INFO: MPRINT(SMPREPAREDATAFORANALYSIS):   if _n_ = 1 then do;
INFO: MPRINT(SMPREPAREDATAFORANALYSIS):   MaxNumberOfPeriods = 0;
INFO: MPRINT(SMPREPAREDATAFORANALYSIS):   MinNumberOfPeriods = 99;
INFO: MPRINT(SMPREPAREDATAFORANALYSIS):   end;
INFO: MPRINT(SMPREPAREDATAFORANALYSIS):   if first.ARM then do;
INFO: MPRINT(SMPREPAREDATAFORANALYSIS):   counter = 0;
INFO: MPRINT(SMPREPAREDATAFORANALYSIS):   end;
INFO: MPRINT(SMPREPAREDATAFORANALYSIS):   counter + 1;
INFO: MPRINT(SMPREPAREDATAFORANALYSIS):   if last.ARM then do;
INFO: MPRINT(SMPREPAREDATAFORANALYSIS):   if MaxNumberOfPeriods < counter then do;
INFO: MPRINT(SMPREPAREDATAFORANALYSIS):   MaxNumberOfPeriods = counter;
INFO: MPRINT(SMPREPAREDATAFORANALYSIS):   end;
INFO: MPRINT(SMPREPAREDATAFORANALYSIS):   if MinNumberOfPeriods > counter then do;
INFO: MPRINT(SMPREPAREDATAFORANALYSIS):   MinNumberOfPeriods = counter;
INFO: MPRINT(SMPREPAREDATAFORANALYSIS):   end;
INFO: MPRINT(SMPREPAREDATAFORANALYSIS):   end;
INFO: MPRINT(SMPREPAREDATAFORANALYSIS):   if eof then do;
INFO: MPRINT(SMPREPAREDATAFORANALYSIS):   call symputx("MaxNumberOfPeriods", MaxNumberOfPeriods);
INFO: MPRINT(SMPREPAREDATAFORANALYSIS):   call symputx("MinNumberOfPeriods", MinNumberOfPeriods);
INFO: MPRINT(SMPREPAREDATAFORANALYSIS):   end;
INFO: MPRINT(SMPREPAREDATAFORANALYSIS):   run;
INFO: 
INFO: NOTE: There were 4 observations read from the data set USER.PERIODS.
INFO: NOTE: DATA statement used (Total process time):
INFO: real time           0.00 seconds
INFO: cpu time            0.00 seconds
INFO: 
INFO: 
INFO: Maximum number of Periods = 2
INFO: 12                                                                                                                       The SAS System                                                                                       10:40 Wednesday, September 6, 2017
INFO: 
INFO: Minimum number of Periods = 2
INFO: MPRINT(SMPREPAREDATAFORANALYSIS):   proc sql noprint;
INFO: MPRINT(SMPREPAREDATAFORANALYSIS):   select distinct ARM into: SequenceList separated by "~!~" from user.sequences ;
INFO: MPRINT(SMPREPAREDATAFORANALYSIS):   quit;
INFO: NOTE: PROCEDURE SQL used (Total process time):
INFO: real time           0.00 seconds
INFO: cpu time            0.00 seconds
INFO: 
INFO: 
INFO: SequenceList = FASTED-FED~!~FED-FASTED
INFO: Number of Sequences = 2
INFO: CurrentSequence: FASTED-FED
INFO: NumberOfColon = 0
INFO: NumberOfSemiColon = 0
INFO: NumberOfSlash = 0
INFO: NumberOfDash = 1
INFO: NumberOfAmpersand = 0
INFO: NumberOfPluses = 0
INFO: SeparatorListFull=0~!~0~!~0~!~1~!~0~!~0
INFO: NumberOfSeparators=1
INFO: SeparatorList=:~!~;~!~/~!~-~!~&~!~+
INFO: HitCount=1
INFO: HitList=-
INFO: CurrentSequence: FED-FASTED
INFO: NumberOfColon = 0
INFO: NumberOfSemiColon = 0
INFO: NumberOfSlash = 0
INFO: NumberOfDash = 1
INFO: NumberOfAmpersand = 0
INFO: NumberOfPluses = 0
INFO: SeparatorListFull=0~!~0~!~0~!~1~!~0~!~0
INFO: NumberOfSeparators=1
INFO: SeparatorList=:~!~;~!~/~!~-~!~&~!~+
INFO: HitCount=1
INFO: HitList=-
INFO: Seperator before: -
INFO: MPRINT(SMPREPAREDATAFORANALYSIS):   data _null_;
INFO: MPRINT(SMPREPAREDATAFORANALYSIS):   set user.sequences end = eof;
INFO: MPRINT(SMPREPAREDATAFORANALYSIS):   if count(ARM, "-") then do;
INFO: MPRINT(SMPREPAREDATAFORANALYSIS):   counter + 1;
INFO: MPRINT(SMPREPAREDATAFORANALYSIS):   end;
INFO: MPRINT(SMPREPAREDATAFORANALYSIS):   if eof then do;
INFO: MPRINT(SMPREPAREDATAFORANALYSIS):   if counter < (2 - 1) or counter = 0 then do;
INFO: MPRINT(SMPREPAREDATAFORANALYSIS):   call symputx("Separator", "");
INFO: MPRINT(SMPREPAREDATAFORANALYSIS):   end;
INFO: MPRINT(SMPREPAREDATAFORANALYSIS):   end;
INFO: MPRINT(SMPREPAREDATAFORANALYSIS):   drop counter;
INFO: MPRINT(SMPREPAREDATAFORANALYSIS):   run;
INFO: 
INFO: NOTE: There were 2 observations read from the data set USER.SEQUENCES.
INFO: NOTE: DATA statement used (Total process time):
INFO: real time           0.00 seconds
INFO: cpu time            0.00 seconds
INFO: 
INFO: 
INFO: Separator is: -
INFO: MPRINT(CHECKSEPANDSPLIT):   data a;
INFO: MPRINT(CHECKSEPANDSPLIT):   set user.sequences ;
INFO: 13                                                                                                                       The SAS System                                                                                       10:40 Wednesday, September 6, 2017
INFO: 
INFO: MPRINT(CHECKSEPANDSPLIT):   length treatment $ 300;
INFO: MPRINT(CHECKSEPANDSPLIT):   do i=1 to (2);
INFO: MPRINT(CHECKSEPANDSPLIT):   period=i;
INFO: MPRINT(CHECKSEPANDSPLIT):   output;
INFO: MPRINT(CHECKSEPANDSPLIT):   end;
INFO: 
INFO: NOTE: Variable treatment is uninitialized.
INFO: NOTE: There were 2 observations read from the data set USER.SEQUENCES.
INFO: NOTE: The data set USER.A has 4 observations and 4 variables.
INFO: NOTE: Compressing data set USER.A increased size by 100.00 percent.
INFO: Compressed is 2 pages; un-compressed would require 1 pages.
INFO: NOTE: DATA statement used (Total process time):
INFO: real time           0.00 seconds
INFO: cpu time            0.00 seconds
INFO: 
INFO: 
INFO: MPRINT(CHECKSEPANDSPLIT):   data a;
INFO: MPRINT(CHECKSEPANDSPLIT):  set a(drop=treatment);
INFO: MPRINT(CHECKSEPANDSPLIT):  treatment=strip(scan(ARM, period, "-"));
INFO: 
INFO: NOTE: There were 4 observations read from the data set USER.A.
INFO: NOTE: The data set USER.A has 4 observations and 4 variables.
INFO: NOTE: Compressing data set USER.A increased size by 100.00 percent.
INFO: Compressed is 2 pages; un-compressed would require 1 pages.
INFO: NOTE: DATA statement used (Total process time):
INFO: real time           0.00 seconds
INFO: cpu time            0.00 seconds
INFO: 
INFO: 
INFO: MPRINT(CHECKSEPANDSPLIT):   proc freq data=a noprint;
INFO: MPRINT(CHECKSEPANDSPLIT):  tables treatment/out=a1;
INFO: MPRINT(CHECKSEPANDSPLIT):  run;
INFO: 
INFO: NOTE: There were 4 observations read from the data set USER.A.
INFO: NOTE: The data set USER.A1 has 2 observations and 3 variables.
INFO: NOTE: Compressing data set USER.A1 increased size by 100.00 percent.
INFO: Compressed is 2 pages; un-compressed would require 1 pages.
INFO: NOTE: PROCEDURE FREQ used (Total process time):
INFO: real time           0.01 seconds
INFO: cpu time            0.01 seconds
INFO: 
INFO: 
INFO: MPRINT(CHECKSEPANDSPLIT):  ;
INFO: 2
INFO: 2
INFO: maxtrt=2
INFO: separator=-
INFO: MPRINT(SMPREPAREDATAFORANALYSIS):  ;
INFO: MPRINT(SMREADANDMERGEDATASET):   libname input1 xport "\\localhost\clinical\DRUG000\0000\m5\datasets\TEST002\tabulations\sdtm\pp.xpt" access = readonly;
INFO: NOTE: Libref INPUT1 was successfully assigned as follows:
INFO: Engine:        XPORT
INFO: Physical Name: \\localhost\clinical\DRUG000\0000\m5\datasets\TEST002\tabulations\sdtm\pp.xpt
INFO: MPRINT(SMDETERMINEDATASETNAME):   proc contents data=input1._ALL_ memtype=data out=user.dsNames0(keep=memname) noprint;
INFO: MPRINT(SMDETERMINEDATASETNAME):   run;
INFO: 
INFO: NOTE: The data set USER.DSNAMES0 has 18 observations and 1 variables.
INFO: NOTE: Compressing data set USER.DSNAMES0 increased size by 100.00 percent.
INFO: Compressed is 2 pages; un-compressed would require 1 pages.
INFO: 14                                                                                                                       The SAS System                                                                                       10:40 Wednesday, September 6, 2017
INFO: 
INFO: NOTE: PROCEDURE CONTENTS used (Total process time):
INFO: real time           0.03 seconds
INFO: cpu time            0.03 seconds
INFO: 
INFO: 
INFO: MPRINT(SMDETERMINEDATASETNAME):   proc sort data=user.dsNames0 OUT=user.dsNames nodupkey;
INFO: MPRINT(SMDETERMINEDATASETNAME):   BY memname;
INFO: MPRINT(SMDETERMINEDATASETNAME):   run;
INFO: 
INFO: NOTE: There were 18 observations read from the data set USER.DSNAMES0.
INFO: NOTE: 17 observations with duplicate key values were deleted.
INFO: NOTE: The data set USER.DSNAMES has 1 observations and 1 variables.
INFO: NOTE: Compressing data set USER.DSNAMES increased size by 100.00 percent.
INFO: Compressed is 2 pages; un-compressed would require 1 pages.
INFO: NOTE: PROCEDURE SORT used (Total process time):
INFO: real time           0.00 seconds
INFO: cpu time            0.00 seconds
INFO: 
INFO: 
INFO: MPRINT(SMDETERMINEDATASETNAME):   data _null_;
INFO: MPRINT(SMDETERMINEDATASETNAME):   set user.dsNames;
INFO: MPRINT(SMDETERMINEDATASETNAME):   if index(upcase(memname), upcase('&expectedDsName.')) ne 0 then do;
INFO: MPRINT(SMDETERMINEDATASETNAME):   call symput('inputDsName', memname);
INFO: MPRINT(SMDETERMINEDATASETNAME):   end;
INFO: MPRINT(SMDETERMINEDATASETNAME):   run;
INFO: 
INFO: NOTE: There were 1 observations read from the data set USER.DSNAMES.
INFO: NOTE: DATA statement used (Total process time):
INFO: real time           0.00 seconds
INFO: cpu time            0.00 seconds
INFO: 
INFO: 
INFO: MPRINT(SMDETERMINEDATASETNAME):   data _null_;
INFO: MPRINT(SMDETERMINEDATASETNAME):   set user.dsNames;
INFO: MPRINT(SMDETERMINEDATASETNAME):   by memname;
INFO: MPRINT(SMDETERMINEDATASETNAME):   if first.memname then do;
INFO: MPRINT(SMDETERMINEDATASETNAME):   call symput('inputDsName', memname);
INFO: MPRINT(SMDETERMINEDATASETNAME):   end;
INFO: MPRINT(SMDETERMINEDATASETNAME):   run;
INFO: 
INFO: NOTE: There were 1 observations read from the data set USER.DSNAMES.
INFO: NOTE: DATA statement used (Total process time):
INFO: real time           0.00 seconds
INFO: cpu time            0.00 seconds
INFO: 
INFO: 
INFO: MPRINT(SMREADANDMERGEDATASET):  ;
INFO: MPRINT(SMREADANDMERGEDATASET):   data user.pp_tmp;
INFO: MPRINT(SMREADANDMERGEDATASET):   set input1.PP ;
INFO: MPRINT(SMREADANDMERGEDATASET):   ;
INFO: MPRINT(SMREADANDMERGEDATASET):   run;
INFO: 
INFO: NOTE: There were 368 observations read from the data set INPUT1.PP.
INFO: NOTE: The data set USER.PP_TMP has 368 observations and 18 variables.
INFO: NOTE: Compressing data set USER.PP_TMP decreased size by 0.00 percent.
INFO: Compressed is 3 pages; un-compressed would require 3 pages.
INFO: NOTE: DATA statement used (Total process time):
INFO: real time           0.01 seconds
INFO: 15                                                                                                                       The SAS System                                                                                       10:40 Wednesday, September 6, 2017
INFO: 
INFO: cpu time            0.01 seconds
INFO: 
INFO: 
INFO: MPRINT(SMREADANDMERGEDATASET):   data user.pp;
INFO: MPRINT(SMREADANDMERGEDATASET):   set user.pp_tmp;
INFO: MPRINT(SMREADANDMERGEDATASET):   run;
INFO: 
INFO: NOTE: There were 368 observations read from the data set USER.PP_TMP.
INFO: NOTE: The data set USER.PP has 368 observations and 18 variables.
INFO: NOTE: Compressing data set USER.PP decreased size by 0.00 percent.
INFO: Compressed is 3 pages; un-compressed would require 3 pages.
INFO: NOTE: DATA statement used (Total process time):
INFO: real time           0.00 seconds
INFO: cpu time            0.00 seconds
INFO: 
INFO: 
INFO: MPRINT(SMREADANDMERGEDATASET):   libname input1 clear;
INFO: NOTE: Libref INPUT1 has been deassigned.
INFO: MPRINT(GETSEPARATOR):  ;
INFO: MPRINT(GETSEPARATOR):   proc sort data = user.pp;
INFO: MPRINT(GETSEPARATOR):   by VISIT;
INFO: MPRINT(GETSEPARATOR):   run;
INFO: 
INFO: NOTE: There were 368 observations read from the data set USER.PP.
INFO: NOTE: The data set USER.PP has 368 observations and 18 variables.
INFO: NOTE: Compressing data set USER.PP decreased size by 0.00 percent.
INFO: Compressed is 3 pages; un-compressed would require 3 pages.
INFO: NOTE: PROCEDURE SORT used (Total process time):
INFO: real time           0.00 seconds
INFO: cpu time            0.00 seconds
INFO: 
INFO: 
INFO: MPRINT(GETSEPARATOR):   proc sort data = user.customPpVisit;
INFO: MPRINT(GETSEPARATOR):   by OldValue;
INFO: MPRINT(GETSEPARATOR):   run;
INFO: 
INFO: NOTE: There were 2 observations read from the data set USER.CUSTOMPPVISIT.
INFO: NOTE: The data set USER.CUSTOMPPVISIT has 2 observations and 2 variables.
INFO: NOTE: Compressing data set USER.CUSTOMPPVISIT increased size by 100.00 percent.
INFO: Compressed is 2 pages; un-compressed would require 1 pages.
INFO: NOTE: PROCEDURE SORT used (Total process time):
INFO: real time           0.01 seconds
INFO: cpu time            0.01 seconds
INFO: 
INFO: 
INFO: MPRINT(GETSEPARATOR):   data user.pp(rename=(NewValue=VISIT));
INFO: MPRINT(GETSEPARATOR):   merge user.pp(rename=(VISIT=OldValue) in=hasData) user.customPpVisit;
INFO: MPRINT(GETSEPARATOR):   by OldValue;
INFO: MPRINT(GETSEPARATOR):   if hasData;
INFO: MPRINT(GETSEPARATOR):   run;
INFO: 
INFO: NOTE: There were 368 observations read from the data set USER.PP.
INFO: NOTE: There were 2 observations read from the data set USER.CUSTOMPPVISIT.
INFO: NOTE: The data set USER.PP has 368 observations and 19 variables.
INFO: NOTE: Compressing data set USER.PP decreased size by 0.00 percent.
INFO: Compressed is 3 pages; un-compressed would require 3 pages.
INFO: NOTE: DATA statement used (Total process time):
INFO: real time           0.00 seconds
INFO: 16                                                                                                                       The SAS System                                                                                       10:40 Wednesday, September 6, 2017
INFO: 
INFO: cpu time            0.00 seconds
INFO: 
INFO: 
INFO: MPRINT(CHECKIFVAREXISTINADATA):   data one11;
INFO: MPRINT(CHECKIFVAREXISTINADATA):   dsid=open("user.pp");
INFO: MPRINT(CHECKIFVAREXISTINADATA):   check=varnum(dsid,"VISIT");
INFO: MPRINT(CHECKIFVAREXISTINADATA):   if check>0 then call symputx("varexist", 1,"G");
INFO: MPRINT(CHECKIFVAREXISTINADATA):   else call symputx("varexist", 0,"G");
INFO: MPRINT(CHECKIFVAREXISTINADATA):   run;
INFO: 
INFO: NOTE: The data set USER.ONE11 has 1 observations and 2 variables.
INFO: NOTE: Compressing data set USER.ONE11 increased size by 100.00 percent.
INFO: Compressed is 2 pages; un-compressed would require 1 pages.
INFO: NOTE: DATA statement used (Total process time):
INFO: real time           0.00 seconds
INFO: cpu time            0.00 seconds
INFO: 
INFO: 
INFO: varexist=1
INFO: MPRINT(GETSEPARATOR):  ;
INFO: MPRINT(SMPREPAREDATAFORANALYSIS):  ;
INFO: MPRINT(CHECKSEPANDSPLIT):   data a;
INFO: MPRINT(CHECKSEPANDSPLIT):   set user.sequences ;
INFO: MPRINT(CHECKSEPANDSPLIT):   length treatment $ 300;
INFO: MPRINT(CHECKSEPANDSPLIT):   do i=1 to (2);
INFO: MPRINT(CHECKSEPANDSPLIT):   period=i;
INFO: MPRINT(CHECKSEPANDSPLIT):   output;
INFO: MPRINT(CHECKSEPANDSPLIT):   end;
INFO: 
INFO: NOTE: Variable treatment is uninitialized.
INFO: NOTE: There were 2 observations read from the data set USER.SEQUENCES.
INFO: NOTE: The data set USER.A has 4 observations and 4 variables.
INFO: NOTE: Compressing data set USER.A increased size by 100.00 percent.
INFO: Compressed is 2 pages; un-compressed would require 1 pages.
INFO: NOTE: DATA statement used (Total process time):
INFO: real time           0.01 seconds
INFO: cpu time            0.01 seconds
INFO: 
INFO: 
INFO: MPRINT(CHECKSEPANDSPLIT):   data a;
INFO: MPRINT(CHECKSEPANDSPLIT):  set a(drop=treatment);
INFO: MPRINT(CHECKSEPANDSPLIT):  treatment=strip(scan(ARM, period, "-"));
INFO: 
INFO: NOTE: There were 4 observations read from the data set USER.A.
INFO: NOTE: The data set USER.A has 4 observations and 4 variables.
INFO: NOTE: Compressing data set USER.A increased size by 100.00 percent.
INFO: Compressed is 2 pages; un-compressed would require 1 pages.
INFO: NOTE: DATA statement used (Total process time):
INFO: real time           0.00 seconds
INFO: cpu time            0.00 seconds
INFO: 
INFO: 
INFO: MPRINT(CHECKSEPANDSPLIT):   proc freq data=a noprint;
INFO: MPRINT(CHECKSEPANDSPLIT):  tables treatment/out=a1;
INFO: MPRINT(CHECKSEPANDSPLIT):  run;
INFO: 
INFO: NOTE: There were 4 observations read from the data set USER.A.
INFO: NOTE: The data set USER.A1 has 2 observations and 3 variables.
INFO: 17                                                                                                                       The SAS System                                                                                       10:40 Wednesday, September 6, 2017
INFO: 
INFO: NOTE: Compressing data set USER.A1 increased size by 100.00 percent.
INFO: Compressed is 2 pages; un-compressed would require 1 pages.
INFO: NOTE: PROCEDURE FREQ used (Total process time):
INFO: real time           0.00 seconds
INFO: cpu time            0.00 seconds
INFO: 
INFO: 
INFO: MPRINT(CHECKSEPANDSPLIT):  ;
INFO: 2
INFO: 2
INFO: maxtrt=2
INFO: separator=-
INFO: MPRINT(SMPREPAREDATAFORANALYSIS):  ;
INFO: Current Sequence = FASTED-FED
INFO: Current Treatment = FASTED
INFO: Current Treatment = FED
INFO: Current Sequence = FED-FASTED
INFO: Current Treatment = FED
INFO: Current Treatment = FASTED
INFO: Final Unique Sequences = FASTED~!~FED
INFO: MPRINT(SMPREPAREDATAFORANALYSIS):   data user.groups;
INFO: MPRINT(SMPREPAREDATAFORANALYSIS):   set user.sequences;
INFO: MPRINT(SMPREPAREDATAFORANALYSIS):   length UniqueSequences $500.;
INFO: MPRINT(SMPREPAREDATAFORANALYSIS):   UniqueSequences = "FASTED~!~FED";
INFO: MPRINT(SMPREPAREDATAFORANALYSIS):   counter = 0;
INFO: MPRINT(SMPREPAREDATAFORANALYSIS):   do i = 1 to 2;
INFO: MPRINT(SMPREPAREDATAFORANALYSIS):   do j = 1 to countw(ARM, "-");
INFO: MPRINT(SMPREPAREDATAFORANALYSIS):   if strip(scan(UniqueSequences, i, "~!~")) = strip(scan(ARM, j, "-")) then do;
INFO: MPRINT(SMPREPAREDATAFORANALYSIS):   counter + i;
INFO: MPRINT(SMPREPAREDATAFORANALYSIS):   end;
INFO: MPRINT(SMPREPAREDATAFORANALYSIS):   end;
INFO: MPRINT(SMPREPAREDATAFORANALYSIS):   end;
INFO: MPRINT(SMPREPAREDATAFORANALYSIS):   drop i j;
INFO: MPRINT(SMPREPAREDATAFORANALYSIS):   run;
INFO: 
INFO: NOTE: There were 2 observations read from the data set USER.SEQUENCES.
INFO: NOTE: The data set USER.GROUPS has 2 observations and 3 variables.
INFO: NOTE: Compressing data set USER.GROUPS increased size by 100.00 percent.
INFO: Compressed is 2 pages; un-compressed would require 1 pages.
INFO: NOTE: DATA statement used (Total process time):
INFO: real time           0.00 seconds
INFO: cpu time            0.00 seconds
INFO: 
INFO: 
INFO: MPRINT(SMPREPAREDATAFORANALYSIS):   proc sort data = user.groups;
INFO: MPRINT(SMPREPAREDATAFORANALYSIS):   by counter ARM;
INFO: MPRINT(SMPREPAREDATAFORANALYSIS):   run;
INFO: 
INFO: NOTE: There were 2 observations read from the data set USER.GROUPS.
INFO: NOTE: The data set USER.GROUPS has 2 observations and 3 variables.
INFO: NOTE: Compressing data set USER.GROUPS increased size by 100.00 percent.
INFO: Compressed is 2 pages; un-compressed would require 1 pages.
INFO: NOTE: PROCEDURE SORT used (Total process time):
INFO: real time           0.00 seconds
INFO: cpu time            0.00 seconds
INFO: 
INFO: 
INFO: MPRINT(SMPREPAREDATAFORANALYSIS):   data user.groups;
INFO: 18                                                                                                                       The SAS System                                                                                       10:40 Wednesday, September 6, 2017
INFO: 
INFO: MPRINT(SMPREPAREDATAFORANALYSIS):   set user.groups;
INFO: MPRINT(SMPREPAREDATAFORANALYSIS):   by counter ARM;
INFO: MPRINT(SMPREPAREDATAFORANALYSIS):   retain CohortNumber CohortName CohortDescription;
INFO: MPRINT(SMPREPAREDATAFORANALYSIS):   if first.counter then do;
INFO: MPRINT(SMPREPAREDATAFORANALYSIS):   CohortNumber + 1;
INFO: MPRINT(SMPREPAREDATAFORANALYSIS):   CohortName = "Cohort " || strip(CohortNumber);
INFO: MPRINT(SMPREPAREDATAFORANALYSIS):   CohortDescription = ARM;
INFO: MPRINT(SMPREPAREDATAFORANALYSIS):   end;
INFO: MPRINT(SMPREPAREDATAFORANALYSIS):   drop counter;
INFO: MPRINT(SMPREPAREDATAFORANALYSIS):   run;
INFO: 
INFO: NOTE: Numeric values have been converted to character values at the places given by: (Line):(Column).
INFO: 19:76
INFO: NOTE: There were 2 observations read from the data set USER.GROUPS.
INFO: NOTE: The data set USER.GROUPS has 2 observations and 5 variables.
INFO: NOTE: Compressing data set USER.GROUPS increased size by 100.00 percent.
INFO: Compressed is 2 pages; un-compressed would require 1 pages.
INFO: NOTE: DATA statement used (Total process time):
INFO: real time           0.00 seconds
INFO: cpu time            0.00 seconds
INFO: 
INFO: 
INFO: MPRINT(SMPREPAREDATAFORANALYSIS):   proc sort data = user.adpp;
INFO: MPRINT(SMPREPAREDATAFORANALYSIS):   by ARM;
INFO: MPRINT(SMPREPAREDATAFORANALYSIS):   run;
INFO: 
INFO: NOTE: There were 80 observations read from the data set USER.ADPP.
INFO: NOTE: The data set USER.ADPP has 80 observations and 8 variables.
INFO: NOTE: Compressing data set USER.ADPP increased size by 100.00 percent.
INFO: Compressed is 2 pages; un-compressed would require 1 pages.
INFO: NOTE: PROCEDURE SORT used (Total process time):
INFO: real time           0.01 seconds
INFO: cpu time            0.01 seconds
INFO: 
INFO: 
INFO: MPRINT(SMPREPAREDATAFORANALYSIS):   proc sort data = user.groups;
INFO: MPRINT(SMPREPAREDATAFORANALYSIS):   by ARM;
INFO: MPRINT(SMPREPAREDATAFORANALYSIS):   run;
INFO: 
INFO: NOTE: There were 2 observations read from the data set USER.GROUPS.
INFO: NOTE: The data set USER.GROUPS has 2 observations and 5 variables.
INFO: NOTE: Compressing data set USER.GROUPS increased size by 100.00 percent.
INFO: Compressed is 2 pages; un-compressed would require 1 pages.
INFO: NOTE: PROCEDURE SORT used (Total process time):
INFO: real time           0.00 seconds
INFO: cpu time            0.00 seconds
INFO: 
INFO: 
INFO: MPRINT(SMPREPAREDATAFORANALYSIS):   data user.adpp(drop = _t:);
INFO: MPRINT(SMPREPAREDATAFORANALYSIS):   merge user.adpp(in = a) user.groups(in = b);
INFO: MPRINT(SMPREPAREDATAFORANALYSIS):   by ARM;
INFO: MPRINT(SMPREPAREDATAFORANALYSIS):   if a;
INFO: MPRINT(SMPREPAREDATAFORANALYSIS):   run;
INFO: 
WARNING: WARNING: The variable _t: in the DROP, KEEP, or RENAME list has never been referenced.
INFO: NOTE: There were 80 observations read from the data set USER.ADPP.
INFO: NOTE: There were 2 observations read from the data set USER.GROUPS.
INFO: NOTE: The data set USER.ADPP has 80 observations and 12 variables.
INFO: 19                                                                                                                       The SAS System                                                                                       10:40 Wednesday, September 6, 2017
INFO: 
INFO: NOTE: Compressing data set USER.ADPP decreased size by 0.00 percent.
INFO: Compressed is 2 pages; un-compressed would require 2 pages.
INFO: NOTE: DATA statement used (Total process time):
INFO: real time           0.00 seconds
INFO: cpu time            0.00 seconds
INFO: 
INFO: 
INFO: MPRINT(SMPREPAREDATAFORANALYSIS):   proc sql noprint;
INFO: MPRINT(SMPREPAREDATAFORANALYSIS):   select max(CohortNumber) into :NumberOfCohorts from user.adpp ;
INFO: MPRINT(SMPREPAREDATAFORANALYSIS):   quit;
INFO: NOTE: PROCEDURE SQL used (Total process time):
INFO: real time           0.01 seconds
INFO: cpu time            0.01 seconds
INFO: 
INFO: 
INFO: Number of Groups =        1
INFO: MPRINT(SMPREPAREDATAFORANALYSIS):   proc sort data = user.adpp;
INFO: MPRINT(SMPREPAREDATAFORANALYSIS):   by USUBJID ARM VISIT;
INFO: MPRINT(SMPREPAREDATAFORANALYSIS):   run;
INFO: 
INFO: NOTE: There were 80 observations read from the data set USER.ADPP.
INFO: NOTE: The data set USER.ADPP has 80 observations and 12 variables.
INFO: NOTE: Compressing data set USER.ADPP decreased size by 0.00 percent.
INFO: Compressed is 2 pages; un-compressed would require 2 pages.
INFO: NOTE: PROCEDURE SORT used (Total process time):
INFO: real time           0.00 seconds
INFO: cpu time            0.00 seconds
INFO: 
INFO: 
INFO: MPRINT(SMPREPAREDATAFORANALYSIS):   data user.adpp;
INFO: MPRINT(SMPREPAREDATAFORANALYSIS):   length TreatmentInPeriodText TreatmentInPeriod $200.;
INFO: MPRINT(SMPREPAREDATAFORANALYSIS):   set user.adpp;
INFO: MPRINT(SMPREPAREDATAFORANALYSIS):   by USUBJID ARM VISIT;
INFO: MPRINT(SMPREPAREDATAFORANALYSIS):   retain split;
INFO: MPRINT(SMPREPAREDATAFORANALYSIS):   if first.USUBJID then do;
INFO: MPRINT(SMPREPAREDATAFORANALYSIS):   split = 0;
INFO: MPRINT(SMPREPAREDATAFORANALYSIS):   end;
INFO: MPRINT(SMPREPAREDATAFORANALYSIS):   if first.VISIT then do;
INFO: MPRINT(SMPREPAREDATAFORANALYSIS):   split + 1;
INFO: MPRINT(SMPREPAREDATAFORANALYSIS):   end;
INFO: MPRINT(SMPREPAREDATAFORANALYSIS):   if scan(ARM, split, "-") = ARM or scan(ARM, split, "-") = "" then do;
INFO: MPRINT(SMPREPAREDATAFORANALYSIS):   TreatmentInPeriodText = strip(VISIT);
INFO: MPRINT(SMPREPAREDATAFORANALYSIS):   end;
INFO: MPRINT(SMPREPAREDATAFORANALYSIS):   else do;
INFO: MPRINT(SMPREPAREDATAFORANALYSIS):   TreatmentInPeriodText = strip(scan(ARM, split, "-"));
INFO: MPRINT(SMPREPAREDATAFORANALYSIS):   end;
INFO: MPRINT(SMPREPAREDATAFORANALYSIS):   TreatmentInPeriodLength = length(strip(TreatmentInPeriodText));
INFO: MPRINT(SMPREPAREDATAFORANALYSIS):   TreatmentInPeriod = put(TreatmentInPeriodLength, z4.) || "_" || strip(TreatmentInPeriodText);
INFO: MPRINT(SMPREPAREDATAFORANALYSIS):   run;
INFO: 
INFO: NOTE: There were 80 observations read from the data set USER.ADPP.
INFO: NOTE: The data set USER.ADPP has 80 observations and 16 variables.
INFO: NOTE: Compressing data set USER.ADPP decreased size by 33.33 percent.
INFO: Compressed is 2 pages; un-compressed would require 3 pages.
INFO: NOTE: DATA statement used (Total process time):
INFO: real time           0.00 seconds
INFO: cpu time            0.00 seconds
INFO: 
INFO: 20                                                                                                                       The SAS System                                                                                       10:40 Wednesday, September 6, 2017
INFO: 
INFO: 
INFO: MPRINT(CHECKPPSPLIT):   proc freq data=user.adpp noprint;
INFO: MPRINT(CHECKPPSPLIT):   tables VISIT*split/out=split_freq;
INFO: MPRINT(CHECKPPSPLIT):  run;
INFO: 
INFO: NOTE: There were 80 observations read from the data set USER.ADPP.
INFO: NOTE: The data set USER.SPLIT_FREQ has 2 observations and 4 variables.
INFO: NOTE: Compressing data set USER.SPLIT_FREQ increased size by 100.00 percent.
INFO: Compressed is 2 pages; un-compressed would require 1 pages.
INFO: NOTE: PROCEDURE FREQ used (Total process time):
INFO: real time           0.01 seconds
INFO: cpu time            0.01 seconds
INFO: 
INFO: 
INFO: MPRINT(CHECKPPSPLIT):   proc sort data=split_freq;
INFO: MPRINT(CHECKPPSPLIT):  by VISIT split count;
INFO: MPRINT(CHECKPPSPLIT):  run;
INFO: 
INFO: NOTE: There were 2 observations read from the data set USER.SPLIT_FREQ.
INFO: NOTE: The data set USER.SPLIT_FREQ has 2 observations and 4 variables.
INFO: NOTE: Compressing data set USER.SPLIT_FREQ increased size by 100.00 percent.
INFO: Compressed is 2 pages; un-compressed would require 1 pages.
INFO: NOTE: PROCEDURE SORT used (Total process time):
INFO: real time           0.00 seconds
INFO: cpu time            0.00 seconds
INFO: 
INFO: 
INFO: MPRINT(CHECKPPSPLIT):   data split_freq;
INFO: MPRINT(CHECKPPSPLIT):  set split_freq;
INFO: MPRINT(CHECKPPSPLIT):  by VISIT split count;
INFO: MPRINT(CHECKPPSPLIT):  if last.VISIT then output;
INFO: MPRINT(CHECKPPSPLIT):  rename split=new_split;
INFO: MPRINT(CHECKPPSPLIT):  run;
INFO: 
INFO: NOTE: There were 2 observations read from the data set USER.SPLIT_FREQ.
INFO: NOTE: The data set USER.SPLIT_FREQ has 2 observations and 4 variables.
INFO: NOTE: Compressing data set USER.SPLIT_FREQ increased size by 100.00 percent.
INFO: Compressed is 2 pages; un-compressed would require 1 pages.
INFO: NOTE: DATA statement used (Total process time):
INFO: real time           0.01 seconds
INFO: cpu time            0.01 seconds
INFO: 
INFO: 
INFO: MPRINT(CHECKPPSPLIT):   proc sort data=user.adpp;
INFO: MPRINT(CHECKPPSPLIT):  by VISIT;
INFO: 
INFO: NOTE: There were 80 observations read from the data set USER.ADPP.
INFO: NOTE: The data set USER.ADPP has 80 observations and 16 variables.
INFO: NOTE: Compressing data set USER.ADPP decreased size by 33.33 percent.
INFO: Compressed is 2 pages; un-compressed would require 3 pages.
INFO: NOTE: PROCEDURE SORT used (Total process time):
INFO: real time           0.00 seconds
INFO: cpu time            0.00 seconds
INFO: 
INFO: 
INFO: MPRINT(CHECKPPSPLIT):   proc sort data=split_freq;
INFO: MPRINT(CHECKPPSPLIT):  by VISIT;
INFO: NOTE: There were 2 observations read from the data set USER.SPLIT_FREQ.
INFO: 21                                                                                                                       The SAS System                                                                                       10:40 Wednesday, September 6, 2017
INFO: 
INFO: NOTE: The data set USER.SPLIT_FREQ has 2 observations and 4 variables.
INFO: NOTE: Compressing data set USER.SPLIT_FREQ increased size by 100.00 percent.
INFO: Compressed is 2 pages; un-compressed would require 1 pages.
INFO: NOTE: PROCEDURE SORT used (Total process time):
INFO: real time           0.00 seconds
INFO: cpu time            0.00 seconds
INFO: 
INFO: 
INFO: MPRINT(CHECKPPSPLIT):   data adpp_jiaxiang;
INFO: MPRINT(CHECKPPSPLIT):  merge user.adpp split_freq;
INFO: MPRINT(CHECKPPSPLIT):  by VISIT;
INFO: 
INFO: NOTE: There were 80 observations read from the data set USER.ADPP.
INFO: NOTE: There were 2 observations read from the data set USER.SPLIT_FREQ.
INFO: NOTE: The data set USER.ADPP_JIAXIANG has 80 observations and 19 variables.
INFO: NOTE: Compressing data set USER.ADPP_JIAXIANG decreased size by 33.33 percent.
INFO: Compressed is 2 pages; un-compressed would require 3 pages.
INFO: NOTE: DATA statement used (Total process time):
INFO: real time           0.01 seconds
INFO: cpu time            0.01 seconds
INFO: 
INFO: 
INFO: MPRINT(CHECKPPSPLIT):   data user.adpp;
INFO: MPRINT(CHECKPPSPLIT):  set adpp_jiaxiang(drop=split);
INFO: MPRINT(CHECKPPSPLIT):  rename new_split=split;
INFO: MPRINT(CHECKPPSPLIT):  run;
INFO: 
INFO: NOTE: There were 80 observations read from the data set USER.ADPP_JIAXIANG.
INFO: NOTE: The data set USER.ADPP has 80 observations and 18 variables.
INFO: NOTE: Compressing data set USER.ADPP decreased size by 33.33 percent.
INFO: Compressed is 2 pages; un-compressed would require 3 pages.
INFO: NOTE: DATA statement used (Total process time):
INFO: real time           0.00 seconds
INFO: cpu time            0.00 seconds
INFO: 
INFO: 
INFO: MPRINT(SMPREPAREDATAFORANALYSIS):  ;
INFO: MPRINT(SMPREPAREDATAFORANALYSIS):  ;
INFO: MPRINT(SMPREPAREDATAFORANALYSIS):   ;
INFO: MPRINT(SMPREPAREDATAFORANALYSIS):   proc sort data=user.adpp;
INFO: MPRINT(SMPREPAREDATAFORANALYSIS):  by USUBJID ARM VISIT;
INFO: MPRINT(SMPREPAREDATAFORANALYSIS):   run;
INFO: 
INFO: NOTE: There were 80 observations read from the data set USER.ADPP.
INFO: NOTE: The data set USER.ADPP has 80 observations and 18 variables.
INFO: NOTE: Compressing data set USER.ADPP decreased size by 33.33 percent.
INFO: Compressed is 2 pages; un-compressed would require 3 pages.
INFO: NOTE: PROCEDURE SORT used (Total process time):
INFO: real time           0.00 seconds
INFO: cpu time            0.00 seconds
INFO: 
INFO: 
INFO: MPRINT(SMPREPAREDATAFORANALYSIS):   data user.adpp;
INFO: MPRINT(SMPREPAREDATAFORANALYSIS):   set user.adpp;
INFO: MPRINT(SMPREPAREDATAFORANALYSIS):   by USUBJID ARM VISIT;
INFO: MPRINT(SMPREPAREDATAFORANALYSIS):   if scan(ARM, split, "-") = ARM or scan(ARM, split, "-") = "" then do;
INFO: MPRINT(SMPREPAREDATAFORANALYSIS):   TreatmentInPeriodText = strip(VISIT);
INFO: MPRINT(SMPREPAREDATAFORANALYSIS):   end;
INFO: 22                                                                                                                       The SAS System                                                                                       10:40 Wednesday, September 6, 2017
INFO: 
INFO: MPRINT(SMPREPAREDATAFORANALYSIS):   else do;
INFO: MPRINT(SMPREPAREDATAFORANALYSIS):   TreatmentInPeriodText = strip(scan(ARM, split, "-"));
INFO: MPRINT(SMPREPAREDATAFORANALYSIS):   end;
INFO: MPRINT(SMPREPAREDATAFORANALYSIS):   TreatmentInPeriodLength = length(strip(TreatmentInPeriodText));
INFO: MPRINT(SMPREPAREDATAFORANALYSIS):   TreatmentInPeriod = put(TreatmentInPeriodLength, z4.) || "_" || strip(TreatmentInPeriodText);
INFO: MPRINT(SMPREPAREDATAFORANALYSIS):   run;
INFO: 
INFO: NOTE: There were 80 observations read from the data set USER.ADPP.
INFO: NOTE: The data set USER.ADPP has 80 observations and 18 variables.
INFO: NOTE: Compressing data set USER.ADPP decreased size by 33.33 percent.
INFO: Compressed is 2 pages; un-compressed would require 3 pages.
INFO: NOTE: DATA statement used (Total process time):
INFO: real time           0.01 seconds
INFO: cpu time            0.01 seconds
INFO: 
INFO: 
WARNING: WARNING: The text expression &INPUT contains a recursive reference to the macro variable INPUT.  The macro variable will be assigned the null value.
INFO: MPRINT(CHECKSEPARATOR):   data _null_;
INFO: MPRINT(CHECKSEPARATOR):   set user.adpp;
INFO: MPRINT(CHECKSEPARATOR):   call symputx("wrongseparator","0","G");
INFO: MPRINT(CHECKSEPARATOR):   if index(ARM,"Sequence") ne 0 then call symputx("wrongseparator","1","G");
INFO: MPRINT(CHECKSEPARATOR):   run;
INFO: 
INFO: NOTE: There were 80 observations read from the data set USER.ADPP.
INFO: NOTE: DATA statement used (Total process time):
INFO: real time           0.00 seconds
INFO: cpu time            0.00 seconds
INFO: 
INFO: 
INFO: MPRINT(SMPREPAREDATAFORANALYSIS):  ;
INFO: MPRINT(SMPREPAREDATAFORANALYSIS):   proc sort data = user.adpp out = user.w1 nodupkey;
INFO: MPRINT(SMPREPAREDATAFORANALYSIS):   by ARM VISIT PPCAT;
INFO: MPRINT(SMPREPAREDATAFORANALYSIS):   run;
INFO: 
INFO: NOTE: There were 80 observations read from the data set USER.ADPP.
INFO: NOTE: 76 observations with duplicate key values were deleted.
INFO: NOTE: The data set USER.W1 has 4 observations and 18 variables.
INFO: NOTE: Compressing data set USER.W1 increased size by 100.00 percent.
INFO: Compressed is 2 pages; un-compressed would require 1 pages.
INFO: NOTE: PROCEDURE SORT used (Total process time):
INFO: real time           0.00 seconds
INFO: cpu time            0.00 seconds
INFO: 
INFO: 
INFO: MPRINT(SMPREPAREDATAFORANALYSIS):   data user.w1;
INFO: MPRINT(SMPREPAREDATAFORANALYSIS):   set user.w1;
INFO: MPRINT(SMPREPAREDATAFORANALYSIS):   cnt = 1;
INFO: MPRINT(SMPREPAREDATAFORANALYSIS):   run;
INFO: 
INFO: NOTE: There were 4 observations read from the data set USER.W1.
INFO: NOTE: The data set USER.W1 has 4 observations and 19 variables.
INFO: NOTE: Compressing data set USER.W1 increased size by 100.00 percent.
INFO: Compressed is 2 pages; un-compressed would require 1 pages.
INFO: NOTE: DATA statement used (Total process time):
INFO: real time           0.00 seconds
INFO: cpu time            0.00 seconds
INFO: 
INFO: 
INFO: 23                                                                                                                       The SAS System                                                                                       10:40 Wednesday, September 6, 2017
INFO: 
INFO: MPRINT(SMPREPAREDATAFORANALYSIS):   proc summary data = user.w1 nway missing;
INFO: MPRINT(SMPREPAREDATAFORANALYSIS):   class ARM PPCAT;
INFO: MPRINT(SMPREPAREDATAFORANALYSIS):   var cnt;
INFO: MPRINT(SMPREPAREDATAFORANALYSIS):   output out = user.w2 (drop = _type_ _freq_) sum = ;
INFO: MPRINT(SMPREPAREDATAFORANALYSIS):   run;
INFO: 
INFO: NOTE: There were 4 observations read from the data set USER.W1.
INFO: NOTE: The data set USER.W2 has 2 observations and 3 variables.
INFO: NOTE: Compressing data set USER.W2 increased size by 100.00 percent.
INFO: Compressed is 2 pages; un-compressed would require 1 pages.
INFO: NOTE: PROCEDURE SUMMARY used (Total process time):
INFO: real time           0.00 seconds
INFO: cpu time            0.00 seconds
INFO: 
INFO: 
INFO: MPRINT(SMPREPAREDATAFORANALYSIS):   proc sql noprint;
INFO: MPRINT(SMPREPAREDATAFORANALYSIS):   select max(cnt) into :AnalytesPerPeriod from user.w2 ;
INFO: MPRINT(SMPREPAREDATAFORANALYSIS):   quit;
INFO: NOTE: PROCEDURE SQL used (Total process time):
INFO: real time           0.01 seconds
INFO: cpu time            0.01 seconds
INFO: 
INFO: 
INFO: AnalytesPerPeriod =        2
INFO: MPRINT(SMPREPAREDATAFORANALYSIS):   proc sort data = user.adpp;
INFO: MPRINT(SMPREPAREDATAFORANALYSIS):   by USUBJID PPTESTCD PPCAT TreatmentInPeriod VISIT;
INFO: MPRINT(SMPREPAREDATAFORANALYSIS):   *fixme: recent change;
INFO: MPRINT(SMPREPAREDATAFORANALYSIS):   *by &UsubjidVar. &ParameterVar. &AnalyteVar. &PeriodVar.;
INFO: MPRINT(SMPREPAREDATAFORANALYSIS):   run;
INFO: 
INFO: NOTE: There were 80 observations read from the data set USER.ADPP.
INFO: NOTE: The data set USER.ADPP has 80 observations and 18 variables.
INFO: NOTE: Compressing data set USER.ADPP decreased size by 33.33 percent.
INFO: Compressed is 2 pages; un-compressed would require 3 pages.
INFO: NOTE: PROCEDURE SORT used (Total process time):
INFO: real time           0.00 seconds
INFO: cpu time            0.00 seconds
INFO: 
INFO: 
INFO: MPRINT(SMPREPAREDATAFORANALYSIS):   data user.combinations;
INFO: MPRINT(SMPREPAREDATAFORANALYSIS):   set user.adpp;
INFO: MPRINT(SMPREPAREDATAFORANALYSIS):   by USUBJID PPTESTCD PPCAT TreatmentInPeriod VISIT;
INFO: MPRINT(SMPREPAREDATAFORANALYSIS):   *fixme: recent change - added to avoid crossover studies generating comparison that didnt exist;
INFO: MPRINT(SMPREPAREDATAFORANALYSIS):   *fixme: A - B, B - A created A vs B and B vs A - thus no pair;
INFO: MPRINT(SMPREPAREDATAFORANALYSIS):   *by &UsubjidVar. &ParameterVar. &AnalyteVar. &PeriodVar.;
INFO: MPRINT(SMPREPAREDATAFORANALYSIS):   length Combination $200.;
INFO: MPRINT(SMPREPAREDATAFORANALYSIS):   retain Combination;
INFO: MPRINT(SMPREPAREDATAFORANALYSIS):   if first.PPCAT then do;
INFO: MPRINT(SMPREPAREDATAFORANALYSIS):   Combination = strip(TreatmentInPeriodText);
INFO: MPRINT(SMPREPAREDATAFORANALYSIS):   end;
INFO: MPRINT(SMPREPAREDATAFORANALYSIS):   else if not index(Combination, "~vs~") and first.VISIT then do;
INFO: MPRINT(SMPREPAREDATAFORANALYSIS):   if length(Combination) > length(TreatmentInPeriodText) then do;
INFO: MPRINT(SMPREPAREDATAFORANALYSIS):   Combination = strip(TreatmentInPeriodText) || " ~vs~ " || strip(Combination);
INFO: MPRINT(SMPREPAREDATAFORANALYSIS):   end;
INFO: MPRINT(SMPREPAREDATAFORANALYSIS):   else do;
INFO: MPRINT(SMPREPAREDATAFORANALYSIS):   Combination = strip(Combination) || " ~vs~ " || strip(TreatmentInPeriodText);
INFO: MPRINT(SMPREPAREDATAFORANALYSIS):   end;
INFO: MPRINT(SMPREPAREDATAFORANALYSIS):   end;
INFO: 24                                                                                                                       The SAS System                                                                                       10:40 Wednesday, September 6, 2017
INFO: 
INFO: MPRINT(SMPREPAREDATAFORANALYSIS):   if last.PPCAT and findw(Combination, "~vs~") then do;
INFO: MPRINT(SMPREPAREDATAFORANALYSIS):   output;
INFO: MPRINT(SMPREPAREDATAFORANALYSIS):   end;
INFO: MPRINT(SMPREPAREDATAFORANALYSIS):   keep USUBJID PPTESTCD PPCAT Combination;
INFO: MPRINT(SMPREPAREDATAFORANALYSIS):   run;
INFO: 
INFO: NOTE: There were 80 observations read from the data set USER.ADPP.
INFO: NOTE: The data set USER.COMBINATIONS has 40 observations and 4 variables.
INFO: NOTE: Compressing data set USER.COMBINATIONS increased size by 100.00 percent.
INFO: Compressed is 2 pages; un-compressed would require 1 pages.
INFO: NOTE: DATA statement used (Total process time):
INFO: real time           0.00 seconds
INFO: cpu time            0.00 seconds
INFO: 
INFO: 
INFO: MPRINT(SMPREPAREDATAFORANALYSIS):  ;
INFO: MPRINT(SMPREPAREDATAFORANALYSIS):   data user.adpp;
INFO: MPRINT(SMPREPAREDATAFORANALYSIS):   merge user.adpp (in = a) user.combinations (in = b);
INFO: MPRINT(SMPREPAREDATAFORANALYSIS):   by USUBJID PPTESTCD PPCAT;
INFO: MPRINT(SMPREPAREDATAFORANALYSIS):   if a;
INFO: MPRINT(SMPREPAREDATAFORANALYSIS):   run;
INFO: 
INFO: NOTE: There were 80 observations read from the data set USER.ADPP.
INFO: NOTE: There were 40 observations read from the data set USER.COMBINATIONS.
INFO: NOTE: The data set USER.ADPP has 80 observations and 19 variables.
INFO: NOTE: Compressing data set USER.ADPP decreased size by 33.33 percent.
INFO: Compressed is 2 pages; un-compressed would require 3 pages.
INFO: NOTE: DATA statement used (Total process time):
INFO: real time           0.01 seconds
INFO: cpu time            0.01 seconds
INFO: 
INFO: 
INFO: MPRINT(PKVIEWDEMOG):  ;
INFO: sequencevar=ARM
INFO: MPRINT(PKVIEWDEMOG):   data input1;
INFO: MPRINT(PKVIEWDEMOG):   set input1;
INFO: MPRINT(PKVIEWDEMOG):   if indexw(ARM,"SCRNFAIL" )or indexw(ARM,"SCREEN FAILURE" )or indexw(ARM,"Screen Failure" )or indexw(ARM,"screen failure" )or indexw(ARM,"Not Assigned" ) or indexw(ARM,"NOT ASSIGNED" ) or indexw(ARM,"not assigned" ) or
INFO: indexw(ARM,"NOTASSGN" )then delete;
INFO: MPRINT(PKVIEWDEMOG):   run;
INFO: 
INFO: NOTE: There were 10 observations read from the data set USER.INPUT1.
INFO: NOTE: The data set USER.INPUT1 has 8 observations and 12 variables.
INFO: NOTE: Compressing data set USER.INPUT1 increased size by 100.00 percent.
INFO: Compressed is 2 pages; un-compressed would require 1 pages.
INFO: NOTE: DATA statement used (Total process time):
INFO: real time           0.00 seconds
INFO: cpu time            0.00 seconds
INFO: 
INFO: 
INFO: MPRINT(PKVIEWDEMOG):   proc sort data=user.groups;
INFO: MPRINT(PKVIEWDEMOG):   by ARM;
INFO: MPRINT(PKVIEWDEMOG):   run;
INFO: 
INFO: NOTE: Input data set is already sorted, no sorting done.
INFO: NOTE: PROCEDURE SORT used (Total process time):
INFO: real time           0.00 seconds
INFO: cpu time            0.00 seconds
INFO: 
INFO: 25                                                                                                                       The SAS System                                                                                       10:40 Wednesday, September 6, 2017
INFO: 
INFO: 
INFO: MPRINT(PKVIEWDEMOG):   proc sort data=input1;
INFO: MPRINT(PKVIEWDEMOG):   by ARM;
INFO: MPRINT(PKVIEWDEMOG):   run;
INFO: 
INFO: NOTE: There were 8 observations read from the data set USER.INPUT1.
INFO: NOTE: The data set USER.INPUT1 has 8 observations and 12 variables.
INFO: NOTE: Compressing data set USER.INPUT1 increased size by 100.00 percent.
INFO: Compressed is 2 pages; un-compressed would require 1 pages.
INFO: NOTE: PROCEDURE SORT used (Total process time):
INFO: real time           0.00 seconds
INFO: cpu time            0.00 seconds
INFO: 
INFO: 
INFO: MPRINT(PKVIEWDEMOG):   data covinput;
INFO: MPRINT(PKVIEWDEMOG):   merge input1(in=a) user.groups(in=b);
INFO: MPRINT(PKVIEWDEMOG):   by ARM;
INFO: MPRINT(PKVIEWDEMOG):   if a;
INFO: MPRINT(PKVIEWDEMOG):   run;
INFO: 
WARNING: WARNING: Multiple lengths were specified for the BY variable ARM by input data sets. This might cause unexpected results.
INFO: NOTE: There were 8 observations read from the data set USER.INPUT1.
INFO: NOTE: There were 2 observations read from the data set USER.GROUPS.
INFO: NOTE: The data set USER.COVINPUT has 8 observations and 16 variables.
INFO: NOTE: Compressing data set USER.COVINPUT increased size by 100.00 percent.
INFO: Compressed is 2 pages; un-compressed would require 1 pages.
INFO: NOTE: DATA statement used (Total process time):
INFO: real time           0.01 seconds
INFO: cpu time            0.01 seconds
INFO: 
INFO: 
INFO: MPRINT(PKVIEWDEMOG):   proc sql noprint;
INFO: MPRINT(PKVIEWDEMOG):   select distinct cohortdescription into: cohortdescriptionlist separated by "$$$" from covinput;
INFO: MPRINT(PKVIEWDEMOG):   quit;
INFO: NOTE: PROCEDURE SQL used (Total process time):
INFO: real time           0.00 seconds
INFO: cpu time            0.00 seconds
INFO: 
INFO: 
INFO: cohortdescriptionlist=
INFO: 20
