INFO: 1                                                          The SAS System                         10:43 Wednesday, September 6, 2017
INFO: 
INFO: NOTE: Copyright (c) 2002-2012 by SAS Institute Inc., Cary, NC, USA.
INFO: NOTE: SAS (r) Proprietary Software 9.4 (TS1M4)
INFO: Licensed to UNIVERSITY OF ILLINOIS SYSTEM - T&R SFA, Site 70080107.
INFO: NOTE: This session is executing on the X64_10PRO  platform.
INFO: 
INFO: 
INFO: 
INFO: NOTE: Updated analytical products:
INFO: 
INFO: SAS/STAT 14.2
INFO: SAS/ETS 14.2
INFO: SAS/OR 14.2
INFO: SAS/IML 14.2
INFO: SAS/QC 14.2
INFO: 
INFO: NOTE: Additional host information:
INFO: 
INFO: X64_10PRO WIN 10.0.15063  Workstation
INFO: 
INFO: NOTE: SAS Initialization used (Total process time):
INFO: real time           0.00 seconds
INFO: cpu time            0.00 seconds
INFO: 
INFO: 1
INFO: 2          %LET SASSPPATH = C:\OCP\Sasjobs.Standalone\\Stored Procedures;
INFO: 3
INFO: 4          %global SasSpPath;
INFO: 5          options nofmterr compress = yes mprint spool notes msglevel=n linesize = 256
INFO: 6          sasautos = (sasautos "&SasSpPath.\Macros" "&SasSpPath.\Sub Macros");
INFO: 7
INFO: 8          libname user "%sysfunc(getoption(work))" ACCESS=TEMP FILELOCKWAIT=20;
INFO: NOTE: Libref USER refers to the same physical library as WORK.
INFO: NOTE: Libref USER was successfully assigned as follows:
INFO: Engine:        V9
INFO: Physical Name: C:\apps\SAS\SASUser\Peter\SAS Temporary Files\_TD11132_DESKTOP-MP8HDJJ_\Prc37
INFO: 9          %let work = user.;
INFO: 10
INFO: 11         ods path &work.templat(update)
INFO: 12             sasuser.templat(read)
INFO: 13             sashelp.tmplmst(read)
INFO: 14         ;
INFO: 15
INFO: 16         /* Path where NDAs are stored in the server */
INFO: 17         %let inputfolder=\\localhost\clinical\;
INFO: 18
INFO: 19         %PkViewReportForestPlot;
INFO: MPRINT(SMREADMAPPINGSFROMDATASET):   data user.userData;
INFO: MPRINT(SMREADMAPPINGSFROMDATASET):   set websvc.userConfig end = eof;
INFO: MPRINT(SMREADMAPPINGSFROMDATASET):   * FROM USERCONFIG IN FILE '';
INFO: MPRINT(SMREADMAPPINGSFROMDATASET):   if Name="Username" then call symputx("UserName", dequote(value), "G");
INFO: MPRINT(SMREADMAPPINGSFROMDATASET):   if Name="ProfileName" then call symputx("ProfileName", dequote(value), "G");
INFO: MPRINT(SMREADMAPPINGSFROMDATASET):   run;
INFO: NOTE: There were 3 observations read from the data set WEBSVC.USERCONFIG.
INFO: NOTE: The data set USER.USERDATA has 3 observations and 2 variables.
INFO: NOTE: Compressing data set USER.USERDATA increased size by 100.00 percent.
INFO: Compressed is 2 pages; un-compressed would require 1 pages.
INFO: NOTE: DATA statement used (Total process time):
INFO: real time           0.00 seconds
INFO: 2                                                                                                                        The SAS System                                                                                       10:43 Wednesday, September 6, 2017
INFO: 
INFO: cpu time            0.00 seconds
INFO: 
INFO: 
INFO: User: Peter
INFO: Settings Id: 9-6-2017
INFO: MPRINT(SMREADMAPPINGSFROMDATASET):   data user.study;
INFO: MPRINT(SMREADMAPPINGSFROMDATASET):   set websvc.study end = eof;
INFO: MPRINT(SMREADMAPPINGSFROMDATASET):   * FROM STUDY IN FILE '';
INFO: MPRINT(SMREADMAPPINGSFROMDATASET):   if eof then do;
INFO: MPRINT(SMREADMAPPINGSFROMDATASET):   call symputx("StudyType", Type, "G");
INFO: MPRINT(SMREADMAPPINGSFROMDATASET):   call symputx("StudyId", StudyCode, "G");
INFO: MPRINT(SMREADMAPPINGSFROMDATASET):   call symputx("StudyDesign", Design, "G");
INFO: MPRINT(SMREADMAPPINGSFROMDATASET):   call symputx("SubmissionID", Submission, "G");
INFO: MPRINT(SMREADMAPPINGSFROMDATASET):   call symputx("SupplementNum", dequote(Supplement), "G");
INFO: MPRINT(SMREADMAPPINGSFROMDATASET):   call symputx("UseEx", UseEx, "G");
INFO: MPRINT(SMREADMAPPINGSFROMDATASET):   call symputx("UseSuppdm", UseSuppdm, "G");
INFO: MPRINT(SMREADMAPPINGSFROMDATASET):   call symputx("DisablePcCleanup", DisablePcCleanup, "G");
INFO: MPRINT(SMREADMAPPINGSFROMDATASET):   call symputx("UseCustomArms", UseCustomArms, "G");
INFO: MPRINT(SMREADMAPPINGSFROMDATASET):   call symputx("UseCustomPcVisit", UseCustomPcVisit, "G");
INFO: MPRINT(SMREADMAPPINGSFROMDATASET):   call symputx("UseCustomPcPctptnum", UseCustomPcPctptnum, "G");
INFO: MPRINT(SMREADMAPPINGSFROMDATASET):   call symputx("UseCustomPpVisit", UseCustomPpVisit, "G");
INFO: MPRINT(SMREADMAPPINGSFROMDATASET):   end;
INFO: MPRINT(SMREADMAPPINGSFROMDATASET):   run;
INFO: 
INFO: NOTE: There were 1 observations read from the data set WEBSVC.STUDY.
INFO: NOTE: The data set USER.STUDY has 1 observations and 16 variables.
INFO: NOTE: Compressing data set USER.STUDY increased size by 100.00 percent.
INFO: Compressed is 2 pages; un-compressed would require 1 pages.
INFO: NOTE: DATA statement used (Total process time):
INFO: real time           0.01 seconds
INFO: cpu time            0.03 seconds
INFO: 
INFO: 
INFO: Extracted Study Design: PARALLEL
INFO: Extracted Study Type: UNKNOWN
INFO: Extracted Study Id: TEST001
INFO: Extracted Submission Id: DRUG000
INFO: Supplement Number: 0000
INFO: Use EX: 0
INFO: Use SUPPDM: 0
INFO: Use Custom Pc Visit: 1
INFO: Use Custom Pp Visit: 1
INFO: Use Custom Pc pctptnum: 0
INFO: MPRINT(SMREADMAPPINGSFROMDATASET):   data _null_;
INFO: MPRINT(SMREADMAPPINGSFROMDATASET):   set websvc.mapping;
INFO: MPRINT(SMREADMAPPINGSFROMDATASET):   * FROM MAPPING IN FILE '';
INFO: MPRINT(SMREADMAPPINGSFROMDATASET):   if upcase(DOMAIN)="DM" and upcase(STDMVAR)="USUBJID" then call symputx("UsubjidVar",FILEVAR,"G");
INFO: MPRINT(SMREADMAPPINGSFROMDATASET):   if upcase(DOMAIN)="DM" and upcase(STDMVAR)="ARM" then call symputx("ArmVar",FILEVAR,"G");
INFO: MPRINT(SMREADMAPPINGSFROMDATASET):   if upcase(DOMAIN)="DM" and upcase(STDMVAR)="AGE" then call symputx("AgeVar",FILEVAR,"G");
INFO: MPRINT(SMREADMAPPINGSFROMDATASET):   if upcase(DOMAIN)="DM" and upcase(STDMVAR)="SEX" then call symputx("SexVar",FILEVAR,"G");
INFO: MPRINT(SMREADMAPPINGSFROMDATASET):   if upcase(DOMAIN)="DM" and upcase(STDMVAR)="RACE" then call symputx("RaceVar",FILEVAR,"G");
INFO: MPRINT(SMREADMAPPINGSFROMDATASET):   if upcase(DOMAIN)="DM" and upcase(STDMVAR)="COUNTRY" then call symputx("CountryVar",FILEVAR,"G");
INFO: MPRINT(SMREADMAPPINGSFROMDATASET):   if upcase(DOMAIN)="DM" and upcase(STDMVAR)="ETHNIC" then call symputx("EthnicVar",FILEVAR,"G");
INFO: MPRINT(SMREADMAPPINGSFROMDATASET):   if upcase(DOMAIN)="EX" and upcase(STDMVAR)="EXTRT" then call symputx("ExTrtVar",FILEVAR,"G");
INFO: MPRINT(SMREADMAPPINGSFROMDATASET):   if upcase(DOMAIN)="EX" and upcase(STDMVAR)="EXSTDTC" then call symputx("ExStdtcVar",FILEVAR,"G");
INFO: MPRINT(SMREADMAPPINGSFROMDATASET):   if upcase(DOMAIN)="EX" and upcase(STDMVAR)="VISIT" then call symputx("ExVisitVar",FILEVAR,"G");
INFO: MPRINT(SMREADMAPPINGSFROMDATASET):   if upcase(DOMAIN)="PC" and upcase(STDMVAR)="VISIT" then call symputx("PcVisitVar",FILEVAR,"G");
INFO: MPRINT(SMREADMAPPINGSFROMDATASET):   if upcase(DOMAIN)="PC" and upcase(STDMVAR)="PCTEST" then call symputx("PCTESTVar",FILEVAR,"G");
INFO: 3                                                                                                                        The SAS System                                                                                       10:43 Wednesday, September 6, 2017
INFO: 
INFO: MPRINT(SMREADMAPPINGSFROMDATASET):   if upcase(DOMAIN)="PC" and upcase(STDMVAR)="PCSTRESN" then call symputx("PcStresnVar",FILEVAR,"G");
INFO: MPRINT(SMREADMAPPINGSFROMDATASET):   if upcase(DOMAIN)="PC" and upcase(STDMVAR)="PCTPTNUM" then call symputx("PctptnumVar",FILEVAR,"G");
INFO: MPRINT(SMREADMAPPINGSFROMDATASET):   if upcase(DOMAIN)="PP" and upcase(STDMVAR)="VISIT" then call symputx("PpVisitVar",FILEVAR,"G");
INFO: MPRINT(SMREADMAPPINGSFROMDATASET):   if upcase(DOMAIN)="PP" and upcase(STDMVAR)="PPCAT" then call symputx("PpcatVar",FILEVAR,"G");
INFO: MPRINT(SMREADMAPPINGSFROMDATASET):   if upcase(DOMAIN)="PP" and upcase(STDMVAR)="PPSTRESN" then call symputx("PpstresnVar",FILEVAR,"G");
INFO: MPRINT(SMREADMAPPINGSFROMDATASET):   if upcase(DOMAIN)="PP" and upcase(STDMVAR)="PPTESTCD" then call symputx("PptestcdVar",FILEVAR,"G");
INFO: MPRINT(SMREADMAPPINGSFROMDATASET):   run;
INFO: 
INFO: NOTE: There were 15 observations read from the data set WEBSVC.MAPPING.
INFO: NOTE: DATA statement used (Total process time):
INFO: real time           0.00 seconds
INFO: cpu time            0.00 seconds
INFO: 
INFO: 
INFO: MPRINT(SMREADMAPPINGSFROMDATASET):   data user.customPcVisit;
INFO: MPRINT(SMREADMAPPINGSFROMDATASET):   set websvc.customPcVisit;
INFO: MPRINT(SMREADMAPPINGSFROMDATASET):   * FROM CUSTOMPCVISIT IN FILE '';
INFO: MPRINT(SMREADMAPPINGSFROMDATASET):   run;
INFO: NOTE: There were 5 observations read from the data set WEBSVC.CUSTOMPCVISIT.
INFO: NOTE: The data set USER.CUSTOMPCVISIT has 5 observations and 2 variables.
INFO: NOTE: Compressing data set USER.CUSTOMPCVISIT increased size by 100.00 percent.
INFO: Compressed is 2 pages; un-compressed would require 1 pages.
INFO: NOTE: DATA statement used (Total process time):
INFO: real time           0.01 seconds
INFO: cpu time            0.01 seconds
INFO: 
INFO: 
INFO: MPRINT(SMREADMAPPINGSFROMDATASET):   data user.customPpVisit;
INFO: MPRINT(SMREADMAPPINGSFROMDATASET):   set websvc.customPpVisit;
INFO: MPRINT(SMREADMAPPINGSFROMDATASET):   * FROM CUSTOMPPVISIT IN FILE '';
INFO: MPRINT(SMREADMAPPINGSFROMDATASET):   run;
INFO: NOTE: There were 1 observations read from the data set WEBSVC.CUSTOMPPVISIT.
INFO: NOTE: The data set USER.CUSTOMPPVISIT has 1 observations and 2 variables.
INFO: NOTE: Compressing data set USER.CUSTOMPPVISIT increased size by 100.00 percent.
INFO: Compressed is 2 pages; un-compressed would require 1 pages.
INFO: NOTE: DATA statement used (Total process time):
INFO: real time           0.00 seconds
INFO: cpu time            0.00 seconds
INFO: 
INFO: 
INFO: MPRINT(SMREADMAPPINGSFROMDATASET):   data _null_;
INFO: MPRINT(SMREADMAPPINGSFROMDATASET):   set sashelp.vmember(where = (libname = "WEBSVC" and memtype = "DATA"));
INFO: MPRINT(SMREADMAPPINGSFROMDATASET):   if upcase(memname) = "REFERENCES" then call symput("Exist",1);
INFO: MPRINT(SMREADMAPPINGSFROMDATASET):   else call symput("Exist",0);
INFO: MPRINT(SMREADMAPPINGSFROMDATASET):   run;
INFO: 
INFO: NOTE: Numeric values have been converted to character values at the places given by: (Line):(Column).
INFO: 19:166   19:197
INFO: MPRINT(SMREADMAPPINGSFROMDATASET):   _CLASSES_ FROM _SYSTABLES_ IN FILE '';
INFO: NOTE: There were 12 observations read from the data set SASHELP.VMEMBER.
INFO: WHERE (libname='WEBSVC') and (memtype='DATA');
INFO: NOTE: DATA statement used (Total process time):
INFO: real time           0.12 seconds
INFO: cpu time            0.12 seconds
INFO: 
INFO: 
INFO: references exist=           0
INFO: inputfolder=\\localhost\clinical\DRUG000
INFO: 4                                                                                                                        The SAS System                                                                                       10:43 Wednesday, September 6, 2017
INFO: 
INFO: MPRINT(SMLISTFILESINFOLDER):   data user.dirs_found (compress=no);
INFO: MPRINT(SMLISTFILESINFOLDER):   length Root $500.;
INFO: MPRINT(SMLISTFILESINFOLDER):   root = "\\localhost\clinical\DRUG000";
INFO: MPRINT(SMLISTFILESINFOLDER):   output;
INFO: MPRINT(SMLISTFILESINFOLDER):   run;
INFO: 
INFO: NOTE: The data set USER.DIRS_FOUND has 1 observations and 1 variables.
INFO: NOTE: DATA statement used (Total process time):
INFO: real time           0.01 seconds
INFO: cpu time            0.01 seconds
INFO: 
INFO: 
INFO: MPRINT(SMLISTFILESINFOLDER):   data user.dirs_found user.files_found (compress=no);
INFO: MPRINT(SMLISTFILESINFOLDER):   keep Path FileName FileType;
INFO: MPRINT(SMLISTFILESINFOLDER):   length fref $8 Path Filename $500 FileType $16;
INFO: MPRINT(SMLISTFILESINFOLDER):   modify user.dirs_found;
INFO: MPRINT(SMLISTFILESINFOLDER):   Path = root;
INFO: MPRINT(SMLISTFILESINFOLDER):   rc = filename(fref, path);
INFO: MPRINT(SMLISTFILESINFOLDER):   if rc = 0 then do;
INFO: MPRINT(SMLISTFILESINFOLDER):   did = dopen(fref);
INFO: MPRINT(SMLISTFILESINFOLDER):   rc = filename(fref);
INFO: MPRINT(SMLISTFILESINFOLDER):   end;
INFO: MPRINT(SMLISTFILESINFOLDER):   else do;
INFO: MPRINT(SMLISTFILESINFOLDER):   length msg $500.;
INFO: MPRINT(SMLISTFILESINFOLDER):   msg = sysmsg();
INFO: MPRINT(SMLISTFILESINFOLDER):   putlog msg=;
INFO: MPRINT(SMLISTFILESINFOLDER):   did = .;
INFO: MPRINT(SMLISTFILESINFOLDER):   end;
INFO: MPRINT(SMLISTFILESINFOLDER):   if did <= 0 then do;
INFO: MPRINT(SMLISTFILESINFOLDER):   return;
INFO: MPRINT(SMLISTFILESINFOLDER):   end;
INFO: MPRINT(SMLISTFILESINFOLDER):   dnum = dnum(did);
INFO: MPRINT(SMLISTFILESINFOLDER):   do i = 1 to dnum;
INFO: MPRINT(SMLISTFILESINFOLDER):   filename = dread(did, i);
INFO: MPRINT(SMLISTFILESINFOLDER):   fid = mopen(did, filename);
INFO: MPRINT(SMLISTFILESINFOLDER):   if fid > 0 then do;
INFO: MPRINT(SMLISTFILESINFOLDER):   FileType = prxchange('s/.*\.{1,1}(.*)/$1/', 1, filename);
INFO: MPRINT(SMLISTFILESINFOLDER):   if filename = filetype then filetype = ' ';
INFO: MPRINT(SMLISTFILESINFOLDER):   output user.files_found;
INFO: MPRINT(SMLISTFILESINFOLDER):   end;
INFO: MPRINT(SMLISTFILESINFOLDER):   else do;
INFO: MPRINT(SMLISTFILESINFOLDER):   root = catt(path, "\", filename);
INFO: MPRINT(SMLISTFILESINFOLDER):   output user.dirs_found;
INFO: MPRINT(SMLISTFILESINFOLDER):   end;
INFO: MPRINT(SMLISTFILESINFOLDER):   end;
INFO: MPRINT(SMLISTFILESINFOLDER):   rc = dclose(did);
INFO: MPRINT(SMLISTFILESINFOLDER):   run;
INFO: 
INFO: NOTE: The data set USER.DIRS_FOUND has been updated.  There were 0 observations rewritten, 9 observations added and 0 observations deleted.
INFO: NOTE: The data set USER.FILES_FOUND has 8 observations and 3 variables.
INFO: NOTE: DATA statement used (Total process time):
INFO: real time           0.06 seconds
INFO: cpu time            0.04 seconds
INFO: 
INFO: 
INFO: MPRINT(SMLISTFILESINFOLDER):   data user.files(rename = (root = path));
INFO: MPRINT(SMLISTFILESINFOLDER):   set user.dirs_found;
INFO: MPRINT(SMLISTFILESINFOLDER):   run;
INFO: 5                                                                                                                        The SAS System                                                                                       10:43 Wednesday, September 6, 2017
INFO: 
INFO: 
INFO: NOTE: There were 10 observations read from the data set USER.DIRS_FOUND.
INFO: NOTE: The data set USER.FILES has 10 observations and 1 variables.
INFO: NOTE: Compressing data set USER.FILES increased size by 100.00 percent.
INFO: Compressed is 2 pages; un-compressed would require 1 pages.
INFO: NOTE: DATA statement used (Total process time):
INFO: real time           0.00 seconds
INFO: cpu time            0.00 seconds
INFO: 
INFO: 
INFO: MPRINT(SMREADMAPPINGSFROMDATASET):  ;
INFO: MPRINT(SMREADMAPPINGSFROMDATASET):   ** Get the path to the datasets **;
INFO: MPRINT(SMREADMAPPINGSFROMDATASET):   data _null_;
INFO: MPRINT(SMREADMAPPINGSFROMDATASET):   set user.files end = eof;
INFO: MPRINT(SMREADMAPPINGSFROMDATASET):   if scan(upcase(path), -1, "\") = "TEST001" then do;
INFO: MPRINT(SMREADMAPPINGSFROMDATASET):   call symputx("DatasetPath", substr(path, 1, length(path) - length("TEST001") - 1));
INFO: MPRINT(SMREADMAPPINGSFROMDATASET):   stop;
INFO: MPRINT(SMREADMAPPINGSFROMDATASET):   end;
INFO: MPRINT(SMREADMAPPINGSFROMDATASET):   run;
INFO: 
INFO: NOTE: There were 6 observations read from the data set USER.FILES.
INFO: NOTE: DATA statement used (Total process time):
INFO: real time           0.01 seconds
INFO: cpu time            0.01 seconds
INFO: 
INFO: 
INFO: DatasetPath = \\localhost\clinical\DRUG000\0000\m5\datasets
INFO: DataSetPath = \\localhost\clinical\DRUG000\0000\m5\datasets
INFO: StudyId = TEST001
INFO: Continue? - success
INFO: InputDm = \\localhost\clinical\DRUG000\0000\m5\datasets\TEST001\tabulations\sdtm\dm.xpt
INFO: InputPc = \\localhost\clinical\DRUG000\0000\m5\datasets\TEST001\tabulations\sdtm\pc.xpt
INFO: InputPp = \\localhost\clinical\DRUG000\0000\m5\datasets\TEST001\tabulations\sdtm\pp.xpt
INFO: InputEx = \\localhost\clinical\DRUG000\0000\m5\datasets\TEST001\tabulations\sdtm\ex.xpt
INFO: InputEx = \\localhost\clinical\DRUG000\0000\m5\datasets\TEST001\tabulations\sdtm\suppdm.xpt
INFO: InputEx = \\localhost\clinical\DRUG000\0000\m5\datasets\TEST001\tabulations\sdtm\sc.xpt
INFO: MPRINT(SMREADMAPPINGSFROMDATASET):  ;
INFO: DM file path = \\localhost\clinical\DRUG000\0000\m5\datasets\TEST001\tabulations\sdtm\dm.xpt
INFO: EX file path = \\localhost\clinical\DRUG000\0000\m5\datasets\TEST001\tabulations\sdtm\ex.xpt
INFO: PC file path = \\localhost\clinical\DRUG000\0000\m5\datasets\TEST001\tabulations\sdtm\pc.xpt
INFO: PP file path = \\localhost\clinical\DRUG000\0000\m5\datasets\TEST001\tabulations\sdtm\pp.xpt
INFO: UsubjidVar = USUBJID
INFO: ArmVar = ARM
INFO: AgeVar = AGE
INFO: SexVar = SEX
INFO: CountryVar = COUNTRY
INFO: RaceVar = RACE
INFO: EthnicVar =
INFO: ExTrtVar =
INFO: ExVisitVar =
INFO: ExStdtcVar =
INFO: PcstresnVar = PCSTRESN
INFO: PcVisitVar = VISIT
INFO: PctptnumVar = PCTPT
INFO: PpstresnVar = PPSTRESN
INFO: PpVisitVar = VISIT
INFO: PpcatVar = PPCAT
INFO: PptestcdVar = PPTESTCD
INFO: 6                                                                                                                        The SAS System                                                                                       10:43 Wednesday, September 6, 2017
INFO: 
INFO: PpSpecimenVar = PPSPEC
INFO: PcSpecimenVar = PCSPEC
INFO: MPRINT(PKVIEWREPORTFORESTPLOT):  ;
INFO: MPRINT(SMREADREPORTSETTINGSFOREST):   data _null_;
INFO: MPRINT(SMREADREPORTSETTINGSFOREST):   set websvc.reportConfig end = eof;
INFO: MPRINT(SMREADREPORTSETTINGSFOREST):   * FROM REPORTCONFIG IN FILE '';
INFO: MPRINT(SMREADREPORTSETTINGSFOREST):   if Name="Name" then call symputx("ReportFolder", value, "G");
INFO: MPRINT(SMREADREPORTSETTINGSFOREST):   run;
INFO: NOTE: There were 1 observations read from the data set WEBSVC.REPORTCONFIG.
INFO: NOTE: DATA statement used (Total process time):
INFO: real time           0.00 seconds
INFO: cpu time            0.00 seconds
INFO: 
INFO: 
INFO: MPRINT(SMREADREPORTSETTINGSFOREST):   data user.references;
INFO: MPRINT(SMREADREPORTSETTINGSFOREST):   set websvc.references;
INFO: MPRINT(SMREADREPORTSETTINGSFOREST):   * FROM REFERENCES IN FILE '';
INFO: MPRINT(SMREADREPORTSETTINGSFOREST):   run;
INFO: NOTE: There were 1 observations read from the data set WEBSVC.REFERENCES.
INFO: NOTE: The data set USER.REFERENCES has 1 observations and 3 variables.
INFO: NOTE: Compressing data set USER.REFERENCES increased size by 100.00 percent.
INFO: Compressed is 2 pages; un-compressed would require 1 pages.
INFO: NOTE: DATA statement used (Total process time):
INFO: real time           0.00 seconds
INFO: cpu time            0.00 seconds
INFO: 
INFO: 
INFO: MPRINT(SMREADREPORTSETTINGSFOREST):   data user.parameter;
INFO: MPRINT(SMREADREPORTSETTINGSFOREST):   set websvc.parameter;
INFO: MPRINT(SMREADREPORTSETTINGSFOREST):   * FROM PARAMETER IN FILE '';
INFO: MPRINT(SMREADREPORTSETTINGSFOREST):   run;
INFO: NOTE: Compression was disabled for data set USER.PARAMETER because compression overhead would increase the size of the data set.
INFO: NOTE: There were 3 observations read from the data set WEBSVC.PARAMETER.
INFO: NOTE: The data set USER.PARAMETER has 3 observations and 1 variables.
INFO: NOTE: DATA statement used (Total process time):
INFO: real time           0.01 seconds
INFO: cpu time            0.01 seconds
INFO: 
INFO: 
INFO: MPRINT(SMREADREPORTSETTINGSFOREST):   data user.analyte;
INFO: MPRINT(SMREADREPORTSETTINGSFOREST):   set websvc.analyte;
INFO: MPRINT(SMREADREPORTSETTINGSFOREST):   * FROM ANALYTE IN FILE '';
INFO: MPRINT(SMREADREPORTSETTINGSFOREST):   run;
INFO: NOTE: Compression was disabled for data set USER.ANALYTE because compression overhead would increase the size of the data set.
INFO: NOTE: There were 1 observations read from the data set WEBSVC.ANALYTE.
INFO: NOTE: The data set USER.ANALYTE has 1 observations and 1 variables.
INFO: NOTE: DATA statement used (Total process time):
INFO: real time           0.00 seconds
INFO: cpu time            0.00 seconds
INFO: 
INFO: 
INFO: MPRINT(SMREADREPORTSETTINGSFOREST):   data user.method;
INFO: MPRINT(SMREADREPORTSETTINGSFOREST):   set websvc.method;
INFO: MPRINT(SMREADREPORTSETTINGSFOREST):   * FROM METHOD IN FILE '';
INFO: MPRINT(SMREADREPORTSETTINGSFOREST):   run;
INFO: NOTE: Compression was disabled for data set USER.METHOD because compression overhead would increase the size of the data set.
INFO: NOTE: There were 1 observations read from the data set WEBSVC.METHOD.
INFO: NOTE: The data set USER.METHOD has 1 observations and 1 variables.
INFO: 7                                                                                                                        The SAS System                                                                                       10:43 Wednesday, September 6, 2017
INFO: 
INFO: NOTE: DATA statement used (Total process time):
INFO: real time           0.01 seconds
INFO: cpu time            0.01 seconds
INFO: 
INFO: 
INFO: MPRINT(SMREADREPORTSETTINGSFOREST):   data user.sort;
INFO: MPRINT(SMREADREPORTSETTINGSFOREST):   set websvc.sort;
INFO: MPRINT(SMREADREPORTSETTINGSFOREST):   * FROM SORT IN FILE '';
INFO: MPRINT(SMREADREPORTSETTINGSFOREST):   run;
INFO: NOTE: There were 3 observations read from the data set WEBSVC.SORT.
INFO: NOTE: The data set USER.SORT has 3 observations and 2 variables.
INFO: NOTE: Compressing data set USER.SORT increased size by 100.00 percent.
INFO: Compressed is 2 pages; un-compressed would require 1 pages.
INFO: NOTE: DATA statement used (Total process time):
INFO: real time           0.00 seconds
INFO: cpu time            0.00 seconds
INFO: 
INFO: 
INFO: MPRINT(SMREADREPORTSETTINGSFOREST):   data _null_;
INFO: MPRINT(SMREADREPORTSETTINGSFOREST):   set user.sort end = eof;
INFO: MPRINT(SMREADREPORTSETTINGSFOREST):   if Level="files" then call symputx("SortFiles", sortOrder, "G");
INFO: MPRINT(SMREADREPORTSETTINGSFOREST):   run;
INFO: 
INFO: NOTE: There were 3 observations read from the data set USER.SORT.
INFO: NOTE: DATA statement used (Total process time):
INFO: real time           0.00 seconds
INFO: cpu time            0.00 seconds
INFO: 
INFO: 
INFO: MPRINT(SMREADREPORTSETTINGSFOREST):   * created on 06/21/2015 macrovar: cohort, reference, parameteres;
INFO: MPRINT(SMREADREPORTSETTINGSFOREST):   *use ORDER BY for listing references- FIX ME (genreate warning may need fix);
INFO: MPRINT(SMREADREPORTSETTINGSFOREST):   *onetable or by cohort? cohort, reference, parameters,analyte, method;
INFO: MPRINT(SMREADREPORTSETTINGSFOREST):   proc sql noprint;
INFO: MPRINT(SMREADREPORTSETTINGSFOREST):   select distinct cohort into: cohort_sel separated by "$" from user.references;
INFO: MPRINT(SMREADREPORTSETTINGSFOREST):   select distinct reference into :ref_sel separated by "$" from user.references order by cohort;
WARNING: WARNING: The query as specified involves ordering by an item that doesn't appear in its SELECT clause. Since you are ordering the output of a SELECT DISTINCT it may appear that some duplicates have not been eliminated.
INFO: MPRINT(SMREADREPORTSETTINGSFOREST):   select distinct analyte into :anal_sel separated by "$" from user.analyte;
INFO: MPRINT(SMREADREPORTSETTINGSFOREST):   select distinct parameter into :param_sel separated by "$" from user.parameter;
INFO: MPRINT(SMREADREPORTSETTINGSFOREST):   select distinct method into :method_sel separated by "$" from user.method;
INFO: MPRINT(SMREADREPORTSETTINGSFOREST):   quit;
INFO: NOTE: PROCEDURE SQL used (Total process time):
INFO: real time           0.00 seconds
INFO: cpu time            0.00 seconds
INFO: 
INFO: 
INFO: cohort_sel=Cohort
INFO: ref_sel=DRUG 10 MG
INFO: anal_sel=DRUG
INFO: param_sel=AUC$AUC0_T$CMAX
INFO: method_sel=paired
INFO: sortfiles=
INFO: MPRINT(SMREADREPORTSETTINGSFOREST):   proc transpose data=user.sort out=user.sortt;
INFO: MPRINT(SMREADREPORTSETTINGSFOREST):   var sortorder;
INFO: MPRINT(SMREADREPORTSETTINGSFOREST):   run;
INFO: 
INFO: NOTE: There were 3 observations read from the data set USER.SORT.
INFO: NOTE: The data set USER.SORTT has 1 observations and 5 variables.
INFO: NOTE: Compressing data set USER.SORTT increased size by 100.00 percent.
INFO: 8                                                                                                                        The SAS System                                                                                       10:43 Wednesday, September 6, 2017
INFO: 
INFO: Compressed is 2 pages; un-compressed would require 1 pages.
INFO: NOTE: PROCEDURE TRANSPOSE used (Total process time):
INFO: real time           0.01 seconds
INFO: cpu time            0.01 seconds
INFO: 
INFO: 
INFO: MPRINT(SMREADREPORTSETTINGSFOREST):   data user.sortt( keep=COL3 COL2 COL1 _NAME_ rename= (COL3=columns COL2=folders COL1=files _NAME_=LEVEL));
INFO: MPRINT(SMREADREPORTSETTINGSFOREST):   set user.sortt;
INFO: MPRINT(SMREADREPORTSETTINGSFOREST):   run;
INFO: 
INFO: NOTE: There were 1 observations read from the data set USER.SORTT.
INFO: NOTE: The data set USER.SORTT has 1 observations and 4 variables.
INFO: NOTE: Compressing data set USER.SORTT increased size by 100.00 percent.
INFO: Compressed is 2 pages; un-compressed would require 1 pages.
INFO: NOTE: DATA statement used (Total process time):
INFO: real time           0.00 seconds
INFO: cpu time            0.00 seconds
INFO: 
INFO: 
INFO: MPRINT(SMREADREPORTSETTINGSFOREST):   data user.sortt;
INFO: MPRINT(SMREADREPORTSETTINGSFOREST):   set user.sortt;
INFO: MPRINT(SMREADREPORTSETTINGSFOREST):   columns=TRANWRD(columns,",", "@");
INFO: MPRINT(SMREADREPORTSETTINGSFOREST):   run;
INFO: 
INFO: NOTE: There were 1 observations read from the data set USER.SORTT.
INFO: NOTE: The data set USER.SORTT has 1 observations and 4 variables.
INFO: NOTE: Compressing data set USER.SORTT increased size by 100.00 percent.
INFO: Compressed is 2 pages; un-compressed would require 1 pages.
INFO: NOTE: DATA statement used (Total process time):
INFO: real time           0.00 seconds
INFO: cpu time            0.00 seconds
INFO: 
INFO: 
INFO: MPRINT(SMREADREPORTSETTINGSFOREST):   proc sql noprint;
INFO: MPRINT(SMREADREPORTSETTINGSFOREST):   select distinct columns into: sort_list from user.sortt;
INFO: MPRINT(SMREADREPORTSETTINGSFOREST):   quit;
INFO: NOTE: PROCEDURE SQL used (Total process time):
INFO: real time           0.01 seconds
INFO: cpu time            0.01 seconds
INFO: 
INFO: 
INFO: sort_list=parameter@analyte@comparison
INFO: MPRINT(PKVIEWREPORTFORESTPLOT):  ;
INFO: Nda_number=DRUG000
INFO: StudyId=TEST001
INFO: MPRINT(PKVIEWREPORTFORESTPLOT):   libname result "C:\OCP\Sasjobs.Standalone\\Stored Procedures\Output Files\PKView\Peter\9-6-2017\DRUG000\0000\TEST001\estimates";
INFO: NOTE: Libref RESULT was successfully assigned as follows:
INFO: Engine:        V9
INFO: Physical Name: C:\OCP\Sasjobs.Standalone\\Stored Procedures\Output Files\PKView\Peter\9-6-2017\DRUG000\0000\TEST001\estimates
INFO: AnalyteVar=PPCAT
INFO: ParameterVar=PPTESTCD
INFO: sortfiles=
INFO: MPRINT(PKVIEWREPORTFORESTPLOT):   data work.select_1_1_1;
INFO: MPRINT(PKVIEWREPORTFORESTPLOT):   set result.estimates (where = ( CohortDescription = "Cohort" and Reference_L = "DRUG 10 MG" and PPCAT ="DRUG" and PPTESTCD = "AUC" and EstType= "paired" and ratio ne . ));
INFO: MPRINT(PKVIEWREPORTFORESTPLOT):   run;
INFO: 
INFO: NOTE: There were 0 observations read from the data set RESULT.ESTIMATES.
INFO: WHERE (CohortDescription='Cohort') and (Reference_L='DRUG 10 MG') and (PPCAT='DRUG') and (PPTESTCD='AUC') and (EstType='paired') and (ratio not = .);
INFO: 9                                                                                                                        The SAS System                                                                                       10:43 Wednesday, September 6, 2017
INFO: 
INFO: NOTE: The data set WORK.SELECT_1_1_1 has 0 observations and 11 variables.
INFO: NOTE: DATA statement used (Total process time):
INFO: real time           0.00 seconds
INFO: cpu time            0.00 seconds
INFO: 
INFO: 
INFO: MPRINT(PKVIEWREPORTFORESTPLOT):   data work.select_1_1_2;
INFO: MPRINT(PKVIEWREPORTFORESTPLOT):   set result.estimates (where = ( CohortDescription = "Cohort" and Reference_L = "DRUG 10 MG" and PPCAT ="DRUG" and PPTESTCD = "AUC0_T" and EstType= "paired" and ratio ne . ));
INFO: MPRINT(PKVIEWREPORTFORESTPLOT):   run;
INFO: 
INFO: NOTE: There were 3 observations read from the data set RESULT.ESTIMATES.
INFO: WHERE (CohortDescription='Cohort') and (Reference_L='DRUG 10 MG') and (PPCAT='DRUG') and (PPTESTCD='AUC0_T') and (EstType='paired') and (ratio not = .);
INFO: NOTE: The data set WORK.SELECT_1_1_2 has 3 observations and 11 variables.
INFO: NOTE: Compressing data set WORK.SELECT_1_1_2 increased size by 100.00 percent.
INFO: Compressed is 2 pages; un-compressed would require 1 pages.
INFO: NOTE: DATA statement used (Total process time):
INFO: real time           0.00 seconds
INFO: cpu time            0.00 seconds
INFO: 
INFO: 
INFO: MPRINT(PKVIEWREPORTFORESTPLOT):   data work.select_1_1_3;
INFO: MPRINT(PKVIEWREPORTFORESTPLOT):   set result.estimates (where = ( CohortDescription = "Cohort" and Reference_L = "DRUG 10 MG" and PPCAT ="DRUG" and PPTESTCD = "CMAX" and EstType= "paired" and ratio ne . ));
INFO: MPRINT(PKVIEWREPORTFORESTPLOT):   run;
INFO: 
INFO: NOTE: There were 3 observations read from the data set RESULT.ESTIMATES.
INFO: WHERE (CohortDescription='Cohort') and (Reference_L='DRUG 10 MG') and (PPCAT='DRUG') and (PPTESTCD='CMAX') and (EstType='paired') and (ratio not = .);
INFO: NOTE: The data set WORK.SELECT_1_1_3 has 3 observations and 11 variables.
INFO: NOTE: Compressing data set WORK.SELECT_1_1_3 increased size by 100.00 percent.
INFO: Compressed is 2 pages; un-compressed would require 1 pages.
INFO: NOTE: DATA statement used (Total process time):
INFO: real time           0.01 seconds
INFO: cpu time            0.01 seconds
INFO: 
INFO: 
INFO: MPRINT(PKVIEWREPORTFORESTPLOT):   data allcohorts;
INFO: MPRINT(PKVIEWREPORTFORESTPLOT):   set work.select_1_1_1 work.select_1_1_2 work.select_1_1_3 ;
INFO: MPRINT(PKVIEWREPORTFORESTPLOT):   run;
INFO: 
INFO: NOTE: There were 0 observations read from the data set WORK.SELECT_1_1_1.
INFO: NOTE: There were 3 observations read from the data set WORK.SELECT_1_1_2.
INFO: NOTE: There were 3 observations read from the data set WORK.SELECT_1_1_3.
INFO: NOTE: The data set USER.ALLCOHORTS has 6 observations and 11 variables.
INFO: NOTE: Compressing data set USER.ALLCOHORTS increased size by 100.00 percent.
INFO: Compressed is 2 pages; un-compressed would require 1 pages.
INFO: NOTE: DATA statement used (Total process time):
INFO: real time           0.00 seconds
INFO: cpu time            0.00 seconds
INFO: 
INFO: 
INFO: all cohorts in one table
INFO: MPRINT(PKVIEWREPORTFORESTPLOT):   data lengthcheck;
INFO: MPRINT(PKVIEWREPORTFORESTPLOT):   set allcohorts;
INFO: MPRINT(PKVIEWREPORTFORESTPLOT):   length_analytevar=length(strip(PPCAT));
INFO: MPRINT(PKVIEWREPORTFORESTPLOT):   length_combination=length(strip(combination));
INFO: MPRINT(PKVIEWREPORTFORESTPLOT):   run;
INFO: 
INFO: NOTE: There were 6 observations read from the data set USER.ALLCOHORTS.
INFO: NOTE: The data set USER.LENGTHCHECK has 6 observations and 13 variables.
INFO: 10                                                                                                                       The SAS System                                                                                       10:43 Wednesday, September 6, 2017
INFO: 
INFO: NOTE: Compressing data set USER.LENGTHCHECK increased size by 100.00 percent.
INFO: Compressed is 2 pages; un-compressed would require 1 pages.
INFO: NOTE: DATA statement used (Total process time):
INFO: real time           0.00 seconds
INFO: cpu time            0.00 seconds
INFO: 
INFO: 
INFO: MPRINT(PKVIEWREPORTFORESTPLOT):   proc sql;
INFO: MPRINT(PKVIEWREPORTFORESTPLOT):   select max(length_analytevar) as largest_analytevar into: largest_analytevar from lengthcheck ;
INFO: MPRINT(PKVIEWREPORTFORESTPLOT):   select max(length_combination) as largest_combination into: largest_combination from lengthcheck;
INFO: MPRINT(PKVIEWREPORTFORESTPLOT):   quit;
INFO: NOTE: The PROCEDURE SQL printed pages 1-2.
INFO: NOTE: PROCEDURE SQL used (Total process time):
INFO: real time           0.01 seconds
INFO: cpu time            0.01 seconds
INFO: 
INFO: 
INFO: largest_analytevar=       4
INFO: largest_combination=      26
INFO: MPRINT(PKVIEWREPORTFORESTPLOT):   data AllCohorts(rename=(PPCAT=analyte PPTESTCD=parameter CohortNumber=cohort Combination=comparison));
INFO: MPRINT(PKVIEWREPORTFORESTPLOT):   set AllCohorts;
INFO: MPRINT(PKVIEWREPORTFORESTPLOT):   run;
INFO: 
INFO: NOTE: There were 6 observations read from the data set USER.ALLCOHORTS.
INFO: NOTE: The data set USER.ALLCOHORTS has 6 observations and 11 variables.
INFO: NOTE: Compressing data set USER.ALLCOHORTS increased size by 100.00 percent.
INFO: Compressed is 2 pages; un-compressed would require 1 pages.
INFO: NOTE: DATA statement used (Total process time):
INFO: real time           0.01 seconds
INFO: cpu time            0.01 seconds
INFO: 
INFO: 
INFO: MPRINT(PKVIEWREPORTFORESTPLOT):   proc sort data=AllCohorts;
INFO: MPRINT(PKVIEWREPORTFORESTPLOT):   by parameter analyte comparison ;
INFO: MPRINT(PKVIEWREPORTFORESTPLOT):   run;
INFO: 
INFO: NOTE: There were 6 observations read from the data set USER.ALLCOHORTS.
INFO: NOTE: The data set USER.ALLCOHORTS has 6 observations and 11 variables.
INFO: NOTE: Compressing data set USER.ALLCOHORTS increased size by 100.00 percent.
INFO: Compressed is 2 pages; un-compressed would require 1 pages.
INFO: NOTE: PROCEDURE SORT used (Total process time):
INFO: real time           0.00 seconds
INFO: cpu time            0.00 seconds
INFO: 
INFO: 
INFO: MPRINT(PKVIEWREPORTFORESTPLOT):   data AllCohorts;
INFO: MPRINT(PKVIEWREPORTFORESTPLOT):   retain parameter analyte comparison ;
INFO: MPRINT(PKVIEWREPORTFORESTPLOT):   set AllCohorts;
INFO: MPRINT(PKVIEWREPORTFORESTPLOT):   run;
INFO: 
INFO: NOTE: There were 6 observations read from the data set USER.ALLCOHORTS.
INFO: NOTE: The data set USER.ALLCOHORTS has 6 observations and 11 variables.
INFO: NOTE: Compressing data set USER.ALLCOHORTS increased size by 100.00 percent.
INFO: Compressed is 2 pages; un-compressed would require 1 pages.
INFO: NOTE: DATA statement used (Total process time):
INFO: real time           0.00 seconds
INFO: cpu time            0.00 seconds
INFO: 
INFO: 11                                                                                                                       The SAS System                                                                                       10:43 Wednesday, September 6, 2017
INFO: 
INFO: 
INFO: MPRINT(PKVIEWREPORTFORESTPLOT):   data AllCohorts (keep= parameter analyte cohort comparison Reference_L EstType ratio lcl ucl );
INFO: MPRINT(PKVIEWREPORTFORESTPLOT):   set AllCohorts;
INFO: MPRINT(PKVIEWREPORTFORESTPLOT):   run;
INFO: 
INFO: NOTE: There were 6 observations read from the data set USER.ALLCOHORTS.
INFO: NOTE: The data set USER.ALLCOHORTS has 6 observations and 9 variables.
INFO: NOTE: Compressing data set USER.ALLCOHORTS increased size by 100.00 percent.
INFO: Compressed is 2 pages; un-compressed would require 1 pages.
INFO: NOTE: DATA statement used (Total process time):
INFO: real time           0.01 seconds
INFO: cpu time            0.01 seconds
INFO: 
INFO: 
INFO: MPRINT(PKVIEWREPORTFORESTPLOT):   data allcohorts(rename=(PPCAT=analyte PPTESTCD=parameter Combination=comparison));
INFO: MPRINT(PKVIEWREPORTFORESTPLOT):   set allcohorts;
INFO: MPRINT(PKVIEWREPORTFORESTPLOT):   run;
INFO: 
WARNING: WARNING: The variable PPCAT in the DROP, KEEP, or RENAME list has never been referenced.
WARNING: WARNING: The variable PPTESTCD in the DROP, KEEP, or RENAME list has never been referenced.
WARNING: WARNING: The variable Combination in the DROP, KEEP, or RENAME list has never been referenced.
INFO: NOTE: There were 6 observations read from the data set USER.ALLCOHORTS.
INFO: NOTE: The data set USER.ALLCOHORTS has 6 observations and 9 variables.
INFO: NOTE: Compressing data set USER.ALLCOHORTS increased size by 100.00 percent.
INFO: Compressed is 2 pages; un-compressed would require 1 pages.
INFO: NOTE: DATA statement used (Total process time):
INFO: real time           0.00 seconds
INFO: cpu time            0.00 seconds
INFO: 
INFO: 
INFO: MPRINT(PKVIEWREPORTFORESTPLOT):   proc sort data=allcohorts;
INFO: MPRINT(PKVIEWREPORTFORESTPLOT):   by parameter analyte comparison ;
INFO: MPRINT(PKVIEWREPORTFORESTPLOT):   run;
INFO: 
INFO: NOTE: There were 6 observations read from the data set USER.ALLCOHORTS.
INFO: NOTE: The data set USER.ALLCOHORTS has 6 observations and 9 variables.
INFO: NOTE: Compressing data set USER.ALLCOHORTS increased size by 100.00 percent.
INFO: Compressed is 2 pages; un-compressed would require 1 pages.
INFO: NOTE: PROCEDURE SORT used (Total process time):
INFO: real time           0.00 seconds
INFO: cpu time            0.00 seconds
INFO: 
INFO: 
INFO: MPRINT(PKVIEWREPORTFORESTPLOT):   data allcohorts ;
INFO: MPRINT(PKVIEWREPORTFORESTPLOT):   retain parameter analyte comparison ;
INFO: MPRINT(PKVIEWREPORTFORESTPLOT):   set allcohorts;
INFO: MPRINT(PKVIEWREPORTFORESTPLOT):   run;
INFO: 
INFO: NOTE: There were 6 observations read from the data set USER.ALLCOHORTS.
INFO: NOTE: The data set USER.ALLCOHORTS has 6 observations and 9 variables.
INFO: NOTE: Compressing data set USER.ALLCOHORTS increased size by 100.00 percent.
INFO: Compressed is 2 pages; un-compressed would require 1 pages.
INFO: NOTE: DATA statement used (Total process time):
INFO: real time           0.00 seconds
INFO: cpu time            0.00 seconds
INFO: 
INFO: 
INFO: MPRINT(PKVIEWREPORTFORESTPLOT):   data allcohorts;
INFO: 12                                                                                                                       The SAS System                                                                                       10:43 Wednesday, September 6, 2017
INFO: 
INFO: MPRINT(PKVIEWREPORTFORESTPLOT):   length fir sec thi $200.;
INFO: MPRINT(PKVIEWREPORTFORESTPLOT):   format fir sec thi $200.;
INFO: MPRINT(PKVIEWREPORTFORESTPLOT):   drop analyte parameter comparison;
INFO: MPRINT(PKVIEWREPORTFORESTPLOT):   retain fir sec thi ;
INFO: MPRINT(PKVIEWREPORTFORESTPLOT):   set allcohorts;
INFO: MPRINT(PKVIEWREPORTFORESTPLOT):   fir=parameter;
INFO: MPRINT(PKVIEWREPORTFORESTPLOT):   sec=analyte;
INFO: MPRINT(PKVIEWREPORTFORESTPLOT):   thi=comparison;
INFO: MPRINT(PKVIEWREPORTFORESTPLOT):   run;
INFO: 
INFO: NOTE: There were 6 observations read from the data set USER.ALLCOHORTS.
INFO: NOTE: The data set USER.ALLCOHORTS has 6 observations and 9 variables.
INFO: NOTE: Compressing data set USER.ALLCOHORTS increased size by 100.00 percent.
INFO: Compressed is 2 pages; un-compressed would require 1 pages.
INFO: NOTE: DATA statement used (Total process time):
INFO: real time           0.00 seconds
INFO: cpu time            0.00 seconds
INFO: 
INFO: 
INFO: MPRINT(PKVIEWREPORTFORESTPLOT):   proc sort data=allcohorts;
INFO: MPRINT(PKVIEWREPORTFORESTPLOT):   by cohort fir sec thi ;
INFO: MPRINT(PKVIEWREPORTFORESTPLOT):   run;
INFO: 
INFO: NOTE: There were 6 observations read from the data set USER.ALLCOHORTS.
INFO: NOTE: The data set USER.ALLCOHORTS has 6 observations and 9 variables.
INFO: NOTE: Compressing data set USER.ALLCOHORTS increased size by 100.00 percent.
INFO: Compressed is 2 pages; un-compressed would require 1 pages.
INFO: NOTE: PROCEDURE SORT used (Total process time):
INFO: real time           0.00 seconds
INFO: cpu time            0.00 seconds
INFO: 
INFO: 
INFO: MPRINT(PKVIEWREPORTFORESTPLOT):   *1) add blank row;
INFO: MPRINT(PKVIEWREPORTFORESTPLOT):   data input;
INFO: MPRINT(PKVIEWREPORTFORESTPLOT):   set allcohorts;
INFO: MPRINT(PKVIEWREPORTFORESTPLOT):   by Cohort fir;
INFO: MPRINT(PKVIEWREPORTFORESTPLOT):   if first.Cohort then row=0;
INFO: MPRINT(PKVIEWREPORTFORESTPLOT):   if first.fir then row1=0;
INFO: MPRINT(PKVIEWREPORTFORESTPLOT):   row+1;
INFO: MPRINT(PKVIEWREPORTFORESTPLOT):   row1+1;
INFO: MPRINT(PKVIEWREPORTFORESTPLOT):   output;
INFO: MPRINT(PKVIEWREPORTFORESTPLOT):   if last.Cohort then do;
INFO: MPRINT(PKVIEWREPORTFORESTPLOT):   _n_=row;
INFO: MPRINT(PKVIEWREPORTFORESTPLOT):   call missing(of thi CohortDescription EstType ratio lcl ucl combination1 Reference_L );
INFO: MPRINT(PKVIEWREPORTFORESTPLOT):  ;
INFO: MPRINT(PKVIEWREPORTFORESTPLOT):   row = _n_+1;
INFO: MPRINT(PKVIEWREPORTFORESTPLOT):   output;
INFO: MPRINT(PKVIEWREPORTFORESTPLOT):   end;
INFO: MPRINT(PKVIEWREPORTFORESTPLOT):   if last.fir then do;
INFO: MPRINT(PKVIEWREPORTFORESTPLOT):   call missing(of thi CohortDescription EstType ratio lcl ucl combination1 Reference_L );
INFO: MPRINT(PKVIEWREPORTFORESTPLOT):   _n_=row1;
INFO: MPRINT(PKVIEWREPORTFORESTPLOT):   output;
INFO: MPRINT(PKVIEWREPORTFORESTPLOT):   end;
INFO: MPRINT(PKVIEWREPORTFORESTPLOT):   run;
INFO: 
INFO: NOTE: There were 6 observations read from the data set USER.ALLCOHORTS.
INFO: NOTE: The data set USER.INPUT has 9 observations and 13 variables.
INFO: NOTE: Compressing data set USER.INPUT increased size by 100.00 percent.
INFO: 13                                                                                                                       The SAS System                                                                                       10:43 Wednesday, September 6, 2017
INFO: 
INFO: Compressed is 2 pages; un-compressed would require 1 pages.
INFO: NOTE: DATA statement used (Total process time):
INFO: real time           0.00 seconds
INFO: cpu time            0.00 seconds
INFO: 
INFO: 
INFO: MPRINT(PKVIEWREPORTFORESTPLOT):   *2) add . with 1st level-combination, and 2nd level-analyte;
INFO: MPRINT(PKVIEWREPORTFORESTPLOT):   data input;
INFO: MPRINT(PKVIEWREPORTFORESTPLOT):   set input;
INFO: MPRINT(PKVIEWREPORTFORESTPLOT):   by Cohort fir sec;
INFO: MPRINT(PKVIEWREPORTFORESTPLOT):   if not first.Cohort then Cohort= . ;
INFO: MPRINT(PKVIEWREPORTFORESTPLOT):   if not first.fir then fir= .;
INFO: MPRINT(PKVIEWREPORTFORESTPLOT):   if not first.sec then sec=. ;
INFO: MPRINT(PKVIEWREPORTFORESTPLOT):   run;
INFO: 
INFO: NOTE: Numeric values have been converted to character values at the places given by: (Line):(Column).
INFO: 19:210   19:251
INFO: NOTE: There were 9 observations read from the data set USER.INPUT.
INFO: NOTE: The data set USER.INPUT has 9 observations and 13 variables.
INFO: NOTE: Compressing data set USER.INPUT increased size by 100.00 percent.
INFO: Compressed is 2 pages; un-compressed would require 1 pages.
INFO: NOTE: DATA statement used (Total process time):
INFO: real time           0.01 seconds
INFO: cpu time            0.01 seconds
INFO: 
INFO: 
INFO: MPRINT(PKVIEWREPORTFORESTPLOT):   *3) lag the rows;
INFO: MPRINT(PKVIEWREPORTFORESTPLOT):   data laginput;
INFO: MPRINT(PKVIEWREPORTFORESTPLOT):   set input;
INFO: MPRINT(PKVIEWREPORTFORESTPLOT):   sec=lag(sec);
INFO: MPRINT(PKVIEWREPORTFORESTPLOT):   thi=lag(thi);
INFO: MPRINT(PKVIEWREPORTFORESTPLOT):   CohortDescription=lag(CohortDescription);
INFO: MPRINT(PKVIEWREPORTFORESTPLOT):   EstType=lag(EstType);
INFO: MPRINT(PKVIEWREPORTFORESTPLOT):   ratio=lag(ratio);
INFO: MPRINT(PKVIEWREPORTFORESTPLOT):   lcl=lag(lcl);
INFO: MPRINT(PKVIEWREPORTFORESTPLOT):   ucl=lag(ucl);
INFO: MPRINT(PKVIEWREPORTFORESTPLOT):   combination1=lag(combination1);
INFO: MPRINT(PKVIEWREPORTFORESTPLOT):   Reference_L =lag(Reference_L);
INFO: MPRINT(PKVIEWREPORTFORESTPLOT):   cohortlabel=strip(cohort);
INFO: MPRINT(PKVIEWREPORTFORESTPLOT):   firlabel=strip(fir);
INFO: MPRINT(PKVIEWREPORTFORESTPLOT):   seclabel=strip(sec);
INFO: MPRINT(PKVIEWREPORTFORESTPLOT):   thilabel=strip(thi);
INFO: MPRINT(PKVIEWREPORTFORESTPLOT):   run;
INFO: 
INFO: NOTE: Numeric values have been converted to character values at the places given by: (Line):(Column).
INFO: 19:174
INFO: NOTE: There were 9 observations read from the data set USER.INPUT.
INFO: NOTE: The data set USER.LAGINPUT has 9 observations and 17 variables.
INFO: NOTE: Compressing data set USER.LAGINPUT increased size by 100.00 percent.
INFO: Compressed is 2 pages; un-compressed would require 1 pages.
INFO: NOTE: DATA statement used (Total process time):
INFO: real time           0.00 seconds
INFO: cpu time            0.00 seconds
INFO: 
INFO: 
INFO: MPRINT(PKVIEWREPORTFORESTPLOT):   data laginput;
INFO: MPRINT(PKVIEWREPORTFORESTPLOT):   set laginput;
INFO: MPRINT(PKVIEWREPORTFORESTPLOT):   if cohortlabel ne . then cohortlabel= .;
INFO: 14                                                                                                                       The SAS System                                                                                       10:43 Wednesday, September 6, 2017
INFO: 
INFO: MPRINT(PKVIEWREPORTFORESTPLOT):   run;
INFO: 
INFO: NOTE: Character values have been converted to numeric values at the places given by: (Line):(Column).
INFO: 19:122
INFO: NOTE: Numeric values have been converted to character values at the places given by: (Line):(Column).
INFO: 19:157
INFO: NOTE: There were 9 observations read from the data set USER.LAGINPUT.
INFO: NOTE: The data set USER.LAGINPUT has 9 observations and 17 variables.
INFO: NOTE: Compressing data set USER.LAGINPUT increased size by 100.00 percent.
INFO: Compressed is 2 pages; un-compressed would require 1 pages.
INFO: NOTE: DATA statement used (Total process time):
INFO: real time           0.00 seconds
INFO: cpu time            0.00 seconds
INFO: 
INFO: 
INFO: MPRINT(PKVIEWREPORTFORESTPLOT):   *********************************************************** ************all cohorts forest plot********************** ***********************************************************;
INFO: MPRINT(PKVIEWREPORTFORESTPLOT):   data forest_plot;
INFO: MPRINT(PKVIEWREPORTFORESTPLOT):   set laginput;
INFO: MPRINT(PKVIEWREPORTFORESTPLOT):   cohort_lbl="cohort";
INFO: MPRINT(PKVIEWREPORTFORESTPLOT):   fir_lbl = "parameter";
INFO: MPRINT(PKVIEWREPORTFORESTPLOT):   sec_lbl = "analyte";
INFO: MPRINT(PKVIEWREPORTFORESTPLOT):   thi_lbl = "comparison";
INFO: MPRINT(PKVIEWREPORTFORESTPLOT):   ratio_lbl="ratio";
INFO: MPRINT(PKVIEWREPORTFORESTPLOT):   lcl_lbl="lower limit";
INFO: MPRINT(PKVIEWREPORTFORESTPLOT):   ucl_lbl="upper limit";
INFO: MPRINT(PKVIEWREPORTFORESTPLOT):   if _n_=1 then do;
INFO: MPRINT(PKVIEWREPORTFORESTPLOT):   obsid=0;
INFO: MPRINT(PKVIEWREPORTFORESTPLOT):   end;
INFO: MPRINT(PKVIEWREPORTFORESTPLOT):   obsid+1;
INFO: MPRINT(PKVIEWREPORTFORESTPLOT):   output;
INFO: MPRINT(PKVIEWREPORTFORESTPLOT):   run;
INFO: 
INFO: NOTE: There were 9 observations read from the data set USER.LAGINPUT.
INFO: NOTE: The data set USER.FOREST_PLOT has 9 observations and 25 variables.
INFO: NOTE: Compressing data set USER.FOREST_PLOT increased size by 100.00 percent.
INFO: Compressed is 2 pages; un-compressed would require 1 pages.
INFO: NOTE: DATA statement used (Total process time):
INFO: real time           0.01 seconds
INFO: cpu time            0.01 seconds
INFO: 
INFO: 
INFO: MPRINT(PKVIEWREPORTFORESTPLOT):   proc template;
INFO: MPRINT(PKVIEWREPORTFORESTPLOT):   define statgraph ForestPlot;
INFO: MPRINT(PKVIEWREPORTFORESTPLOT):   begingraph / designwidth=1000px designheight=1200px;
INFO: MPRINT(PKVIEWREPORTFORESTPLOT):   entrytitle "The Forest Plot of TEST001 for All Cohorts " / textattrs = (size = 10pt weight = bold) pad = (bottom = 5px);
INFO: MPRINT(PKVIEWREPORTFORESTPLOT):   layout lattice / columns = 5 columnweights=(0.08 0.16 0.16 0.30 0.30);
INFO: MPRINT(PKVIEWREPORTFORESTPLOT):   layout overlay / walldisplay = none xaxisopts= (display = none offsetmin = 0.0 offsetmax = 0.0 tickvalueattrs = (size = 9)) yaxisopts = (reverse = true display = none tickvalueattrs = (weight = bold) offsetmin = 0);
INFO: MPRINT(PKVIEWREPORTFORESTPLOT):   scatterplot y = obsid x = Cohort_lbl / markercharacter =cohortlabel markerattrs = (size = 0);
INFO: MPRINT(PKVIEWREPORTFORESTPLOT):   endlayout;
INFO: MPRINT(PKVIEWREPORTFORESTPLOT):   layout overlay / walldisplay = none xaxisopts = (display =none offsetmin = 0.0 offsetmax = 0.0 tickvalueattrs = (size = 8)) yaxisopts = (reverse = true display = none tickvalueattrs = (weight = bold) offsetmin = 0);
INFO: MPRINT(PKVIEWREPORTFORESTPLOT):   scatterplot y = obsid x = fir_lbl / markercharacter =firlabel markercharacterattrs=(family='Lucida Console' size=7 weight=bold );
INFO: MPRINT(PKVIEWREPORTFORESTPLOT):   scatterplot y = obsid x = fir_lbl / markercharacter =seclabel markerattrs = (size = 0);
INFO: MPRINT(PKVIEWREPORTFORESTPLOT):   endlayout;
INFO: MPRINT(PKVIEWREPORTFORESTPLOT):   layout overlay / walldisplay = none xaxisopts = (display =none offsetmin = 0.0 offsetmax = 0.0 tickvalueattrs = (size = 8)) yaxisopts = (reverse = true display = none tickvalueattrs = (weight = bold) offsetmin = 0);
INFO: MPRINT(PKVIEWREPORTFORESTPLOT):   scatterplot y = obsid x = thi_lbl / markercharacter =thilabel markerattrs = (size = 0);
INFO: MPRINT(PKVIEWREPORTFORESTPLOT):   endlayout;
INFO: MPRINT(PKVIEWREPORTFORESTPLOT):   layout overlay / walldisplay = none yaxisopts = (reverse = true display = none offsetmin = 0) xaxisopts = (tickvalueattrs = (size = 7pt) labelattrs = (size = 7pt) label = "Geometric Mean Ratio of Test to Reference and 90%
INFO: CI");
INFO: 15                                                                                                                       The SAS System                                                                                       10:43 Wednesday, September 6, 2017
INFO: 
INFO: MPRINT(PKVIEWREPORTFORESTPLOT):   *highlowplot y = obsid low = lratio high = uratio;
INFO: MPRINT(PKVIEWREPORTFORESTPLOT):   *scatterplot y = obsid x = ratio / markerattrs = (symbol = diamondfilled);
INFO: MPRINT(PKVIEWREPORTFORESTPLOT):   scatterplot y = obsid x = ratio / xerrorlower = lcl xerrorupper = ucl markerattrs = (size = 0.6pct symbol = squarefilled);
INFO: MPRINT(PKVIEWREPORTFORESTPLOT):   referenceline x = 1;
INFO: MPRINT(PKVIEWREPORTFORESTPLOT):   endlayout;
INFO: MPRINT(PKVIEWREPORTFORESTPLOT):   layout overlay / walldisplay = none x2axisopts = (display = (tickvalues) offsetmin = 0.25 offsetmax = 0.25) yaxisopts = (reverse = true display = none);
INFO: MPRINT(PKVIEWREPORTFORESTPLOT):   scatterplot y = obsid x = ratio_lbl / markercharacter = ratio markercharacterattrs = graphvaluetext xaxis = x2;
INFO: MPRINT(PKVIEWREPORTFORESTPLOT):   scatterplot y = obsid x = lcl_lbl / markercharacter = lcl markercharacterattrs = graphvaluetext xaxis = x2;
INFO: MPRINT(PKVIEWREPORTFORESTPLOT):   scatterplot y = obsid x = ucl_lbl / markercharacter = ucl markercharacterattrs = graphvaluetext xaxis = x2;
INFO: MPRINT(PKVIEWREPORTFORESTPLOT):   endlayout;
INFO: MPRINT(PKVIEWREPORTFORESTPLOT):   layout overlay;
INFO: MPRINT(PKVIEWREPORTFORESTPLOT):   endlayout;
INFO: MPRINT(PKVIEWREPORTFORESTPLOT):   endlayout;
INFO: MPRINT(PKVIEWREPORTFORESTPLOT):   endgraph;
INFO: MPRINT(PKVIEWREPORTFORESTPLOT):   end;
INFO: NOTE: STATGRAPH 'ForestPlot' has been saved to: USER.TEMPLAT
INFO: NOTE: PROCEDURE TEMPLATE used (Total process time):
INFO: real time           0.00 seconds
INFO: cpu time            0.00 seconds
INFO: 
INFO: 
INFO: MPRINT(PKVIEWREPORTFORESTPLOT):   run;
INFO: OutputFolder=C:\OCP\Sasjobs.Standalone\\Stored Procedures\Output Files\PKView\Peter\9-6-2017\DRUG000\0000
INFO: NOTE: The directory has been created at C:\OCP\Sasjobs.Standalone\\Stored Procedures\Output Files\PKView\Peter\9-6-2017\DRUG000\0000\TEST001\Custom Forest Plot
INFO: NOTE: Value of folderpath = C:\OCP\Sasjobs.Standalone\\Stored Procedures\Output Files\PKView\Peter\9-6-2017\DRUG000\0000\TEST001\Custom Forest Plot
INFO: MPRINT(PKVIEWREPORTFORESTPLOT):  ;
INFO: MPRINT(PKVIEWREPORTFORESTPLOT):   options nodate nonumber;
INFO: MPRINT(PKVIEWREPORTFORESTPLOT):   ods listing gpath = " C:\OCP\Sasjobs.Standalone\\Stored Procedures\Output Files\PKView\Peter\9-6-2017\DRUG000\0000\TEST001\Custom Forest Plot";
INFO: MPRINT(PKVIEWREPORTFORESTPLOT):   ods graphics on / noborder imagefmt = png imagename = "TEST001_ForestPlot" width = 1000px height = 1200;
INFO: MPRINT(PKVIEWREPORTFORESTPLOT):   proc sgrender data=forest_plot template = ForestPlot;
INFO: MPRINT(PKVIEWREPORTFORESTPLOT):  run;
INFO: 
INFO: NOTE: Listing image output written to C:\OCP\Sasjobs.Standalone\\Stored Procedures\Output Files\PKView\Peter\9-6-2017\DRUG000\0000\TEST001\Custom Forest Plot\TEST001_ForestPlot.png.
INFO: NOTE: There were 9 observations read from the data set USER.FOREST_PLOT.
INFO: NOTE: PROCEDURE SGRENDER used (Total process time):
INFO: real time           0.17 seconds
INFO: cpu time            0.07 seconds
INFO: 
INFO: 
INFO: MPRINT(PKVIEWREPORTFORESTPLOT):   ods listing close;
INFO: MPRINT(PKVIEWREPORTFORESTPLOT):   ods graphics off;
INFO: 20
